[ 60%] Built target autocert_core
[100%] Built target batch_fk_server
-- Install configuration: ""
-- Execute custom install script
-- Up-to-date symlink: /home/ubuntu/autocert_ws/install/autocert_core/include/autocert_core/autocert_core/collision_checker.hpp
-- Up-to-date symlink: /home/ubuntu/autocert_ws/install/autocert_core/include/autocert_core/autocert_core/workspace_sampler.hpp
-- Up-to-date symlink: /home/ubuntu/autocert_ws/install/autocert_core/share/autocert_core/README.md
-- Up-to-date symlink: /home/ubuntu/autocert_ws/install/autocert_core/share/autocert_core/environment/library_path.sh
-- Up-to-date symlink: /home/ubuntu/autocert_ws/install/autocert_core/share/autocert_core/environment/library_path.dsv
-- Up-to-date symlink: /home/ubuntu/autocert_ws/install/autocert_core/share/ament_index/resource_index/package_run_dependencies/autocert_core
-- Up-to-date symlink: /home/ubuntu/autocert_ws/install/autocert_core/share/ament_index/resource_index/parent_prefix_path/autocert_core
-- Up-to-date symlink: /home/ubuntu/autocert_ws/install/autocert_core/share/autocert_core/environment/ament_prefix_path.sh
-- Up-to-date symlink: /home/ubuntu/autocert_ws/install/autocert_core/share/autocert_core/environment/ament_prefix_path.dsv
-- Up-to-date symlink: /home/ubuntu/autocert_ws/install/autocert_core/share/autocert_core/environment/path.sh
-- Up-to-date symlink: /home/ubuntu/autocert_ws/install/autocert_core/share/autocert_core/environment/path.dsv
-- Up-to-date symlink: /home/ubuntu/autocert_ws/install/autocert_core/share/autocert_core/local_setup.bash
-- Up-to-date symlink: /home/ubuntu/autocert_ws/install/autocert_core/share/autocert_core/local_setup.sh
-- Up-to-date symlink: /home/ubuntu/autocert_ws/install/autocert_core/share/autocert_core/local_setup.zsh
-- Up-to-date symlink: /home/ubuntu/autocert_ws/install/autocert_core/share/autocert_core/local_setup.dsv
-- Symlinking: /home/ubuntu/autocert_ws/install/autocert_core/share/autocert_core/package.dsv
-- Up-to-date symlink: /home/ubuntu/autocert_ws/install/autocert_core/share/ament_index/resource_index/packages/autocert_core
-- Up-to-date symlink: /home/ubuntu/autocert_ws/install/autocert_core/share/autocert_core/cmake/ament_cmake_export_include_directories-extras.cmake
-- Up-to-date symlink: /home/ubuntu/autocert_ws/install/autocert_core/share/autocert_core/cmake/ament_cmake_export_libraries-extras.cmake
-- Up-to-date symlink: /home/ubuntu/autocert_ws/install/autocert_core/share/autocert_core/cmake/ament_cmake_export_targets-extras.cmake
-- Up-to-date symlink: /home/ubuntu/autocert_ws/install/autocert_core/share/autocert_core/cmake/autocert_coreConfig.cmake
-- Up-to-date symlink: /home/ubuntu/autocert_ws/install/autocert_core/share/autocert_core/cmake/autocert_coreConfig-version.cmake
-- Up-to-date symlink: /home/ubuntu/autocert_ws/install/autocert_core/share/autocert_core/package.xml
-- Up-to-date: /home/ubuntu/autocert_ws/install/autocert_core/lib/libautocert_core.so
-- Up-to-date: /home/ubuntu/autocert_ws/install/autocert_core/lib/autocert_core/batch_fk_server
-- Up-to-date: /home/ubuntu/autocert_ws/install/autocert_core/share/autocert_core/cmake/export_autocert_coreExport.cmake
-- Up-to-date: /home/ubuntu/autocert_ws/install/autocert_core/share/autocert_core/cmake/export_autocert_coreExport-noconfig.cmake
