[5.134s] Invoking command in '/home/ubuntu/autocert_ws/build/autocert_python': CMAKE_PREFIX_PATH=/home/ubuntu/autocert_ws/install/autocert_interfaces:/home/ubuntu/autocert_ws/install/autocert_examples:/home/ubuntu/autocert_ws/install/autocert_launch:/home/ubuntu/autocert_ws/install/autocert_core:/opt/ros/jazzy/opt/gz_sim_vendor:/opt/ros/jazzy/opt/gz_sensors_vendor:/opt/ros/jazzy/opt/gz_physics_vendor:/opt/ros/jazzy/opt/sdformat_vendor:/opt/ros/jazzy/opt/gz_gui_vendor:/opt/ros/jazzy/opt/gz_transport_vendor:/opt/ros/jazzy/opt/gz_rendering_vendor:/opt/ros/jazzy/opt/gz_plugin_vendor:/opt/ros/jazzy/opt/gz_fuel_tools_vendor:/opt/ros/jazzy/opt/gz_msgs_vendor:/opt/ros/jazzy/opt/gz_common_vendor:/opt/ros/jazzy/opt/gz_math_vendor:/opt/ros/jazzy/opt/gz_utils_vendor:/opt/ros/jazzy/opt/gz_tools_vendor:/opt/ros/jazzy/opt/gz_ogre_next_vendor:/opt/ros/jazzy/opt/gz_dartsim_vendor:/opt/ros/jazzy/opt/gz_cmake_vendor LD_LIBRARY_PATH=/home/ubuntu/autocert_ws/install/autocert_interfaces/lib:/home/ubuntu/autocert_ws/install/autocert_core/lib:/opt/ros/jazzy/opt/gz_sim_vendor/lib:/opt/ros/jazzy/opt/gz_sensors_vendor/lib:/opt/ros/jazzy/opt/gz_physics_vendor/lib:/opt/ros/jazzy/opt/sdformat_vendor/lib:/opt/ros/jazzy/opt/rviz_ogre_vendor/lib:/opt/ros/jazzy/lib/x86_64-linux-gnu:/opt/ros/jazzy/opt/gz_gui_vendor/lib:/opt/ros/jazzy/opt/gz_transport_vendor/lib:/opt/ros/jazzy/opt/gz_rendering_vendor/lib:/opt/ros/jazzy/opt/gz_plugin_vendor/lib:/opt/ros/jazzy/opt/gz_fuel_tools_vendor/lib:/opt/ros/jazzy/opt/gz_msgs_vendor/lib:/opt/ros/jazzy/opt/gz_common_vendor/lib:/opt/ros/jazzy/opt/gz_math_vendor/lib:/opt/ros/jazzy/opt/gz_utils_vendor/lib:/opt/ros/jazzy/opt/gz_tools_vendor/lib:/opt/ros/jazzy/opt/gz_ogre_next_vendor/lib:/opt/ros/jazzy/opt/gz_dartsim_vendor/lib:/opt/ros/jazzy/opt/gz_cmake_vendor/lib:/opt/ros/jazzy/lib PYTHONPATH=/home/ubuntu/autocert_ws/build/autocert_python/prefix_override:/usr/lib/python3/dist-packages/colcon_core/task/python/colcon_distutils_commands:/home/ubuntu/autocert_ws/install/autocert_python/lib/python3.12/site-packages:/home/ubuntu/autocert_ws/install/autocert_interfaces/lib/python3.12/site-packages:/home/ubuntu/autocert_ws/build/autocert_experiment:/home/ubuntu/autocert_ws/install/autocert_experiment/lib/python3.12/site-packages:/home/ubuntu/autocert_ws/build/autocert_python:/home/ubuntu/autocert_ws/install/autocert_python/lib/python3.12/site-packages:/home/ubuntu/autocert_ws/build/autocert_pipeline:/home/ubuntu/autocert_ws/install/autocert_pipeline/lib/python3.12/site-packages:/home/ubuntu/autocert_ws/build/autocert_evaluation:/home/ubuntu/autocert_ws/install/autocert_evaluation/lib/python3.12/site-packages:/home/ubuntu/autocert_ws/build/autocert_certification:/home/ubuntu/autocert_ws/install/autocert_certification/lib/python3.12/site-packages:/opt/ros/jazzy/lib/python3.12/site-packages /usr/bin/python3 -W ignore:setup.py install is deprecated -W ignore:easy_install command is deprecated setup.py develop --editable --build-directory /home/ubuntu/autocert_ws/build/autocert_python/build --no-deps symlink_data
[7.499s] running develop
[9.349s] running egg_info
[9.349s] creating autocert_python.egg-info
[9.502s] writing autocert_python.egg-info/PKG-INFO
[9.505s] writing dependency_links to autocert_python.egg-info/dependency_links.txt
[9.506s] writing entry points to autocert_python.egg-info/entry_points.txt
[9.507s] writing requirements to autocert_python.egg-info/requires.txt
[9.508s] writing top-level names to autocert_python.egg-info/top_level.txt
[9.508s] writing manifest file 'autocert_python.egg-info/SOURCES.txt'
[9.802s] reading manifest file 'autocert_python.egg-info/SOURCES.txt'
[9.803s] writing manifest file 'autocert_python.egg-info/SOURCES.txt'
[9.925s] running build_ext
[9.926s] Creating /home/ubuntu/autocert_ws/install/autocert_python/lib/python3.12/site-packages/autocert-python.egg-link (link to .)
[9.928s] Installing analyze_workspace script to /home/ubuntu/autocert_ws/install/autocert_python/lib/autocert_python
[9.931s] Installing calibrate_robot script to /home/ubuntu/autocert_ws/install/autocert_python/lib/autocert_python
[9.932s] Installing sample_workspace script to /home/ubuntu/autocert_ws/install/autocert_python/lib/autocert_python
[9.934s] 
[9.934s] Installed /home/ubuntu/autocert_ws/build/autocert_python
[9.935s] running symlink_data
[9.935s] creating /home/ubuntu/autocert_ws/install/autocert_python/share/ament_index
[9.936s] creating /home/ubuntu/autocert_ws/install/autocert_python/share/ament_index/resource_index
[9.939s] creating /home/ubuntu/autocert_ws/install/autocert_python/share/ament_index/resource_index/packages
[9.942s] symbolically linking /home/ubuntu/autocert_ws/build/autocert_python/resource/autocert_python -> /home/ubuntu/autocert_ws/install/autocert_python/share/ament_index/resource_index/packages
[9.944s] symbolically linking /home/ubuntu/autocert_ws/build/autocert_python/package.xml -> /home/ubuntu/autocert_ws/install/autocert_python/share/autocert_python
[9.945s] creating /home/ubuntu/autocert_ws/install/autocert_python/share/autocert_python/launch
[9.952s] creating /home/ubuntu/autocert_ws/install/autocert_python/share/autocert_python/config
[10.099s] Invoked command in '/home/ubuntu/autocert_ws/build/autocert_python' returned '0': CMAKE_PREFIX_PATH=/home/ubuntu/autocert_ws/install/autocert_interfaces:/home/ubuntu/autocert_ws/install/autocert_examples:/home/ubuntu/autocert_ws/install/autocert_launch:/home/ubuntu/autocert_ws/install/autocert_core:/opt/ros/jazzy/opt/gz_sim_vendor:/opt/ros/jazzy/opt/gz_sensors_vendor:/opt/ros/jazzy/opt/gz_physics_vendor:/opt/ros/jazzy/opt/sdformat_vendor:/opt/ros/jazzy/opt/gz_gui_vendor:/opt/ros/jazzy/opt/gz_transport_vendor:/opt/ros/jazzy/opt/gz_rendering_vendor:/opt/ros/jazzy/opt/gz_plugin_vendor:/opt/ros/jazzy/opt/gz_fuel_tools_vendor:/opt/ros/jazzy/opt/gz_msgs_vendor:/opt/ros/jazzy/opt/gz_common_vendor:/opt/ros/jazzy/opt/gz_math_vendor:/opt/ros/jazzy/opt/gz_utils_vendor:/opt/ros/jazzy/opt/gz_tools_vendor:/opt/ros/jazzy/opt/gz_ogre_next_vendor:/opt/ros/jazzy/opt/gz_dartsim_vendor:/opt/ros/jazzy/opt/gz_cmake_vendor LD_LIBRARY_PATH=/home/ubuntu/autocert_ws/install/autocert_interfaces/lib:/home/ubuntu/autocert_ws/install/autocert_core/lib:/opt/ros/jazzy/opt/gz_sim_vendor/lib:/opt/ros/jazzy/opt/gz_sensors_vendor/lib:/opt/ros/jazzy/opt/gz_physics_vendor/lib:/opt/ros/jazzy/opt/sdformat_vendor/lib:/opt/ros/jazzy/opt/rviz_ogre_vendor/lib:/opt/ros/jazzy/lib/x86_64-linux-gnu:/opt/ros/jazzy/opt/gz_gui_vendor/lib:/opt/ros/jazzy/opt/gz_transport_vendor/lib:/opt/ros/jazzy/opt/gz_rendering_vendor/lib:/opt/ros/jazzy/opt/gz_plugin_vendor/lib:/opt/ros/jazzy/opt/gz_fuel_tools_vendor/lib:/opt/ros/jazzy/opt/gz_msgs_vendor/lib:/opt/ros/jazzy/opt/gz_common_vendor/lib:/opt/ros/jazzy/opt/gz_math_vendor/lib:/opt/ros/jazzy/opt/gz_utils_vendor/lib:/opt/ros/jazzy/opt/gz_tools_vendor/lib:/opt/ros/jazzy/opt/gz_ogre_next_vendor/lib:/opt/ros/jazzy/opt/gz_dartsim_vendor/lib:/opt/ros/jazzy/opt/gz_cmake_vendor/lib:/opt/ros/jazzy/lib PYTHONPATH=/home/ubuntu/autocert_ws/build/autocert_python/prefix_override:/usr/lib/python3/dist-packages/colcon_core/task/python/colcon_distutils_commands:/home/ubuntu/autocert_ws/install/autocert_python/lib/python3.12/site-packages:/home/ubuntu/autocert_ws/install/autocert_interfaces/lib/python3.12/site-packages:/home/ubuntu/autocert_ws/build/autocert_experiment:/home/ubuntu/autocert_ws/install/autocert_experiment/lib/python3.12/site-packages:/home/ubuntu/autocert_ws/build/autocert_python:/home/ubuntu/autocert_ws/install/autocert_python/lib/python3.12/site-packages:/home/ubuntu/autocert_ws/build/autocert_pipeline:/home/ubuntu/autocert_ws/install/autocert_pipeline/lib/python3.12/site-packages:/home/ubuntu/autocert_ws/build/autocert_evaluation:/home/ubuntu/autocert_ws/install/autocert_evaluation/lib/python3.12/site-packages:/home/ubuntu/autocert_ws/build/autocert_certification:/home/ubuntu/autocert_ws/install/autocert_certification/lib/python3.12/site-packages:/opt/ros/jazzy/lib/python3.12/site-packages /usr/bin/python3 -W ignore:setup.py install is deprecated -W ignore:easy_install command is deprecated setup.py develop --editable --build-directory /home/ubuntu/autocert_ws/build/autocert_python/build --no-deps symlink_data
