running develop
running egg_info
creating autocert_certification.egg-info
writing autocert_certification.egg-info/PKG-INFO
writing dependency_links to autocert_certification.egg-info/dependency_links.txt
writing entry points to autocert_certification.egg-info/entry_points.txt
writing requirements to autocert_certification.egg-info/requires.txt
writing top-level names to autocert_certification.egg-info/top_level.txt
writing manifest file 'autocert_certification.egg-info/SOURCES.txt'
reading manifest file 'autocert_certification.egg-info/SOURCES.txt'
writing manifest file 'autocert_certification.egg-info/SOURCES.txt'
running build_ext
Creating /home/ubuntu/autocert_ws/install/autocert_certification/lib/python3.12/site-packages/autocert-certification.egg-link (link to .)
Installing certification_node script to /home/ubuntu/autocert_ws/install/autocert_certification/lib/autocert_certification

Installed /home/ubuntu/autocert_ws/build/autocert_certification
running symlink_data
creating /home/ubuntu/autocert_ws/install/autocert_certification/share/ament_index
creating /home/ubuntu/autocert_ws/install/autocert_certification/share/ament_index/resource_index
creating /home/ubuntu/autocert_ws/install/autocert_certification/share/ament_index/resource_index/packages
symbolically linking /home/ubuntu/autocert_ws/build/autocert_certification/resource/autocert_certification -> /home/ubuntu/autocert_ws/install/autocert_certification/share/ament_index/resource_index/packages
symbolically linking /home/ubuntu/autocert_ws/build/autocert_certification/package.xml -> /home/ubuntu/autocert_ws/install/autocert_certification/share/autocert_certification
creating /home/ubuntu/autocert_ws/install/autocert_certification/share/autocert_certification/config
symbolically linking /home/ubuntu/autocert_ws/build/autocert_certification/config/limits.yaml -> /home/ubuntu/autocert_ws/install/autocert_certification/share/autocert_certification/config
symbolically linking /home/ubuntu/autocert_ws/build/autocert_certification/config/robot_metadata.yaml -> /home/ubuntu/autocert_ws/install/autocert_certification/share/autocert_certification/config
