-- The C compiler identification is GNU 13.3.0
-- The CXX compiler identification is GNU 13.3.0
-- Detecting C compiler ABI info
-- Detecting C compiler ABI info - done
-- Check for working C compiler: /usr/bin/cc - skipped
-- Detecting C compile features
-- Detecting C compile features - done
-- Detecting CXX compiler ABI info
-- Detecting CXX compiler ABI info - done
-- Check for working CXX compiler: /usr/bin/c++ - skipped
-- Detecting CXX compile features
-- Detecting CXX compile features - done
-- Found ament_cmake: 2.5.5 (/opt/ros/jazzy/share/ament_cmake/cmake)
-- Found Python3: /usr/bin/python3 (found version "3.12.3") found components: Interpreter 
-- Override CMake install command with custom implementation using symlinks instead of copying resources
-- Configuring done (3.8s)
-- Generating done (0.0s)
-- Build files have been written to: /home/ubuntu/autocert_ws/build/autocert_examples
-- Install configuration: ""
-- Execute custom install script
-- Symlinking: /home/ubuntu/autocert_ws/install/autocert_examples/share/autocert_examples/config/README.md
-- Symlinking: /home/ubuntu/autocert_ws/install/autocert_examples/share/autocert_examples/launch/example_sampling.launch.py
-- Symlinking: /home/ubuntu/autocert_ws/install/autocert_examples/share/autocert_examples/scripts/run_experiment.py
-- Symlinking: /home/ubuntu/autocert_ws/install/autocert_examples/lib/autocert_examples/run_experiment.py
-- Symlinking: /home/ubuntu/autocert_ws/install/autocert_examples/share/ament_index/resource_index/package_run_dependencies/autocert_examples
-- Symlinking: /home/ubuntu/autocert_ws/install/autocert_examples/share/ament_index/resource_index/parent_prefix_path/autocert_examples
-- Symlinking: /home/ubuntu/autocert_ws/install/autocert_examples/share/autocert_examples/environment/ament_prefix_path.sh
-- Symlinking: /home/ubuntu/autocert_ws/install/autocert_examples/share/autocert_examples/environment/ament_prefix_path.dsv
-- Symlinking: /home/ubuntu/autocert_ws/install/autocert_examples/share/autocert_examples/environment/path.sh
-- Symlinking: /home/ubuntu/autocert_ws/install/autocert_examples/share/autocert_examples/environment/path.dsv
-- Symlinking: /home/ubuntu/autocert_ws/install/autocert_examples/share/autocert_examples/local_setup.bash
-- Symlinking: /home/ubuntu/autocert_ws/install/autocert_examples/share/autocert_examples/local_setup.sh
-- Symlinking: /home/ubuntu/autocert_ws/install/autocert_examples/share/autocert_examples/local_setup.zsh
-- Symlinking: /home/ubuntu/autocert_ws/install/autocert_examples/share/autocert_examples/local_setup.dsv
-- Symlinking: /home/ubuntu/autocert_ws/install/autocert_examples/share/autocert_examples/package.dsv
-- Symlinking: /home/ubuntu/autocert_ws/install/autocert_examples/share/ament_index/resource_index/packages/autocert_examples
-- Symlinking: /home/ubuntu/autocert_ws/install/autocert_examples/share/autocert_examples/cmake/autocert_examplesConfig.cmake
-- Symlinking: /home/ubuntu/autocert_ws/install/autocert_examples/share/autocert_examples/cmake/autocert_examplesConfig-version.cmake
-- Symlinking: /home/ubuntu/autocert_ws/install/autocert_examples/share/autocert_examples/package.xml
