[0.045s] Invoking command in '/home/ubuntu/autocert_ws/build/autocert_interfaces': CMAKE_PREFIX_PATH=${CMAKE_PREFIX_PATH}:/home/ubuntu/autocert_ws/install/autocert_experiment:/home/ubuntu/autocert_ws/install/autocert_python:/home/ubuntu/autocert_ws/install/autocert_pipeline:/home/ubuntu/autocert_ws/install/autocert_evaluation:/home/ubuntu/autocert_ws/install/autocert_certification:/opt/ros/jazzy /usr/bin/cmake --build /home/ubuntu/autocert_ws/build/autocert_interfaces -- -j12 -l12
[0.354s] [  1%] Built target autocert_interfaces__rosidl_generator_type_description
[0.402s] [  1%] Built target ament_cmake_python_symlink_autocert_interfaces
[0.480s] [  2%] Built target autocert_interfaces__cpp
[0.533s] [ 26%] Built target autocert_interfaces__rosidl_generator_c
[0.727s] [ 35%] Built target autocert_interfaces__rosidl_typesupport_introspection_c
[0.735s] [ 45%] Built target autocert_interfaces__rosidl_typesupport_introspection_cpp
[0.745s] [ 54%] Built target autocert_interfaces__rosidl_typesupport_c
[0.756s] [ 70%] Built target autocert_interfaces__rosidl_typesupport_fastrtps_c
[0.762s] [ 73%] Built target autocert_interfaces__rosidl_typesupport_fastrtps_cpp
[0.774s] [ 83%] Built target autocert_interfaces__rosidl_typesupport_cpp
[0.899s] [ 83%] Built target autocert_interfaces
[1.026s] [ 84%] Built target autocert_interfaces__py
[1.196s] [ 92%] Built target autocert_interfaces__rosidl_generator_py
[1.338s] [ 95%] Built target autocert_interfaces_s__rosidl_typesupport_fastrtps_c
[1.352s] [ 97%] Built target autocert_interfaces_s__rosidl_typesupport_introspection_c
[1.362s] [100%] Built target autocert_interfaces_s__rosidl_typesupport_c
[1.581s] running egg_info
[1.723s] writing autocert_interfaces.egg-info/PKG-INFO
[1.724s] writing dependency_links to autocert_interfaces.egg-info/dependency_links.txt
[1.725s] writing top-level names to autocert_interfaces.egg-info/top_level.txt
[2.117s] reading manifest file 'autocert_interfaces.egg-info/SOURCES.txt'
[2.118s] writing manifest file 'autocert_interfaces.egg-info/SOURCES.txt'
[2.239s] [100%] Built target ament_cmake_python_build_autocert_interfaces_egg
[2.309s] Invoked command in '/home/ubuntu/autocert_ws/build/autocert_interfaces' returned '0': CMAKE_PREFIX_PATH=${CMAKE_PREFIX_PATH}:/home/ubuntu/autocert_ws/install/autocert_experiment:/home/ubuntu/autocert_ws/install/autocert_python:/home/ubuntu/autocert_ws/install/autocert_pipeline:/home/ubuntu/autocert_ws/install/autocert_evaluation:/home/ubuntu/autocert_ws/install/autocert_certification:/opt/ros/jazzy /usr/bin/cmake --build /home/ubuntu/autocert_ws/build/autocert_interfaces -- -j12 -l12
[2.364s] Invoking command in '/home/ubuntu/autocert_ws/build/autocert_interfaces': CMAKE_PREFIX_PATH=${CMAKE_PREFIX_PATH}:/home/ubuntu/autocert_ws/install/autocert_experiment:/home/ubuntu/autocert_ws/install/autocert_python:/home/ubuntu/autocert_ws/install/autocert_pipeline:/home/ubuntu/autocert_ws/install/autocert_evaluation:/home/ubuntu/autocert_ws/install/autocert_certification:/opt/ros/jazzy /usr/bin/cmake --install /home/ubuntu/autocert_ws/build/autocert_interfaces
[2.410s] -- Install configuration: ""
[2.411s] -- Execute custom install script
[2.412s] -- Up-to-date symlink: /home/ubuntu/autocert_ws/install/autocert_interfaces/share/ament_index/resource_index/rosidl_interfaces/autocert_interfaces
[2.415s] -- Up-to-date symlink: /home/ubuntu/autocert_ws/install/autocert_interfaces/share/autocert_interfaces/msg/PoseMeasurement.json
[2.415s] -- Up-to-date symlink: /home/ubuntu/autocert_ws/install/autocert_interfaces/share/autocert_interfaces/srv/BatchFK.json
[2.416s] -- Up-to-date symlink: /home/ubuntu/autocert_ws/install/autocert_interfaces/share/autocert_interfaces/srv/GetJointLimits.json
[2.416s] -- Up-to-date symlink: /home/ubuntu/autocert_ws/install/autocert_interfaces/share/autocert_interfaces/srv/GetRobotInfo.json
[2.417s] -- Up-to-date symlink: /home/ubuntu/autocert_ws/install/autocert_interfaces/share/autocert_interfaces/srv/CheckCollision.json
[2.417s] -- Up-to-date symlink: /home/ubuntu/autocert_ws/install/autocert_interfaces/share/autocert_interfaces/srv/SampleWorkspace.json
[2.420s] -- Up-to-date symlink: /home/ubuntu/autocert_ws/install/autocert_interfaces/include/autocert_interfaces/autocert_interfaces/msg/detail/pose_measurement__functions.h
[2.421s] -- Up-to-date symlink: /home/ubuntu/autocert_ws/install/autocert_interfaces/include/autocert_interfaces/autocert_interfaces/msg/detail/pose_measurement__struct.h
[2.422s] -- Up-to-date symlink: /home/ubuntu/autocert_ws/install/autocert_interfaces/include/autocert_interfaces/autocert_interfaces/msg/detail/pose_measurement__type_support.h
[2.423s] -- Up-to-date symlink: /home/ubuntu/autocert_ws/install/autocert_interfaces/include/autocert_interfaces/autocert_interfaces/msg/pose_measurement.h
[2.424s] -- Up-to-date symlink: /home/ubuntu/autocert_ws/install/autocert_interfaces/include/autocert_interfaces/autocert_interfaces/msg/rosidl_generator_c__visibility_control.h
[2.424s] -- Up-to-date symlink: /home/ubuntu/autocert_ws/install/autocert_interfaces/include/autocert_interfaces/autocert_interfaces/srv/batch_fk.h
[2.425s] -- Up-to-date symlink: /home/ubuntu/autocert_ws/install/autocert_interfaces/include/autocert_interfaces/autocert_interfaces/srv/check_collision.h
[2.427s] -- Up-to-date symlink: /home/ubuntu/autocert_ws/install/autocert_interfaces/include/autocert_interfaces/autocert_interfaces/srv/detail/batch_fk__functions.h
[2.427s] -- Up-to-date symlink: /home/ubuntu/autocert_ws/install/autocert_interfaces/include/autocert_interfaces/autocert_interfaces/srv/detail/batch_fk__struct.h
[2.428s] -- Up-to-date symlink: /home/ubuntu/autocert_ws/install/autocert_interfaces/include/autocert_interfaces/autocert_interfaces/srv/detail/batch_fk__type_support.h
[2.428s] -- Up-to-date symlink: /home/ubuntu/autocert_ws/install/autocert_interfaces/include/autocert_interfaces/autocert_interfaces/srv/detail/check_collision__functions.h
[2.429s] -- Up-to-date symlink: /home/ubuntu/autocert_ws/install/autocert_interfaces/include/autocert_interfaces/autocert_interfaces/srv/detail/check_collision__struct.h
[2.431s] -- Up-to-date symlink: /home/ubuntu/autocert_ws/install/autocert_interfaces/include/autocert_interfaces/autocert_interfaces/srv/detail/check_collision__type_support.h
[2.432s] -- Up-to-date symlink: /home/ubuntu/autocert_ws/install/autocert_interfaces/include/autocert_interfaces/autocert_interfaces/srv/detail/get_joint_limits__functions.h
[2.433s] -- Up-to-date symlink: /home/ubuntu/autocert_ws/install/autocert_interfaces/include/autocert_interfaces/autocert_interfaces/srv/detail/get_joint_limits__struct.h
[2.434s] -- Up-to-date symlink: /home/ubuntu/autocert_ws/install/autocert_interfaces/include/autocert_interfaces/autocert_interfaces/srv/detail/get_joint_limits__type_support.h
[2.435s] -- Up-to-date symlink: /home/ubuntu/autocert_ws/install/autocert_interfaces/include/autocert_interfaces/autocert_interfaces/srv/detail/get_robot_info__functions.h
[2.435s] -- Up-to-date symlink: /home/ubuntu/autocert_ws/install/autocert_interfaces/include/autocert_interfaces/autocert_interfaces/srv/detail/get_robot_info__struct.h
[2.436s] -- Up-to-date symlink: /home/ubuntu/autocert_ws/install/autocert_interfaces/include/autocert_interfaces/autocert_interfaces/srv/detail/get_robot_info__type_support.h
[2.437s] -- Up-to-date symlink: /home/ubuntu/autocert_ws/install/autocert_interfaces/include/autocert_interfaces/autocert_interfaces/srv/detail/sample_workspace__functions.h
[2.438s] -- Up-to-date symlink: /home/ubuntu/autocert_ws/install/autocert_interfaces/include/autocert_interfaces/autocert_interfaces/srv/detail/sample_workspace__struct.h
[2.439s] -- Up-to-date symlink: /home/ubuntu/autocert_ws/install/autocert_interfaces/include/autocert_interfaces/autocert_interfaces/srv/detail/sample_workspace__type_support.h
[2.440s] -- Up-to-date symlink: /home/ubuntu/autocert_ws/install/autocert_interfaces/include/autocert_interfaces/autocert_interfaces/srv/get_joint_limits.h
[2.440s] -- Up-to-date symlink: /home/ubuntu/autocert_ws/install/autocert_interfaces/include/autocert_interfaces/autocert_interfaces/srv/get_robot_info.h
[2.441s] -- Up-to-date symlink: /home/ubuntu/autocert_ws/install/autocert_interfaces/include/autocert_interfaces/autocert_interfaces/srv/sample_workspace.h
[2.442s] -- Up-to-date symlink: /home/ubuntu/autocert_ws/install/autocert_interfaces/share/autocert_interfaces/environment/library_path.sh
[2.443s] -- Up-to-date symlink: /home/ubuntu/autocert_ws/install/autocert_interfaces/share/autocert_interfaces/environment/library_path.dsv
[2.446s] -- Up-to-date symlink: /home/ubuntu/autocert_ws/install/autocert_interfaces/include/autocert_interfaces/autocert_interfaces/msg/detail/pose_measurement__rosidl_typesupport_fastrtps_c.h
[2.449s] -- Up-to-date symlink: /home/ubuntu/autocert_ws/install/autocert_interfaces/include/autocert_interfaces/autocert_interfaces/msg/rosidl_typesupport_fastrtps_c__visibility_control.h
[2.449s] -- Up-to-date symlink: /home/ubuntu/autocert_ws/install/autocert_interfaces/include/autocert_interfaces/autocert_interfaces/srv/detail/batch_fk__rosidl_typesupport_fastrtps_c.h
[2.449s] -- Up-to-date symlink: /home/ubuntu/autocert_ws/install/autocert_interfaces/include/autocert_interfaces/autocert_interfaces/srv/detail/check_collision__rosidl_typesupport_fastrtps_c.h
[2.450s] -- Up-to-date symlink: /home/ubuntu/autocert_ws/install/autocert_interfaces/include/autocert_interfaces/autocert_interfaces/srv/detail/get_joint_limits__rosidl_typesupport_fastrtps_c.h
[2.450s] -- Up-to-date symlink: /home/ubuntu/autocert_ws/install/autocert_interfaces/include/autocert_interfaces/autocert_interfaces/srv/detail/get_robot_info__rosidl_typesupport_fastrtps_c.h
[2.451s] -- Up-to-date symlink: /home/ubuntu/autocert_ws/install/autocert_interfaces/include/autocert_interfaces/autocert_interfaces/srv/detail/sample_workspace__rosidl_typesupport_fastrtps_c.h
[2.453s] -- Up-to-date symlink: /home/ubuntu/autocert_ws/install/autocert_interfaces/include/autocert_interfaces/autocert_interfaces/msg/detail/pose_measurement__rosidl_typesupport_introspection_c.h
[2.454s] -- Up-to-date symlink: /home/ubuntu/autocert_ws/install/autocert_interfaces/include/autocert_interfaces/autocert_interfaces/msg/rosidl_typesupport_introspection_c__visibility_control.h
[2.455s] -- Up-to-date symlink: /home/ubuntu/autocert_ws/install/autocert_interfaces/include/autocert_interfaces/autocert_interfaces/srv/detail/batch_fk__rosidl_typesupport_introspection_c.h
[2.456s] -- Up-to-date symlink: /home/ubuntu/autocert_ws/install/autocert_interfaces/include/autocert_interfaces/autocert_interfaces/srv/detail/check_collision__rosidl_typesupport_introspection_c.h
[2.457s] -- Up-to-date symlink: /home/ubuntu/autocert_ws/install/autocert_interfaces/include/autocert_interfaces/autocert_interfaces/srv/detail/get_joint_limits__rosidl_typesupport_introspection_c.h
[2.457s] -- Up-to-date symlink: /home/ubuntu/autocert_ws/install/autocert_interfaces/include/autocert_interfaces/autocert_interfaces/srv/detail/get_robot_info__rosidl_typesupport_introspection_c.h
[2.458s] -- Up-to-date symlink: /home/ubuntu/autocert_ws/install/autocert_interfaces/include/autocert_interfaces/autocert_interfaces/srv/detail/sample_workspace__rosidl_typesupport_introspection_c.h
[2.461s] -- Up-to-date symlink: /home/ubuntu/autocert_ws/install/autocert_interfaces/include/autocert_interfaces/autocert_interfaces/msg/detail/pose_measurement__builder.hpp
[2.467s] -- Up-to-date symlink: /home/ubuntu/autocert_ws/install/autocert_interfaces/include/autocert_interfaces/autocert_interfaces/msg/detail/pose_measurement__struct.hpp
[2.467s] -- Up-to-date symlink: /home/ubuntu/autocert_ws/install/autocert_interfaces/include/autocert_interfaces/autocert_interfaces/msg/detail/pose_measurement__traits.hpp
[2.467s] -- Up-to-date symlink: /home/ubuntu/autocert_ws/install/autocert_interfaces/include/autocert_interfaces/autocert_interfaces/msg/detail/pose_measurement__type_support.hpp
[2.468s] -- Up-to-date symlink: /home/ubuntu/autocert_ws/install/autocert_interfaces/include/autocert_interfaces/autocert_interfaces/msg/pose_measurement.hpp
[2.468s] -- Up-to-date symlink: /home/ubuntu/autocert_ws/install/autocert_interfaces/include/autocert_interfaces/autocert_interfaces/msg/rosidl_generator_cpp__visibility_control.hpp
[2.468s] -- Up-to-date symlink: /home/ubuntu/autocert_ws/install/autocert_interfaces/include/autocert_interfaces/autocert_interfaces/srv/batch_fk.hpp
[2.468s] -- Up-to-date symlink: /home/ubuntu/autocert_ws/install/autocert_interfaces/include/autocert_interfaces/autocert_interfaces/srv/check_collision.hpp
[2.469s] -- Up-to-date symlink: /home/ubuntu/autocert_ws/install/autocert_interfaces/include/autocert_interfaces/autocert_interfaces/srv/detail/batch_fk__builder.hpp
[2.469s] -- Up-to-date symlink: /home/ubuntu/autocert_ws/install/autocert_interfaces/include/autocert_interfaces/autocert_interfaces/srv/detail/batch_fk__struct.hpp
[2.469s] -- Up-to-date symlink: /home/ubuntu/autocert_ws/install/autocert_interfaces/include/autocert_interfaces/autocert_interfaces/srv/detail/batch_fk__traits.hpp
[2.470s] -- Up-to-date symlink: /home/ubuntu/autocert_ws/install/autocert_interfaces/include/autocert_interfaces/autocert_interfaces/srv/detail/batch_fk__type_support.hpp
[2.470s] -- Up-to-date symlink: /home/ubuntu/autocert_ws/install/autocert_interfaces/include/autocert_interfaces/autocert_interfaces/srv/detail/check_collision__builder.hpp
[2.471s] -- Up-to-date symlink: /home/ubuntu/autocert_ws/install/autocert_interfaces/include/autocert_interfaces/autocert_interfaces/srv/detail/check_collision__struct.hpp
[2.471s] -- Up-to-date symlink: /home/ubuntu/autocert_ws/install/autocert_interfaces/include/autocert_interfaces/autocert_interfaces/srv/detail/check_collision__traits.hpp
[2.472s] -- Up-to-date symlink: /home/ubuntu/autocert_ws/install/autocert_interfaces/include/autocert_interfaces/autocert_interfaces/srv/detail/check_collision__type_support.hpp
[2.473s] -- Up-to-date symlink: /home/ubuntu/autocert_ws/install/autocert_interfaces/include/autocert_interfaces/autocert_interfaces/srv/detail/get_joint_limits__builder.hpp
[2.474s] -- Up-to-date symlink: /home/ubuntu/autocert_ws/install/autocert_interfaces/include/autocert_interfaces/autocert_interfaces/srv/detail/get_joint_limits__struct.hpp
[2.475s] -- Up-to-date symlink: /home/ubuntu/autocert_ws/install/autocert_interfaces/include/autocert_interfaces/autocert_interfaces/srv/detail/get_joint_limits__traits.hpp
[2.476s] -- Up-to-date symlink: /home/ubuntu/autocert_ws/install/autocert_interfaces/include/autocert_interfaces/autocert_interfaces/srv/detail/get_joint_limits__type_support.hpp
[2.477s] -- Up-to-date symlink: /home/ubuntu/autocert_ws/install/autocert_interfaces/include/autocert_interfaces/autocert_interfaces/srv/detail/get_robot_info__builder.hpp
[2.477s] -- Up-to-date symlink: /home/ubuntu/autocert_ws/install/autocert_interfaces/include/autocert_interfaces/autocert_interfaces/srv/detail/get_robot_info__struct.hpp
[2.478s] -- Up-to-date symlink: /home/ubuntu/autocert_ws/install/autocert_interfaces/include/autocert_interfaces/autocert_interfaces/srv/detail/get_robot_info__traits.hpp
[2.479s] -- Up-to-date symlink: /home/ubuntu/autocert_ws/install/autocert_interfaces/include/autocert_interfaces/autocert_interfaces/srv/detail/get_robot_info__type_support.hpp
[2.480s] -- Up-to-date symlink: /home/ubuntu/autocert_ws/install/autocert_interfaces/include/autocert_interfaces/autocert_interfaces/srv/detail/sample_workspace__builder.hpp
[2.481s] -- Up-to-date symlink: /home/ubuntu/autocert_ws/install/autocert_interfaces/include/autocert_interfaces/autocert_interfaces/srv/detail/sample_workspace__struct.hpp
[2.481s] -- Up-to-date symlink: /home/ubuntu/autocert_ws/install/autocert_interfaces/include/autocert_interfaces/autocert_interfaces/srv/detail/sample_workspace__traits.hpp
[2.482s] -- Up-to-date symlink: /home/ubuntu/autocert_ws/install/autocert_interfaces/include/autocert_interfaces/autocert_interfaces/srv/detail/sample_workspace__type_support.hpp
[2.483s] -- Up-to-date symlink: /home/ubuntu/autocert_ws/install/autocert_interfaces/include/autocert_interfaces/autocert_interfaces/srv/get_joint_limits.hpp
[2.484s] -- Up-to-date symlink: /home/ubuntu/autocert_ws/install/autocert_interfaces/include/autocert_interfaces/autocert_interfaces/srv/get_robot_info.hpp
[2.485s] -- Up-to-date symlink: /home/ubuntu/autocert_ws/install/autocert_interfaces/include/autocert_interfaces/autocert_interfaces/srv/sample_workspace.hpp
[2.489s] -- Up-to-date symlink: /home/ubuntu/autocert_ws/install/autocert_interfaces/include/autocert_interfaces/autocert_interfaces/msg/detail/pose_measurement__rosidl_typesupport_fastrtps_cpp.hpp
[2.490s] -- Up-to-date symlink: /home/ubuntu/autocert_ws/install/autocert_interfaces/include/autocert_interfaces/autocert_interfaces/msg/rosidl_typesupport_fastrtps_cpp__visibility_control.h
[2.491s] -- Up-to-date symlink: /home/ubuntu/autocert_ws/install/autocert_interfaces/include/autocert_interfaces/autocert_interfaces/srv/detail/batch_fk__rosidl_typesupport_fastrtps_cpp.hpp
[2.492s] -- Up-to-date symlink: /home/ubuntu/autocert_ws/install/autocert_interfaces/include/autocert_interfaces/autocert_interfaces/srv/detail/check_collision__rosidl_typesupport_fastrtps_cpp.hpp
[2.494s] -- Up-to-date symlink: /home/ubuntu/autocert_ws/install/autocert_interfaces/include/autocert_interfaces/autocert_interfaces/srv/detail/get_joint_limits__rosidl_typesupport_fastrtps_cpp.hpp
[2.497s] -- Up-to-date symlink: /home/ubuntu/autocert_ws/install/autocert_interfaces/include/autocert_interfaces/autocert_interfaces/srv/detail/get_robot_info__rosidl_typesupport_fastrtps_cpp.hpp
[2.498s] -- Up-to-date symlink: /home/ubuntu/autocert_ws/install/autocert_interfaces/include/autocert_interfaces/autocert_interfaces/srv/detail/sample_workspace__rosidl_typesupport_fastrtps_cpp.hpp
[2.498s] -- Up-to-date symlink: /home/ubuntu/autocert_ws/install/autocert_interfaces/include/autocert_interfaces/autocert_interfaces/msg/detail/pose_measurement__rosidl_typesupport_introspection_cpp.hpp
[2.498s] -- Up-to-date symlink: /home/ubuntu/autocert_ws/install/autocert_interfaces/include/autocert_interfaces/autocert_interfaces/srv/detail/batch_fk__rosidl_typesupport_introspection_cpp.hpp
[2.500s] -- Up-to-date symlink: /home/ubuntu/autocert_ws/install/autocert_interfaces/include/autocert_interfaces/autocert_interfaces/srv/detail/check_collision__rosidl_typesupport_introspection_cpp.hpp
[2.501s] -- Up-to-date symlink: /home/ubuntu/autocert_ws/install/autocert_interfaces/include/autocert_interfaces/autocert_interfaces/srv/detail/get_joint_limits__rosidl_typesupport_introspection_cpp.hpp
[2.501s] -- Up-to-date symlink: /home/ubuntu/autocert_ws/install/autocert_interfaces/include/autocert_interfaces/autocert_interfaces/srv/detail/get_robot_info__rosidl_typesupport_introspection_cpp.hpp
[2.507s] -- Up-to-date symlink: /home/ubuntu/autocert_ws/install/autocert_interfaces/include/autocert_interfaces/autocert_interfaces/srv/detail/sample_workspace__rosidl_typesupport_introspection_cpp.hpp
[2.508s] -- Up-to-date symlink: /home/ubuntu/autocert_ws/install/autocert_interfaces/share/autocert_interfaces/environment/pythonpath.sh
[2.508s] -- Up-to-date symlink: /home/ubuntu/autocert_ws/install/autocert_interfaces/share/autocert_interfaces/environment/pythonpath.dsv
[2.509s] -- Up-to-date symlink: /home/ubuntu/autocert_ws/install/autocert_interfaces/lib/python3.12/site-packages/autocert_interfaces-0.0.0-py3.12.egg-info/PKG-INFO
[2.510s] -- Up-to-date symlink: /home/ubuntu/autocert_ws/install/autocert_interfaces/lib/python3.12/site-packages/autocert_interfaces-0.0.0-py3.12.egg-info/SOURCES.txt
[2.510s] -- Up-to-date symlink: /home/ubuntu/autocert_ws/install/autocert_interfaces/lib/python3.12/site-packages/autocert_interfaces-0.0.0-py3.12.egg-info/dependency_links.txt
[2.512s] -- Up-to-date symlink: /home/ubuntu/autocert_ws/install/autocert_interfaces/lib/python3.12/site-packages/autocert_interfaces-0.0.0-py3.12.egg-info/top_level.txt
[2.513s] -- Up-to-date symlink: /home/ubuntu/autocert_ws/install/autocert_interfaces/lib/python3.12/site-packages/autocert_interfaces/__init__.py
[2.514s] -- Up-to-date symlink: /home/ubuntu/autocert_ws/install/autocert_interfaces/lib/python3.12/site-packages/autocert_interfaces/_autocert_interfaces_s.ep.rosidl_typesupport_c.c
[2.515s] -- Up-to-date symlink: /home/ubuntu/autocert_ws/install/autocert_interfaces/lib/python3.12/site-packages/autocert_interfaces/_autocert_interfaces_s.ep.rosidl_typesupport_fastrtps_c.c
[2.516s] -- Up-to-date symlink: /home/ubuntu/autocert_ws/install/autocert_interfaces/lib/python3.12/site-packages/autocert_interfaces/_autocert_interfaces_s.ep.rosidl_typesupport_introspection_c.c
[2.516s] -- Up-to-date symlink: /home/ubuntu/autocert_ws/install/autocert_interfaces/lib/python3.12/site-packages/autocert_interfaces/autocert_interfaces_s__rosidl_typesupport_c.so
[2.516s] -- Up-to-date symlink: /home/ubuntu/autocert_ws/install/autocert_interfaces/lib/python3.12/site-packages/autocert_interfaces/autocert_interfaces_s__rosidl_typesupport_fastrtps_c.so
[2.517s] -- Up-to-date symlink: /home/ubuntu/autocert_ws/install/autocert_interfaces/lib/python3.12/site-packages/autocert_interfaces/autocert_interfaces_s__rosidl_typesupport_introspection_c.so
[2.517s] -- Up-to-date symlink: /home/ubuntu/autocert_ws/install/autocert_interfaces/lib/python3.12/site-packages/autocert_interfaces/msg/__init__.py
[2.518s] -- Up-to-date symlink: /home/ubuntu/autocert_ws/install/autocert_interfaces/lib/python3.12/site-packages/autocert_interfaces/msg/_pose_measurement.py
[2.518s] -- Up-to-date symlink: /home/ubuntu/autocert_ws/install/autocert_interfaces/lib/python3.12/site-packages/autocert_interfaces/msg/_pose_measurement_s.c
[2.519s] -- Up-to-date symlink: /home/ubuntu/autocert_ws/install/autocert_interfaces/lib/python3.12/site-packages/autocert_interfaces/srv/__init__.py
[2.521s] -- Up-to-date symlink: /home/ubuntu/autocert_ws/install/autocert_interfaces/lib/python3.12/site-packages/autocert_interfaces/srv/_batch_fk.py
[2.521s] -- Up-to-date symlink: /home/ubuntu/autocert_ws/install/autocert_interfaces/lib/python3.12/site-packages/autocert_interfaces/srv/_batch_fk_s.c
[2.521s] -- Up-to-date symlink: /home/ubuntu/autocert_ws/install/autocert_interfaces/lib/python3.12/site-packages/autocert_interfaces/srv/_check_collision.py
[2.522s] -- Up-to-date symlink: /home/ubuntu/autocert_ws/install/autocert_interfaces/lib/python3.12/site-packages/autocert_interfaces/srv/_check_collision_s.c
[2.523s] -- Up-to-date symlink: /home/ubuntu/autocert_ws/install/autocert_interfaces/lib/python3.12/site-packages/autocert_interfaces/srv/_get_joint_limits.py
[2.523s] -- Up-to-date symlink: /home/ubuntu/autocert_ws/install/autocert_interfaces/lib/python3.12/site-packages/autocert_interfaces/srv/_get_joint_limits_s.c
[2.524s] -- Up-to-date symlink: /home/ubuntu/autocert_ws/install/autocert_interfaces/lib/python3.12/site-packages/autocert_interfaces/srv/_get_robot_info.py
[2.525s] -- Up-to-date symlink: /home/ubuntu/autocert_ws/install/autocert_interfaces/lib/python3.12/site-packages/autocert_interfaces/srv/_get_robot_info_s.c
[2.526s] -- Up-to-date symlink: /home/ubuntu/autocert_ws/install/autocert_interfaces/lib/python3.12/site-packages/autocert_interfaces/srv/_sample_workspace.py
[2.526s] -- Up-to-date symlink: /home/ubuntu/autocert_ws/install/autocert_interfaces/lib/python3.12/site-packages/autocert_interfaces/srv/_sample_workspace_s.c
[2.527s] -- Up-to-date symlink: /home/ubuntu/autocert_ws/install/autocert_interfaces/lib/python3.12/site-packages/autocert_interfaces/autocert_interfaces_s__rosidl_typesupport_fastrtps_c.so
[2.528s] -- Up-to-date symlink: /home/ubuntu/autocert_ws/install/autocert_interfaces/lib/python3.12/site-packages/autocert_interfaces/autocert_interfaces_s__rosidl_typesupport_introspection_c.so
[2.530s] -- Up-to-date symlink: /home/ubuntu/autocert_ws/install/autocert_interfaces/lib/python3.12/site-packages/autocert_interfaces/autocert_interfaces_s__rosidl_typesupport_c.so
[2.531s] -- Up-to-date symlink: /home/ubuntu/autocert_ws/install/autocert_interfaces/share/autocert_interfaces/msg/PoseMeasurement.idl
[2.533s] -- Up-to-date symlink: /home/ubuntu/autocert_ws/install/autocert_interfaces/share/autocert_interfaces/srv/BatchFK.idl
[2.534s] -- Up-to-date symlink: /home/ubuntu/autocert_ws/install/autocert_interfaces/share/autocert_interfaces/srv/GetJointLimits.idl
[2.535s] -- Up-to-date symlink: /home/ubuntu/autocert_ws/install/autocert_interfaces/share/autocert_interfaces/srv/GetRobotInfo.idl
[2.535s] -- Up-to-date symlink: /home/ubuntu/autocert_ws/install/autocert_interfaces/share/autocert_interfaces/srv/CheckCollision.idl
[2.536s] -- Up-to-date symlink: /home/ubuntu/autocert_ws/install/autocert_interfaces/share/autocert_interfaces/srv/SampleWorkspace.idl
[2.536s] -- Up-to-date symlink: /home/ubuntu/autocert_ws/install/autocert_interfaces/share/autocert_interfaces/msg/PoseMeasurement.msg
[2.537s] -- Up-to-date symlink: /home/ubuntu/autocert_ws/install/autocert_interfaces/share/autocert_interfaces/srv/BatchFK.srv
[2.539s] -- Up-to-date symlink: /home/ubuntu/autocert_ws/install/autocert_interfaces/share/autocert_interfaces/srv/GetJointLimits.srv
[2.539s] -- Up-to-date symlink: /home/ubuntu/autocert_ws/install/autocert_interfaces/share/autocert_interfaces/srv/GetRobotInfo.srv
[2.540s] -- Up-to-date symlink: /home/ubuntu/autocert_ws/install/autocert_interfaces/share/autocert_interfaces/srv/CheckCollision.srv
[2.541s] -- Up-to-date symlink: /home/ubuntu/autocert_ws/install/autocert_interfaces/share/autocert_interfaces/srv/SampleWorkspace.srv
[2.543s] -- Up-to-date symlink: /home/ubuntu/autocert_ws/install/autocert_interfaces/share/ament_index/resource_index/package_run_dependencies/autocert_interfaces
[2.547s] -- Up-to-date symlink: /home/ubuntu/autocert_ws/install/autocert_interfaces/share/ament_index/resource_index/parent_prefix_path/autocert_interfaces
[2.547s] -- Up-to-date symlink: /home/ubuntu/autocert_ws/install/autocert_interfaces/share/autocert_interfaces/environment/ament_prefix_path.sh
[2.547s] -- Up-to-date symlink: /home/ubuntu/autocert_ws/install/autocert_interfaces/share/autocert_interfaces/environment/ament_prefix_path.dsv
[2.548s] -- Up-to-date symlink: /home/ubuntu/autocert_ws/install/autocert_interfaces/share/autocert_interfaces/environment/path.sh
[2.548s] -- Up-to-date symlink: /home/ubuntu/autocert_ws/install/autocert_interfaces/share/autocert_interfaces/environment/path.dsv
[2.551s] -- Up-to-date symlink: /home/ubuntu/autocert_ws/install/autocert_interfaces/share/autocert_interfaces/local_setup.bash
[2.553s] -- Up-to-date symlink: /home/ubuntu/autocert_ws/install/autocert_interfaces/share/autocert_interfaces/local_setup.sh
[2.553s] -- Up-to-date symlink: /home/ubuntu/autocert_ws/install/autocert_interfaces/share/autocert_interfaces/local_setup.zsh
[2.553s] -- Up-to-date symlink: /home/ubuntu/autocert_ws/install/autocert_interfaces/share/autocert_interfaces/local_setup.dsv
[2.553s] -- Symlinking: /home/ubuntu/autocert_ws/install/autocert_interfaces/share/autocert_interfaces/package.dsv
[2.601s] -- Up-to-date symlink: /home/ubuntu/autocert_ws/install/autocert_interfaces/share/ament_index/resource_index/packages/autocert_interfaces
[2.601s] -- Up-to-date symlink: /home/ubuntu/autocert_ws/install/autocert_interfaces/share/autocert_interfaces/cmake/rosidl_cmake-extras.cmake
[2.607s] -- Up-to-date symlink: /home/ubuntu/autocert_ws/install/autocert_interfaces/share/autocert_interfaces/cmake/ament_cmake_export_dependencies-extras.cmake
[2.607s] -- Up-to-date symlink: /home/ubuntu/autocert_ws/install/autocert_interfaces/share/autocert_interfaces/cmake/ament_cmake_export_include_directories-extras.cmake
[2.607s] -- Up-to-date symlink: /home/ubuntu/autocert_ws/install/autocert_interfaces/share/autocert_interfaces/cmake/ament_cmake_export_libraries-extras.cmake
[2.608s] -- Up-to-date symlink: /home/ubuntu/autocert_ws/install/autocert_interfaces/share/autocert_interfaces/cmake/ament_cmake_export_targets-extras.cmake
[2.608s] -- Up-to-date symlink: /home/ubuntu/autocert_ws/install/autocert_interfaces/share/autocert_interfaces/cmake/rosidl_cmake_export_typesupport_targets-extras.cmake
[2.608s] -- Up-to-date symlink: /home/ubuntu/autocert_ws/install/autocert_interfaces/share/autocert_interfaces/cmake/rosidl_cmake_export_typesupport_libraries-extras.cmake
[2.609s] -- Up-to-date symlink: /home/ubuntu/autocert_ws/install/autocert_interfaces/share/autocert_interfaces/cmake/autocert_interfacesConfig.cmake
[2.611s] -- Up-to-date symlink: /home/ubuntu/autocert_ws/install/autocert_interfaces/share/autocert_interfaces/cmake/autocert_interfacesConfig-version.cmake
[2.612s] -- Up-to-date symlink: /home/ubuntu/autocert_ws/install/autocert_interfaces/share/autocert_interfaces/package.xml
[2.613s] -- Up-to-date: /home/ubuntu/autocert_ws/install/autocert_interfaces/lib/libautocert_interfaces__rosidl_generator_c.so
[2.613s] -- Up-to-date: /home/ubuntu/autocert_ws/install/autocert_interfaces/lib/libautocert_interfaces__rosidl_typesupport_fastrtps_c.so
[2.615s] -- Up-to-date: /home/ubuntu/autocert_ws/install/autocert_interfaces/lib/libautocert_interfaces__rosidl_typesupport_introspection_c.so
[2.616s] -- Up-to-date: /home/ubuntu/autocert_ws/install/autocert_interfaces/lib/libautocert_interfaces__rosidl_typesupport_c.so
[2.617s] -- Up-to-date: /home/ubuntu/autocert_ws/install/autocert_interfaces/lib/libautocert_interfaces__rosidl_typesupport_fastrtps_cpp.so
[2.619s] -- Up-to-date: /home/ubuntu/autocert_ws/install/autocert_interfaces/lib/libautocert_interfaces__rosidl_typesupport_introspection_cpp.so
[2.620s] -- Up-to-date: /home/ubuntu/autocert_ws/install/autocert_interfaces/lib/libautocert_interfaces__rosidl_typesupport_cpp.so
[2.796s] Listing '/home/ubuntu/autocert_ws/install/autocert_interfaces/lib/python3.12/site-packages/autocert_interfaces'...
[2.796s] Listing '/home/ubuntu/autocert_ws/install/autocert_interfaces/lib/python3.12/site-packages/autocert_interfaces/msg'...
[2.796s] Listing '/home/ubuntu/autocert_ws/install/autocert_interfaces/lib/python3.12/site-packages/autocert_interfaces/srv'...
[2.817s] -- Up-to-date: /home/ubuntu/autocert_ws/install/autocert_interfaces/lib/libautocert_interfaces__rosidl_generator_py.so
[2.819s] -- Up-to-date: /home/ubuntu/autocert_ws/install/autocert_interfaces/share/autocert_interfaces/cmake/export_autocert_interfaces__rosidl_generator_cExport.cmake
[2.819s] -- Up-to-date: /home/ubuntu/autocert_ws/install/autocert_interfaces/share/autocert_interfaces/cmake/export_autocert_interfaces__rosidl_generator_cExport-noconfig.cmake
[2.820s] -- Up-to-date: /home/ubuntu/autocert_ws/install/autocert_interfaces/share/autocert_interfaces/cmake/export_autocert_interfaces__rosidl_typesupport_fastrtps_cExport.cmake
[2.827s] -- Up-to-date: /home/ubuntu/autocert_ws/install/autocert_interfaces/share/autocert_interfaces/cmake/export_autocert_interfaces__rosidl_typesupport_fastrtps_cExport-noconfig.cmake
[2.827s] -- Up-to-date: /home/ubuntu/autocert_ws/install/autocert_interfaces/share/autocert_interfaces/cmake/autocert_interfaces__rosidl_typesupport_introspection_cExport.cmake
[2.828s] -- Up-to-date: /home/ubuntu/autocert_ws/install/autocert_interfaces/share/autocert_interfaces/cmake/autocert_interfaces__rosidl_typesupport_introspection_cExport-noconfig.cmake
[2.828s] -- Up-to-date: /home/ubuntu/autocert_ws/install/autocert_interfaces/share/autocert_interfaces/cmake/autocert_interfaces__rosidl_typesupport_cExport.cmake
[2.828s] -- Up-to-date: /home/ubuntu/autocert_ws/install/autocert_interfaces/share/autocert_interfaces/cmake/autocert_interfaces__rosidl_typesupport_cExport-noconfig.cmake
[2.829s] -- Up-to-date: /home/ubuntu/autocert_ws/install/autocert_interfaces/share/autocert_interfaces/cmake/export_autocert_interfaces__rosidl_generator_cppExport.cmake
[2.829s] -- Up-to-date: /home/ubuntu/autocert_ws/install/autocert_interfaces/share/autocert_interfaces/cmake/export_autocert_interfaces__rosidl_typesupport_fastrtps_cppExport.cmake
[2.829s] -- Up-to-date: /home/ubuntu/autocert_ws/install/autocert_interfaces/share/autocert_interfaces/cmake/export_autocert_interfaces__rosidl_typesupport_fastrtps_cppExport-noconfig.cmake
[2.830s] -- Up-to-date: /home/ubuntu/autocert_ws/install/autocert_interfaces/share/autocert_interfaces/cmake/autocert_interfaces__rosidl_typesupport_introspection_cppExport.cmake
[2.830s] -- Up-to-date: /home/ubuntu/autocert_ws/install/autocert_interfaces/share/autocert_interfaces/cmake/autocert_interfaces__rosidl_typesupport_introspection_cppExport-noconfig.cmake
[2.831s] -- Up-to-date: /home/ubuntu/autocert_ws/install/autocert_interfaces/share/autocert_interfaces/cmake/autocert_interfaces__rosidl_typesupport_cppExport.cmake
[2.831s] -- Up-to-date: /home/ubuntu/autocert_ws/install/autocert_interfaces/share/autocert_interfaces/cmake/autocert_interfaces__rosidl_typesupport_cppExport-noconfig.cmake
[2.832s] -- Up-to-date: /home/ubuntu/autocert_ws/install/autocert_interfaces/share/autocert_interfaces/cmake/export_autocert_interfaces__rosidl_generator_pyExport.cmake
[2.832s] -- Up-to-date: /home/ubuntu/autocert_ws/install/autocert_interfaces/share/autocert_interfaces/cmake/export_autocert_interfaces__rosidl_generator_pyExport-noconfig.cmake
[2.835s] Invoked command in '/home/ubuntu/autocert_ws/build/autocert_interfaces' returned '0': CMAKE_PREFIX_PATH=${CMAKE_PREFIX_PATH}:/home/ubuntu/autocert_ws/install/autocert_experiment:/home/ubuntu/autocert_ws/install/autocert_python:/home/ubuntu/autocert_ws/install/autocert_pipeline:/home/ubuntu/autocert_ws/install/autocert_evaluation:/home/ubuntu/autocert_ws/install/autocert_certification:/opt/ros/jazzy /usr/bin/cmake --install /home/ubuntu/autocert_ws/build/autocert_interfaces
