-- Install configuration: ""
-- Execute custom install script
-- Up-to-date symlink: /home/ubuntu/autocert_ws/install/autocert_launch/share/autocert_launch/launch/example_sampling.launch.py
-- Up-to-date symlink: /home/ubuntu/autocert_ws/install/autocert_launch/share/autocert_launch/launch/sampling_pipeline.launch.py
-- Up-to-date symlink: /home/ubuntu/autocert_ws/install/autocert_launch/share/autocert_launch/config/default_params.yaml
-- Up-to-date symlink: /home/ubuntu/autocert_ws/install/autocert_launch/share/ament_index/resource_index/package_run_dependencies/autocert_launch
-- Up-to-date symlink: /home/ubuntu/autocert_ws/install/autocert_launch/share/ament_index/resource_index/parent_prefix_path/autocert_launch
-- Up-to-date symlink: /home/ubuntu/autocert_ws/install/autocert_launch/share/autocert_launch/environment/ament_prefix_path.sh
-- Up-to-date symlink: /home/ubuntu/autocert_ws/install/autocert_launch/share/autocert_launch/environment/ament_prefix_path.dsv
-- Up-to-date symlink: /home/ubuntu/autocert_ws/install/autocert_launch/share/autocert_launch/environment/path.sh
-- Up-to-date symlink: /home/ubuntu/autocert_ws/install/autocert_launch/share/autocert_launch/environment/path.dsv
-- Up-to-date symlink: /home/ubuntu/autocert_ws/install/autocert_launch/share/autocert_launch/local_setup.bash
-- Up-to-date symlink: /home/ubuntu/autocert_ws/install/autocert_launch/share/autocert_launch/local_setup.sh
-- Up-to-date symlink: /home/ubuntu/autocert_ws/install/autocert_launch/share/autocert_launch/local_setup.zsh
-- Up-to-date symlink: /home/ubuntu/autocert_ws/install/autocert_launch/share/autocert_launch/local_setup.dsv
-- Symlinking: /home/ubuntu/autocert_ws/install/autocert_launch/share/autocert_launch/package.dsv
-- Up-to-date symlink: /home/ubuntu/autocert_ws/install/autocert_launch/share/ament_index/resource_index/packages/autocert_launch
-- Up-to-date symlink: /home/ubuntu/autocert_ws/install/autocert_launch/share/autocert_launch/cmake/autocert_launchConfig.cmake
-- Up-to-date symlink: /home/ubuntu/autocert_ws/install/autocert_launch/share/autocert_launch/cmake/autocert_launchConfig-version.cmake
-- Up-to-date symlink: /home/ubuntu/autocert_ws/install/autocert_launch/share/autocert_launch/package.xml
