-- The C compiler identification is GNU 13.3.0
-- The CXX compiler identification is GNU 13.3.0
-- Detecting C compiler ABI info
-- Detecting C compiler ABI info - done
-- Check for working C compiler: /usr/bin/cc - skipped
-- Detecting C compile features
-- Detecting C compile features - done
-- Detecting CXX compiler ABI info
-- Detecting CXX compiler ABI info - done
-- Check for working CXX compiler: /usr/bin/c++ - skipped
-- Detecting CXX compile features
-- Detecting CXX compile features - done
-- Found ament_cmake: 2.5.5 (/opt/ros/jazzy/share/ament_cmake/cmake)
-- Found Python3: /usr/bin/python3 (found version "3.12.3") found components: Interpreter 
-- Override CMake install command with custom implementation using symlinks instead of copying resources
-- Found rosidl_default_generators: 1.6.0 (/opt/ros/jazzy/share/rosidl_default_generators/cmake)
-- Using all available rosidl_typesupport_c: rosidl_typesupport_fastrtps_c;rosidl_typesupport_introspection_c
-- Using all available rosidl_typesupport_cpp: rosidl_typesupport_fastrtps_cpp;rosidl_typesupport_introspection_cpp
-- Found rosidl_adapter: 4.6.7 (/opt/ros/jazzy/share/rosidl_adapter/cmake)
-- Found geometry_msgs: 5.3.6 (/opt/ros/jazzy/share/geometry_msgs/cmake)
-- Found ament_cmake_ros: 0.12.0 (/opt/ros/jazzy/share/ament_cmake_ros/cmake)
-- Using all available rosidl_typesupport_c: rosidl_typesupport_fastrtps_c;rosidl_typesupport_introspection_c
-- Using all available rosidl_typesupport_cpp: rosidl_typesupport_fastrtps_cpp;rosidl_typesupport_introspection_cpp
-- Found python_cmake_module: 0.11.1 (/opt/ros/jazzy/share/python_cmake_module/cmake)
-- Found PythonExtra: /usr/bin/python3  
-- Found Python3: /usr/bin/python3 (found version "3.12.3") found components: Interpreter Development NumPy Development.Module Development.Embed 
-- Configuring done (20.2s)
-- Generating done (0.4s)
-- Build files have been written to: /home/ubuntu/autocert_ws/build/autocert_interfaces
[  1%] [34m[1mGenerating type hashes for ROS interfaces[0m
[  1%] Built target ament_cmake_python_symlink_autocert_interfaces
running egg_info
creating autocert_interfaces.egg-info
writing autocert_interfaces.egg-info/PKG-INFO
writing dependency_links to autocert_interfaces.egg-info/dependency_links.txt
writing top-level names to autocert_interfaces.egg-info/top_level.txt
writing manifest file 'autocert_interfaces.egg-info/SOURCES.txt'
[  1%] Built target autocert_interfaces__rosidl_generator_type_description
[  2%] [34m[1mGenerating C code for ROS interfaces[0m
reading manifest file 'autocert_interfaces.egg-info/SOURCES.txt'
writing manifest file 'autocert_interfaces.egg-info/SOURCES.txt'
[  3%] [34m[1mGenerating C++ code for ROS interfaces[0m
[  3%] Built target ament_cmake_python_build_autocert_interfaces_egg
[  3%] Built target autocert_interfaces__cpp
[  4%] [32mBuilding C object CMakeFiles/autocert_interfaces__rosidl_generator_c.dir/rosidl_generator_c/autocert_interfaces/msg/detail/pose_measurement__description.c.o[0m
[  5%] [32mBuilding C object CMakeFiles/autocert_interfaces__rosidl_generator_c.dir/rosidl_generator_c/autocert_interfaces/srv/detail/get_joint_limits__functions.c.o[0m
[  7%] [32mBuilding C object CMakeFiles/autocert_interfaces__rosidl_generator_c.dir/rosidl_generator_c/autocert_interfaces/msg/detail/pose_measurement__type_support.c.o[0m
[ 10%] [32mBuilding C object CMakeFiles/autocert_interfaces__rosidl_generator_c.dir/rosidl_generator_c/autocert_interfaces/srv/detail/get_joint_limits__type_support.c.o[0m
[ 10%] [32mBuilding C object CMakeFiles/autocert_interfaces__rosidl_generator_c.dir/rosidl_generator_c/autocert_interfaces/srv/detail/batch_fk__functions.c.o[0m
[ 11%] [32mBuilding C object CMakeFiles/autocert_interfaces__rosidl_generator_c.dir/rosidl_generator_c/autocert_interfaces/srv/detail/batch_fk__description.c.o[0m
[ 11%] [32mBuilding C object CMakeFiles/autocert_interfaces__rosidl_generator_c.dir/rosidl_generator_c/autocert_interfaces/msg/detail/pose_measurement__functions.c.o[0m
[ 13%] [32mBuilding C object CMakeFiles/autocert_interfaces__rosidl_generator_c.dir/rosidl_generator_c/autocert_interfaces/srv/detail/batch_fk__type_support.c.o[0m
[ 14%] [32mBuilding C object CMakeFiles/autocert_interfaces__rosidl_generator_c.dir/rosidl_generator_c/autocert_interfaces/srv/detail/get_robot_info__functions.c.o[0m
[ 15%] [32mBuilding C object CMakeFiles/autocert_interfaces__rosidl_generator_c.dir/rosidl_generator_c/autocert_interfaces/srv/detail/get_joint_limits__description.c.o[0m
[ 16%] [32mBuilding C object CMakeFiles/autocert_interfaces__rosidl_generator_c.dir/rosidl_generator_c/autocert_interfaces/srv/detail/get_robot_info__type_support.c.o[0m
[ 17%] [32mBuilding C object CMakeFiles/autocert_interfaces__rosidl_generator_c.dir/rosidl_generator_c/autocert_interfaces/srv/detail/get_robot_info__description.c.o[0m
[ 19%] [32mBuilding C object CMakeFiles/autocert_interfaces__rosidl_generator_c.dir/rosidl_generator_c/autocert_interfaces/srv/detail/check_collision__description.c.o[0m
[ 20%] [32mBuilding C object CMakeFiles/autocert_interfaces__rosidl_generator_c.dir/rosidl_generator_c/autocert_interfaces/srv/detail/check_collision__type_support.c.o[0m
[ 21%] [32mBuilding C object CMakeFiles/autocert_interfaces__rosidl_generator_c.dir/rosidl_generator_c/autocert_interfaces/srv/detail/check_collision__functions.c.o[0m
[ 22%] [32mBuilding C object CMakeFiles/autocert_interfaces__rosidl_generator_c.dir/rosidl_generator_c/autocert_interfaces/srv/detail/sample_workspace__description.c.o[0m
[ 23%] [32mBuilding C object CMakeFiles/autocert_interfaces__rosidl_generator_c.dir/rosidl_generator_c/autocert_interfaces/srv/detail/sample_workspace__functions.c.o[0m
[ 25%] [32mBuilding C object CMakeFiles/autocert_interfaces__rosidl_generator_c.dir/rosidl_generator_c/autocert_interfaces/srv/detail/sample_workspace__type_support.c.o[0m
[ 26%] [32m[1mLinking C shared library libautocert_interfaces__rosidl_generator_c.so[0m
[ 26%] Built target autocert_interfaces__rosidl_generator_c
[ 27%] [34m[1mGenerating C type support for eProsima Fast-RTPS[0m
[ 28%] [34m[1mGenerating C++ type support for eProsima Fast-RTPS[0m
[ 29%] [34m[1mGenerating C introspection for ROS interfaces[0m
[ 30%] [34m[1mGenerating C type support dispatch for ROS interfaces[0m
[ 32%] [34m[1mGenerating C++ introspection for ROS interfaces[0m
[ 33%] [34m[1mGenerating C++ type support dispatch for ROS interfaces[0m
[ 34%] [32mBuilding CXX object CMakeFiles/autocert_interfaces__rosidl_typesupport_c.dir/rosidl_typesupport_c/autocert_interfaces/msg/pose_measurement__type_support.cpp.o[0m
[ 35%] [32mBuilding CXX object CMakeFiles/autocert_interfaces__rosidl_typesupport_c.dir/rosidl_typesupport_c/autocert_interfaces/srv/get_robot_info__type_support.cpp.o[0m
[ 36%] [32mBuilding CXX object CMakeFiles/autocert_interfaces__rosidl_typesupport_c.dir/rosidl_typesupport_c/autocert_interfaces/srv/batch_fk__type_support.cpp.o[0m
[ 38%] [32mBuilding CXX object CMakeFiles/autocert_interfaces__rosidl_typesupport_c.dir/rosidl_typesupport_c/autocert_interfaces/srv/sample_workspace__type_support.cpp.o[0m
[ 39%] [32mBuilding CXX object CMakeFiles/autocert_interfaces__rosidl_typesupport_c.dir/rosidl_typesupport_c/autocert_interfaces/srv/check_collision__type_support.cpp.o[0m
[ 40%] [32mBuilding CXX object CMakeFiles/autocert_interfaces__rosidl_typesupport_c.dir/rosidl_typesupport_c/autocert_interfaces/srv/get_joint_limits__type_support.cpp.o[0m
[ 41%] [32mBuilding CXX object CMakeFiles/autocert_interfaces__rosidl_typesupport_cpp.dir/rosidl_typesupport_cpp/autocert_interfaces/msg/pose_measurement__type_support.cpp.o[0m
[ 42%] [32mBuilding CXX object CMakeFiles/autocert_interfaces__rosidl_typesupport_cpp.dir/rosidl_typesupport_cpp/autocert_interfaces/srv/batch_fk__type_support.cpp.o[0m
[ 44%] [32mBuilding CXX object CMakeFiles/autocert_interfaces__rosidl_typesupport_cpp.dir/rosidl_typesupport_cpp/autocert_interfaces/srv/get_joint_limits__type_support.cpp.o[0m
[ 45%] [32mBuilding CXX object CMakeFiles/autocert_interfaces__rosidl_typesupport_cpp.dir/rosidl_typesupport_cpp/autocert_interfaces/srv/get_robot_info__type_support.cpp.o[0m
[ 46%] [32m[1mLinking CXX shared library libautocert_interfaces__rosidl_typesupport_c.so[0m
[ 47%] [32mBuilding CXX object CMakeFiles/autocert_interfaces__rosidl_typesupport_cpp.dir/rosidl_typesupport_cpp/autocert_interfaces/srv/check_collision__type_support.cpp.o[0m
[ 48%] [32mBuilding CXX object CMakeFiles/autocert_interfaces__rosidl_typesupport_cpp.dir/rosidl_typesupport_cpp/autocert_interfaces/srv/sample_workspace__type_support.cpp.o[0m
[ 48%] Built target autocert_interfaces__rosidl_typesupport_c
[ 50%] [32mBuilding CXX object CMakeFiles/autocert_interfaces__rosidl_typesupport_introspection_cpp.dir/rosidl_typesupport_introspection_cpp/autocert_interfaces/msg/detail/pose_measurement__type_support.cpp.o[0m
[ 51%] [32mBuilding CXX object CMakeFiles/autocert_interfaces__rosidl_typesupport_introspection_cpp.dir/rosidl_typesupport_introspection_cpp/autocert_interfaces/srv/detail/batch_fk__type_support.cpp.o[0m
[ 52%] [32mBuilding CXX object CMakeFiles/autocert_interfaces__rosidl_typesupport_introspection_cpp.dir/rosidl_typesupport_introspection_cpp/autocert_interfaces/srv/detail/get_joint_limits__type_support.cpp.o[0m
[ 53%] [32mBuilding C object CMakeFiles/autocert_interfaces__rosidl_typesupport_introspection_c.dir/rosidl_typesupport_introspection_c/autocert_interfaces/msg/detail/pose_measurement__type_support.c.o[0m
[ 54%] [32mBuilding C object CMakeFiles/autocert_interfaces__rosidl_typesupport_introspection_c.dir/rosidl_typesupport_introspection_c/autocert_interfaces/srv/detail/batch_fk__type_support.c.o[0m
[ 55%] [32mBuilding C object CMakeFiles/autocert_interfaces__rosidl_typesupport_introspection_c.dir/rosidl_typesupport_introspection_c/autocert_interfaces/srv/detail/get_joint_limits__type_support.c.o[0m
[ 57%] [32mBuilding CXX object CMakeFiles/autocert_interfaces__rosidl_typesupport_fastrtps_cpp.dir/rosidl_typesupport_fastrtps_cpp/autocert_interfaces/msg/detail/dds_fastrtps/pose_measurement__type_support.cpp.o[0m
[ 58%] [32mBuilding CXX object CMakeFiles/autocert_interfaces__rosidl_typesupport_fastrtps_cpp.dir/rosidl_typesupport_fastrtps_cpp/autocert_interfaces/srv/detail/dds_fastrtps/batch_fk__type_support.cpp.o[0m
[ 59%] [32mBuilding C object CMakeFiles/autocert_interfaces__rosidl_typesupport_introspection_c.dir/rosidl_typesupport_introspection_c/autocert_interfaces/srv/detail/get_robot_info__type_support.c.o[0m
[ 61%] [32mBuilding CXX object CMakeFiles/autocert_interfaces__rosidl_typesupport_fastrtps_c.dir/rosidl_typesupport_fastrtps_c/autocert_interfaces/msg/detail/pose_measurement__type_support_c.cpp.o[0m
[ 61%] [32mBuilding C object CMakeFiles/autocert_interfaces__rosidl_typesupport_introspection_c.dir/rosidl_typesupport_introspection_c/autocert_interfaces/srv/detail/check_collision__type_support.c.o[0m
[ 63%] [32mBuilding CXX object CMakeFiles/autocert_interfaces__rosidl_typesupport_fastrtps_c.dir/rosidl_typesupport_fastrtps_c/autocert_interfaces/srv/detail/batch_fk__type_support_c.cpp.o[0m
[ 64%] [32mBuilding CXX object CMakeFiles/autocert_interfaces__rosidl_typesupport_introspection_cpp.dir/rosidl_typesupport_introspection_cpp/autocert_interfaces/srv/detail/get_robot_info__type_support.cpp.o[0m
[ 65%] [32mBuilding C object CMakeFiles/autocert_interfaces__rosidl_typesupport_introspection_c.dir/rosidl_typesupport_introspection_c/autocert_interfaces/srv/detail/sample_workspace__type_support.c.o[0m
[ 66%] [32mBuilding CXX object CMakeFiles/autocert_interfaces__rosidl_typesupport_fastrtps_cpp.dir/rosidl_typesupport_fastrtps_cpp/autocert_interfaces/srv/detail/dds_fastrtps/get_joint_limits__type_support.cpp.o[0m
[ 67%] [32mBuilding CXX object CMakeFiles/autocert_interfaces__rosidl_typesupport_introspection_cpp.dir/rosidl_typesupport_introspection_cpp/autocert_interfaces/srv/detail/check_collision__type_support.cpp.o[0m
[ 69%] [32mBuilding CXX object CMakeFiles/autocert_interfaces__rosidl_typesupport_fastrtps_c.dir/rosidl_typesupport_fastrtps_c/autocert_interfaces/srv/detail/get_joint_limits__type_support_c.cpp.o[0m
[ 70%] [32m[1mLinking CXX shared library libautocert_interfaces__rosidl_typesupport_cpp.so[0m
[ 71%] [32m[1mLinking C shared library libautocert_interfaces__rosidl_typesupport_introspection_c.so[0m
[ 71%] Built target autocert_interfaces__rosidl_typesupport_introspection_c
[ 72%] [32mBuilding CXX object CMakeFiles/autocert_interfaces__rosidl_typesupport_fastrtps_cpp.dir/rosidl_typesupport_fastrtps_cpp/autocert_interfaces/srv/detail/dds_fastrtps/get_robot_info__type_support.cpp.o[0m
[ 73%] [32mBuilding CXX object CMakeFiles/autocert_interfaces__rosidl_typesupport_fastrtps_c.dir/rosidl_typesupport_fastrtps_c/autocert_interfaces/srv/detail/get_robot_info__type_support_c.cpp.o[0m
[ 73%] Built target autocert_interfaces__rosidl_typesupport_cpp
[ 75%] [32mBuilding CXX object CMakeFiles/autocert_interfaces__rosidl_typesupport_fastrtps_c.dir/rosidl_typesupport_fastrtps_c/autocert_interfaces/srv/detail/check_collision__type_support_c.cpp.o[0m
[ 76%] [32mBuilding CXX object CMakeFiles/autocert_interfaces__rosidl_typesupport_introspection_cpp.dir/rosidl_typesupport_introspection_cpp/autocert_interfaces/srv/detail/sample_workspace__type_support.cpp.o[0m
[ 77%] [32mBuilding CXX object CMakeFiles/autocert_interfaces__rosidl_typesupport_fastrtps_cpp.dir/rosidl_typesupport_fastrtps_cpp/autocert_interfaces/srv/detail/dds_fastrtps/check_collision__type_support.cpp.o[0m
[ 78%] [32mBuilding CXX object CMakeFiles/autocert_interfaces__rosidl_typesupport_fastrtps_c.dir/rosidl_typesupport_fastrtps_c/autocert_interfaces/srv/detail/sample_workspace__type_support_c.cpp.o[0m
[ 79%] [32mBuilding CXX object CMakeFiles/autocert_interfaces__rosidl_typesupport_fastrtps_cpp.dir/rosidl_typesupport_fastrtps_cpp/autocert_interfaces/srv/detail/dds_fastrtps/sample_workspace__type_support.cpp.o[0m
[ 80%] [32m[1mLinking CXX shared library libautocert_interfaces__rosidl_typesupport_introspection_cpp.so[0m
[ 82%] [32m[1mLinking CXX shared library libautocert_interfaces__rosidl_typesupport_fastrtps_c.so[0m
[ 82%] Built target autocert_interfaces__rosidl_typesupport_introspection_cpp
[ 82%] Built target autocert_interfaces__rosidl_typesupport_fastrtps_c
[ 83%] [32m[1mLinking CXX shared library libautocert_interfaces__rosidl_typesupport_fastrtps_cpp.so[0m
[ 83%] Built target autocert_interfaces__rosidl_typesupport_fastrtps_cpp
[ 83%] Built target autocert_interfaces
[ 84%] [34m[1mGenerating Python code for ROS interfaces[0m
[ 84%] Built target autocert_interfaces__py
[ 85%] [32mBuilding C object CMakeFiles/autocert_interfaces__rosidl_generator_py.dir/rosidl_generator_py/autocert_interfaces/srv/_get_joint_limits_s.c.o[0m
[ 88%] [32mBuilding C object CMakeFiles/autocert_interfaces__rosidl_generator_py.dir/rosidl_generator_py/autocert_interfaces/srv/_batch_fk_s.c.o[0m
[ 88%] [32mBuilding C object CMakeFiles/autocert_interfaces__rosidl_generator_py.dir/rosidl_generator_py/autocert_interfaces/srv/_sample_workspace_s.c.o[0m
[ 89%] [32mBuilding C object CMakeFiles/autocert_interfaces__rosidl_generator_py.dir/rosidl_generator_py/autocert_interfaces/msg/_pose_measurement_s.c.o[0m
[ 90%] [32mBuilding C object CMakeFiles/autocert_interfaces__rosidl_generator_py.dir/rosidl_generator_py/autocert_interfaces/srv/_check_collision_s.c.o[0m
[ 91%] [32mBuilding C object CMakeFiles/autocert_interfaces__rosidl_generator_py.dir/rosidl_generator_py/autocert_interfaces/srv/_get_robot_info_s.c.o[0m
[ 92%] [32m[1mLinking C shared library libautocert_interfaces__rosidl_generator_py.so[0m
[ 92%] Built target autocert_interfaces__rosidl_generator_py
[ 94%] [32mBuilding C object CMakeFiles/autocert_interfaces_s__rosidl_typesupport_fastrtps_c.dir/rosidl_generator_py/autocert_interfaces/_autocert_interfaces_s.ep.rosidl_typesupport_fastrtps_c.c.o[0m
[ 95%] [32mBuilding C object CMakeFiles/autocert_interfaces_s__rosidl_typesupport_c.dir/rosidl_generator_py/autocert_interfaces/_autocert_interfaces_s.ep.rosidl_typesupport_c.c.o[0m
[ 96%] [32mBuilding C object CMakeFiles/autocert_interfaces_s__rosidl_typesupport_introspection_c.dir/rosidl_generator_py/autocert_interfaces/_autocert_interfaces_s.ep.rosidl_typesupport_introspection_c.c.o[0m
[ 97%] [32m[1mLinking C shared module rosidl_generator_py/autocert_interfaces/autocert_interfaces_s__rosidl_typesupport_c.so[0m
[ 98%] [32m[1mLinking C shared module rosidl_generator_py/autocert_interfaces/autocert_interfaces_s__rosidl_typesupport_introspection_c.so[0m
[100%] [32m[1mLinking C shared module rosidl_generator_py/autocert_interfaces/autocert_interfaces_s__rosidl_typesupport_fastrtps_c.so[0m
[100%] Built target autocert_interfaces_s__rosidl_typesupport_c
[100%] Built target autocert_interfaces_s__rosidl_typesupport_introspection_c
[100%] Built target autocert_interfaces_s__rosidl_typesupport_fastrtps_c
-- Install configuration: ""
-- Execute custom install script
-- Symlinking: /home/ubuntu/autocert_ws/install/autocert_interfaces/share/ament_index/resource_index/rosidl_interfaces/autocert_interfaces
-- Symlinking: /home/ubuntu/autocert_ws/install/autocert_interfaces/share/autocert_interfaces/msg/PoseMeasurement.json
-- Symlinking: /home/ubuntu/autocert_ws/install/autocert_interfaces/share/autocert_interfaces/srv/BatchFK.json
-- Symlinking: /home/ubuntu/autocert_ws/install/autocert_interfaces/share/autocert_interfaces/srv/GetJointLimits.json
-- Symlinking: /home/ubuntu/autocert_ws/install/autocert_interfaces/share/autocert_interfaces/srv/GetRobotInfo.json
-- Symlinking: /home/ubuntu/autocert_ws/install/autocert_interfaces/share/autocert_interfaces/srv/CheckCollision.json
-- Symlinking: /home/ubuntu/autocert_ws/install/autocert_interfaces/share/autocert_interfaces/srv/SampleWorkspace.json
-- Symlinking: /home/ubuntu/autocert_ws/install/autocert_interfaces/include/autocert_interfaces/autocert_interfaces/msg/detail/pose_measurement__functions.h
-- Symlinking: /home/ubuntu/autocert_ws/install/autocert_interfaces/include/autocert_interfaces/autocert_interfaces/msg/detail/pose_measurement__struct.h
-- Symlinking: /home/ubuntu/autocert_ws/install/autocert_interfaces/include/autocert_interfaces/autocert_interfaces/msg/detail/pose_measurement__type_support.h
-- Symlinking: /home/ubuntu/autocert_ws/install/autocert_interfaces/include/autocert_interfaces/autocert_interfaces/msg/pose_measurement.h
-- Symlinking: /home/ubuntu/autocert_ws/install/autocert_interfaces/include/autocert_interfaces/autocert_interfaces/msg/rosidl_generator_c__visibility_control.h
-- Symlinking: /home/ubuntu/autocert_ws/install/autocert_interfaces/include/autocert_interfaces/autocert_interfaces/srv/batch_fk.h
-- Symlinking: /home/ubuntu/autocert_ws/install/autocert_interfaces/include/autocert_interfaces/autocert_interfaces/srv/check_collision.h
-- Symlinking: /home/ubuntu/autocert_ws/install/autocert_interfaces/include/autocert_interfaces/autocert_interfaces/srv/detail/batch_fk__functions.h
-- Symlinking: /home/ubuntu/autocert_ws/install/autocert_interfaces/include/autocert_interfaces/autocert_interfaces/srv/detail/batch_fk__struct.h
-- Symlinking: /home/ubuntu/autocert_ws/install/autocert_interfaces/include/autocert_interfaces/autocert_interfaces/srv/detail/batch_fk__type_support.h
-- Symlinking: /home/ubuntu/autocert_ws/install/autocert_interfaces/include/autocert_interfaces/autocert_interfaces/srv/detail/check_collision__functions.h
-- Symlinking: /home/ubuntu/autocert_ws/install/autocert_interfaces/include/autocert_interfaces/autocert_interfaces/srv/detail/check_collision__struct.h
-- Symlinking: /home/ubuntu/autocert_ws/install/autocert_interfaces/include/autocert_interfaces/autocert_interfaces/srv/detail/check_collision__type_support.h
-- Symlinking: /home/ubuntu/autocert_ws/install/autocert_interfaces/include/autocert_interfaces/autocert_interfaces/srv/detail/get_joint_limits__functions.h
-- Symlinking: /home/ubuntu/autocert_ws/install/autocert_interfaces/include/autocert_interfaces/autocert_interfaces/srv/detail/get_joint_limits__struct.h
-- Symlinking: /home/ubuntu/autocert_ws/install/autocert_interfaces/include/autocert_interfaces/autocert_interfaces/srv/detail/get_joint_limits__type_support.h
-- Symlinking: /home/ubuntu/autocert_ws/install/autocert_interfaces/include/autocert_interfaces/autocert_interfaces/srv/detail/get_robot_info__functions.h
-- Symlinking: /home/ubuntu/autocert_ws/install/autocert_interfaces/include/autocert_interfaces/autocert_interfaces/srv/detail/get_robot_info__struct.h
-- Symlinking: /home/ubuntu/autocert_ws/install/autocert_interfaces/include/autocert_interfaces/autocert_interfaces/srv/detail/get_robot_info__type_support.h
-- Symlinking: /home/ubuntu/autocert_ws/install/autocert_interfaces/include/autocert_interfaces/autocert_interfaces/srv/detail/sample_workspace__functions.h
-- Symlinking: /home/ubuntu/autocert_ws/install/autocert_interfaces/include/autocert_interfaces/autocert_interfaces/srv/detail/sample_workspace__struct.h
-- Symlinking: /home/ubuntu/autocert_ws/install/autocert_interfaces/include/autocert_interfaces/autocert_interfaces/srv/detail/sample_workspace__type_support.h
-- Symlinking: /home/ubuntu/autocert_ws/install/autocert_interfaces/include/autocert_interfaces/autocert_interfaces/srv/get_joint_limits.h
-- Symlinking: /home/ubuntu/autocert_ws/install/autocert_interfaces/include/autocert_interfaces/autocert_interfaces/srv/get_robot_info.h
-- Symlinking: /home/ubuntu/autocert_ws/install/autocert_interfaces/include/autocert_interfaces/autocert_interfaces/srv/sample_workspace.h
-- Symlinking: /home/ubuntu/autocert_ws/install/autocert_interfaces/share/autocert_interfaces/environment/library_path.sh
-- Symlinking: /home/ubuntu/autocert_ws/install/autocert_interfaces/share/autocert_interfaces/environment/library_path.dsv
-- Symlinking: /home/ubuntu/autocert_ws/install/autocert_interfaces/include/autocert_interfaces/autocert_interfaces/msg/detail/pose_measurement__rosidl_typesupport_fastrtps_c.h
-- Symlinking: /home/ubuntu/autocert_ws/install/autocert_interfaces/include/autocert_interfaces/autocert_interfaces/msg/rosidl_typesupport_fastrtps_c__visibility_control.h
-- Symlinking: /home/ubuntu/autocert_ws/install/autocert_interfaces/include/autocert_interfaces/autocert_interfaces/srv/detail/batch_fk__rosidl_typesupport_fastrtps_c.h
-- Symlinking: /home/ubuntu/autocert_ws/install/autocert_interfaces/include/autocert_interfaces/autocert_interfaces/srv/detail/check_collision__rosidl_typesupport_fastrtps_c.h
-- Symlinking: /home/ubuntu/autocert_ws/install/autocert_interfaces/include/autocert_interfaces/autocert_interfaces/srv/detail/get_joint_limits__rosidl_typesupport_fastrtps_c.h
-- Symlinking: /home/ubuntu/autocert_ws/install/autocert_interfaces/include/autocert_interfaces/autocert_interfaces/srv/detail/get_robot_info__rosidl_typesupport_fastrtps_c.h
-- Symlinking: /home/ubuntu/autocert_ws/install/autocert_interfaces/include/autocert_interfaces/autocert_interfaces/srv/detail/sample_workspace__rosidl_typesupport_fastrtps_c.h
-- Symlinking: /home/ubuntu/autocert_ws/install/autocert_interfaces/include/autocert_interfaces/autocert_interfaces/msg/detail/pose_measurement__rosidl_typesupport_introspection_c.h
-- Symlinking: /home/ubuntu/autocert_ws/install/autocert_interfaces/include/autocert_interfaces/autocert_interfaces/msg/rosidl_typesupport_introspection_c__visibility_control.h
-- Symlinking: /home/ubuntu/autocert_ws/install/autocert_interfaces/include/autocert_interfaces/autocert_interfaces/srv/detail/batch_fk__rosidl_typesupport_introspection_c.h
-- Symlinking: /home/ubuntu/autocert_ws/install/autocert_interfaces/include/autocert_interfaces/autocert_interfaces/srv/detail/check_collision__rosidl_typesupport_introspection_c.h
-- Symlinking: /home/ubuntu/autocert_ws/install/autocert_interfaces/include/autocert_interfaces/autocert_interfaces/srv/detail/get_joint_limits__rosidl_typesupport_introspection_c.h
-- Symlinking: /home/ubuntu/autocert_ws/install/autocert_interfaces/include/autocert_interfaces/autocert_interfaces/srv/detail/get_robot_info__rosidl_typesupport_introspection_c.h
-- Symlinking: /home/ubuntu/autocert_ws/install/autocert_interfaces/include/autocert_interfaces/autocert_interfaces/srv/detail/sample_workspace__rosidl_typesupport_introspection_c.h
-- Symlinking: /home/ubuntu/autocert_ws/install/autocert_interfaces/include/autocert_interfaces/autocert_interfaces/msg/detail/pose_measurement__builder.hpp
-- Symlinking: /home/ubuntu/autocert_ws/install/autocert_interfaces/include/autocert_interfaces/autocert_interfaces/msg/detail/pose_measurement__struct.hpp
-- Symlinking: /home/ubuntu/autocert_ws/install/autocert_interfaces/include/autocert_interfaces/autocert_interfaces/msg/detail/pose_measurement__traits.hpp
-- Symlinking: /home/ubuntu/autocert_ws/install/autocert_interfaces/include/autocert_interfaces/autocert_interfaces/msg/detail/pose_measurement__type_support.hpp
-- Symlinking: /home/ubuntu/autocert_ws/install/autocert_interfaces/include/autocert_interfaces/autocert_interfaces/msg/pose_measurement.hpp
-- Symlinking: /home/ubuntu/autocert_ws/install/autocert_interfaces/include/autocert_interfaces/autocert_interfaces/msg/rosidl_generator_cpp__visibility_control.hpp
-- Symlinking: /home/ubuntu/autocert_ws/install/autocert_interfaces/include/autocert_interfaces/autocert_interfaces/srv/batch_fk.hpp
-- Symlinking: /home/ubuntu/autocert_ws/install/autocert_interfaces/include/autocert_interfaces/autocert_interfaces/srv/check_collision.hpp
-- Symlinking: /home/ubuntu/autocert_ws/install/autocert_interfaces/include/autocert_interfaces/autocert_interfaces/srv/detail/batch_fk__builder.hpp
-- Symlinking: /home/ubuntu/autocert_ws/install/autocert_interfaces/include/autocert_interfaces/autocert_interfaces/srv/detail/batch_fk__struct.hpp
-- Symlinking: /home/ubuntu/autocert_ws/install/autocert_interfaces/include/autocert_interfaces/autocert_interfaces/srv/detail/batch_fk__traits.hpp
-- Symlinking: /home/ubuntu/autocert_ws/install/autocert_interfaces/include/autocert_interfaces/autocert_interfaces/srv/detail/batch_fk__type_support.hpp
-- Symlinking: /home/ubuntu/autocert_ws/install/autocert_interfaces/include/autocert_interfaces/autocert_interfaces/srv/detail/check_collision__builder.hpp
-- Symlinking: /home/ubuntu/autocert_ws/install/autocert_interfaces/include/autocert_interfaces/autocert_interfaces/srv/detail/check_collision__struct.hpp
-- Symlinking: /home/ubuntu/autocert_ws/install/autocert_interfaces/include/autocert_interfaces/autocert_interfaces/srv/detail/check_collision__traits.hpp
-- Symlinking: /home/ubuntu/autocert_ws/install/autocert_interfaces/include/autocert_interfaces/autocert_interfaces/srv/detail/check_collision__type_support.hpp
-- Symlinking: /home/ubuntu/autocert_ws/install/autocert_interfaces/include/autocert_interfaces/autocert_interfaces/srv/detail/get_joint_limits__builder.hpp
-- Symlinking: /home/ubuntu/autocert_ws/install/autocert_interfaces/include/autocert_interfaces/autocert_interfaces/srv/detail/get_joint_limits__struct.hpp
-- Symlinking: /home/ubuntu/autocert_ws/install/autocert_interfaces/include/autocert_interfaces/autocert_interfaces/srv/detail/get_joint_limits__traits.hpp
-- Symlinking: /home/ubuntu/autocert_ws/install/autocert_interfaces/include/autocert_interfaces/autocert_interfaces/srv/detail/get_joint_limits__type_support.hpp
-- Symlinking: /home/ubuntu/autocert_ws/install/autocert_interfaces/include/autocert_interfaces/autocert_interfaces/srv/detail/get_robot_info__builder.hpp
-- Symlinking: /home/ubuntu/autocert_ws/install/autocert_interfaces/include/autocert_interfaces/autocert_interfaces/srv/detail/get_robot_info__struct.hpp
-- Symlinking: /home/ubuntu/autocert_ws/install/autocert_interfaces/include/autocert_interfaces/autocert_interfaces/srv/detail/get_robot_info__traits.hpp
-- Symlinking: /home/ubuntu/autocert_ws/install/autocert_interfaces/include/autocert_interfaces/autocert_interfaces/srv/detail/get_robot_info__type_support.hpp
-- Symlinking: /home/ubuntu/autocert_ws/install/autocert_interfaces/include/autocert_interfaces/autocert_interfaces/srv/detail/sample_workspace__builder.hpp
-- Symlinking: /home/ubuntu/autocert_ws/install/autocert_interfaces/include/autocert_interfaces/autocert_interfaces/srv/detail/sample_workspace__struct.hpp
-- Symlinking: /home/ubuntu/autocert_ws/install/autocert_interfaces/include/autocert_interfaces/autocert_interfaces/srv/detail/sample_workspace__traits.hpp
-- Symlinking: /home/ubuntu/autocert_ws/install/autocert_interfaces/include/autocert_interfaces/autocert_interfaces/srv/detail/sample_workspace__type_support.hpp
-- Symlinking: /home/ubuntu/autocert_ws/install/autocert_interfaces/include/autocert_interfaces/autocert_interfaces/srv/get_joint_limits.hpp
-- Symlinking: /home/ubuntu/autocert_ws/install/autocert_interfaces/include/autocert_interfaces/autocert_interfaces/srv/get_robot_info.hpp
-- Symlinking: /home/ubuntu/autocert_ws/install/autocert_interfaces/include/autocert_interfaces/autocert_interfaces/srv/sample_workspace.hpp
-- Symlinking: /home/ubuntu/autocert_ws/install/autocert_interfaces/include/autocert_interfaces/autocert_interfaces/msg/detail/pose_measurement__rosidl_typesupport_fastrtps_cpp.hpp
-- Symlinking: /home/ubuntu/autocert_ws/install/autocert_interfaces/include/autocert_interfaces/autocert_interfaces/msg/rosidl_typesupport_fastrtps_cpp__visibility_control.h
-- Symlinking: /home/ubuntu/autocert_ws/install/autocert_interfaces/include/autocert_interfaces/autocert_interfaces/srv/detail/batch_fk__rosidl_typesupport_fastrtps_cpp.hpp
-- Symlinking: /home/ubuntu/autocert_ws/install/autocert_interfaces/include/autocert_interfaces/autocert_interfaces/srv/detail/check_collision__rosidl_typesupport_fastrtps_cpp.hpp
-- Symlinking: /home/ubuntu/autocert_ws/install/autocert_interfaces/include/autocert_interfaces/autocert_interfaces/srv/detail/get_joint_limits__rosidl_typesupport_fastrtps_cpp.hpp
-- Symlinking: /home/ubuntu/autocert_ws/install/autocert_interfaces/include/autocert_interfaces/autocert_interfaces/srv/detail/get_robot_info__rosidl_typesupport_fastrtps_cpp.hpp
-- Symlinking: /home/ubuntu/autocert_ws/install/autocert_interfaces/include/autocert_interfaces/autocert_interfaces/srv/detail/sample_workspace__rosidl_typesupport_fastrtps_cpp.hpp
-- Symlinking: /home/ubuntu/autocert_ws/install/autocert_interfaces/include/autocert_interfaces/autocert_interfaces/msg/detail/pose_measurement__rosidl_typesupport_introspection_cpp.hpp
-- Symlinking: /home/ubuntu/autocert_ws/install/autocert_interfaces/include/autocert_interfaces/autocert_interfaces/srv/detail/batch_fk__rosidl_typesupport_introspection_cpp.hpp
-- Symlinking: /home/ubuntu/autocert_ws/install/autocert_interfaces/include/autocert_interfaces/autocert_interfaces/srv/detail/check_collision__rosidl_typesupport_introspection_cpp.hpp
-- Symlinking: /home/ubuntu/autocert_ws/install/autocert_interfaces/include/autocert_interfaces/autocert_interfaces/srv/detail/get_joint_limits__rosidl_typesupport_introspection_cpp.hpp
-- Symlinking: /home/ubuntu/autocert_ws/install/autocert_interfaces/include/autocert_interfaces/autocert_interfaces/srv/detail/get_robot_info__rosidl_typesupport_introspection_cpp.hpp
-- Symlinking: /home/ubuntu/autocert_ws/install/autocert_interfaces/include/autocert_interfaces/autocert_interfaces/srv/detail/sample_workspace__rosidl_typesupport_introspection_cpp.hpp
-- Symlinking: /home/ubuntu/autocert_ws/install/autocert_interfaces/share/autocert_interfaces/environment/pythonpath.sh
-- Symlinking: /home/ubuntu/autocert_ws/install/autocert_interfaces/share/autocert_interfaces/environment/pythonpath.dsv
-- Symlinking: /home/ubuntu/autocert_ws/install/autocert_interfaces/lib/python3.12/site-packages/autocert_interfaces-0.0.0-py3.12.egg-info/PKG-INFO
-- Symlinking: /home/ubuntu/autocert_ws/install/autocert_interfaces/lib/python3.12/site-packages/autocert_interfaces-0.0.0-py3.12.egg-info/SOURCES.txt
-- Symlinking: /home/ubuntu/autocert_ws/install/autocert_interfaces/lib/python3.12/site-packages/autocert_interfaces-0.0.0-py3.12.egg-info/dependency_links.txt
-- Symlinking: /home/ubuntu/autocert_ws/install/autocert_interfaces/lib/python3.12/site-packages/autocert_interfaces-0.0.0-py3.12.egg-info/top_level.txt
-- Symlinking: /home/ubuntu/autocert_ws/install/autocert_interfaces/lib/python3.12/site-packages/autocert_interfaces/__init__.py
-- Symlinking: /home/ubuntu/autocert_ws/install/autocert_interfaces/lib/python3.12/site-packages/autocert_interfaces/_autocert_interfaces_s.ep.rosidl_typesupport_c.c
-- Symlinking: /home/ubuntu/autocert_ws/install/autocert_interfaces/lib/python3.12/site-packages/autocert_interfaces/_autocert_interfaces_s.ep.rosidl_typesupport_fastrtps_c.c
-- Symlinking: /home/ubuntu/autocert_ws/install/autocert_interfaces/lib/python3.12/site-packages/autocert_interfaces/_autocert_interfaces_s.ep.rosidl_typesupport_introspection_c.c
-- Symlinking: /home/ubuntu/autocert_ws/install/autocert_interfaces/lib/python3.12/site-packages/autocert_interfaces/autocert_interfaces_s__rosidl_typesupport_c.so
-- Symlinking: /home/ubuntu/autocert_ws/install/autocert_interfaces/lib/python3.12/site-packages/autocert_interfaces/autocert_interfaces_s__rosidl_typesupport_fastrtps_c.so
-- Symlinking: /home/ubuntu/autocert_ws/install/autocert_interfaces/lib/python3.12/site-packages/autocert_interfaces/autocert_interfaces_s__rosidl_typesupport_introspection_c.so
-- Symlinking: /home/ubuntu/autocert_ws/install/autocert_interfaces/lib/python3.12/site-packages/autocert_interfaces/msg/__init__.py
-- Symlinking: /home/ubuntu/autocert_ws/install/autocert_interfaces/lib/python3.12/site-packages/autocert_interfaces/msg/_pose_measurement.py
-- Symlinking: /home/ubuntu/autocert_ws/install/autocert_interfaces/lib/python3.12/site-packages/autocert_interfaces/msg/_pose_measurement_s.c
-- Symlinking: /home/ubuntu/autocert_ws/install/autocert_interfaces/lib/python3.12/site-packages/autocert_interfaces/srv/__init__.py
-- Symlinking: /home/ubuntu/autocert_ws/install/autocert_interfaces/lib/python3.12/site-packages/autocert_interfaces/srv/_batch_fk.py
-- Symlinking: /home/ubuntu/autocert_ws/install/autocert_interfaces/lib/python3.12/site-packages/autocert_interfaces/srv/_batch_fk_s.c
-- Symlinking: /home/ubuntu/autocert_ws/install/autocert_interfaces/lib/python3.12/site-packages/autocert_interfaces/srv/_check_collision.py
-- Symlinking: /home/ubuntu/autocert_ws/install/autocert_interfaces/lib/python3.12/site-packages/autocert_interfaces/srv/_check_collision_s.c
-- Symlinking: /home/ubuntu/autocert_ws/install/autocert_interfaces/lib/python3.12/site-packages/autocert_interfaces/srv/_get_joint_limits.py
-- Symlinking: /home/ubuntu/autocert_ws/install/autocert_interfaces/lib/python3.12/site-packages/autocert_interfaces/srv/_get_joint_limits_s.c
-- Symlinking: /home/ubuntu/autocert_ws/install/autocert_interfaces/lib/python3.12/site-packages/autocert_interfaces/srv/_get_robot_info.py
-- Symlinking: /home/ubuntu/autocert_ws/install/autocert_interfaces/lib/python3.12/site-packages/autocert_interfaces/srv/_get_robot_info_s.c
-- Symlinking: /home/ubuntu/autocert_ws/install/autocert_interfaces/lib/python3.12/site-packages/autocert_interfaces/srv/_sample_workspace.py
-- Symlinking: /home/ubuntu/autocert_ws/install/autocert_interfaces/lib/python3.12/site-packages/autocert_interfaces/srv/_sample_workspace_s.c
-- Up-to-date symlink: /home/ubuntu/autocert_ws/install/autocert_interfaces/lib/python3.12/site-packages/autocert_interfaces/autocert_interfaces_s__rosidl_typesupport_fastrtps_c.so
-- Up-to-date symlink: /home/ubuntu/autocert_ws/install/autocert_interfaces/lib/python3.12/site-packages/autocert_interfaces/autocert_interfaces_s__rosidl_typesupport_introspection_c.so
-- Up-to-date symlink: /home/ubuntu/autocert_ws/install/autocert_interfaces/lib/python3.12/site-packages/autocert_interfaces/autocert_interfaces_s__rosidl_typesupport_c.so
-- Symlinking: /home/ubuntu/autocert_ws/install/autocert_interfaces/share/autocert_interfaces/msg/PoseMeasurement.idl
-- Symlinking: /home/ubuntu/autocert_ws/install/autocert_interfaces/share/autocert_interfaces/srv/BatchFK.idl
-- Symlinking: /home/ubuntu/autocert_ws/install/autocert_interfaces/share/autocert_interfaces/srv/GetJointLimits.idl
-- Symlinking: /home/ubuntu/autocert_ws/install/autocert_interfaces/share/autocert_interfaces/srv/GetRobotInfo.idl
-- Symlinking: /home/ubuntu/autocert_ws/install/autocert_interfaces/share/autocert_interfaces/srv/CheckCollision.idl
-- Symlinking: /home/ubuntu/autocert_ws/install/autocert_interfaces/share/autocert_interfaces/srv/SampleWorkspace.idl
-- Symlinking: /home/ubuntu/autocert_ws/install/autocert_interfaces/share/autocert_interfaces/msg/PoseMeasurement.msg
-- Symlinking: /home/ubuntu/autocert_ws/install/autocert_interfaces/share/autocert_interfaces/srv/BatchFK.srv
-- Symlinking: /home/ubuntu/autocert_ws/install/autocert_interfaces/share/autocert_interfaces/srv/GetJointLimits.srv
-- Symlinking: /home/ubuntu/autocert_ws/install/autocert_interfaces/share/autocert_interfaces/srv/GetRobotInfo.srv
-- Symlinking: /home/ubuntu/autocert_ws/install/autocert_interfaces/share/autocert_interfaces/srv/CheckCollision.srv
-- Symlinking: /home/ubuntu/autocert_ws/install/autocert_interfaces/share/autocert_interfaces/srv/SampleWorkspace.srv
-- Symlinking: /home/ubuntu/autocert_ws/install/autocert_interfaces/share/ament_index/resource_index/package_run_dependencies/autocert_interfaces
-- Symlinking: /home/ubuntu/autocert_ws/install/autocert_interfaces/share/ament_index/resource_index/parent_prefix_path/autocert_interfaces
-- Symlinking: /home/ubuntu/autocert_ws/install/autocert_interfaces/share/autocert_interfaces/environment/ament_prefix_path.sh
-- Symlinking: /home/ubuntu/autocert_ws/install/autocert_interfaces/share/autocert_interfaces/environment/ament_prefix_path.dsv
-- Symlinking: /home/ubuntu/autocert_ws/install/autocert_interfaces/share/autocert_interfaces/environment/path.sh
-- Symlinking: /home/ubuntu/autocert_ws/install/autocert_interfaces/share/autocert_interfaces/environment/path.dsv
-- Symlinking: /home/ubuntu/autocert_ws/install/autocert_interfaces/share/autocert_interfaces/local_setup.bash
-- Symlinking: /home/ubuntu/autocert_ws/install/autocert_interfaces/share/autocert_interfaces/local_setup.sh
-- Symlinking: /home/ubuntu/autocert_ws/install/autocert_interfaces/share/autocert_interfaces/local_setup.zsh
-- Symlinking: /home/ubuntu/autocert_ws/install/autocert_interfaces/share/autocert_interfaces/local_setup.dsv
-- Symlinking: /home/ubuntu/autocert_ws/install/autocert_interfaces/share/autocert_interfaces/package.dsv
-- Symlinking: /home/ubuntu/autocert_ws/install/autocert_interfaces/share/ament_index/resource_index/packages/autocert_interfaces
-- Symlinking: /home/ubuntu/autocert_ws/install/autocert_interfaces/share/autocert_interfaces/cmake/rosidl_cmake-extras.cmake
-- Symlinking: /home/ubuntu/autocert_ws/install/autocert_interfaces/share/autocert_interfaces/cmake/ament_cmake_export_dependencies-extras.cmake
-- Symlinking: /home/ubuntu/autocert_ws/install/autocert_interfaces/share/autocert_interfaces/cmake/ament_cmake_export_include_directories-extras.cmake
-- Symlinking: /home/ubuntu/autocert_ws/install/autocert_interfaces/share/autocert_interfaces/cmake/ament_cmake_export_libraries-extras.cmake
-- Symlinking: /home/ubuntu/autocert_ws/install/autocert_interfaces/share/autocert_interfaces/cmake/ament_cmake_export_targets-extras.cmake
-- Symlinking: /home/ubuntu/autocert_ws/install/autocert_interfaces/share/autocert_interfaces/cmake/rosidl_cmake_export_typesupport_targets-extras.cmake
-- Symlinking: /home/ubuntu/autocert_ws/install/autocert_interfaces/share/autocert_interfaces/cmake/rosidl_cmake_export_typesupport_libraries-extras.cmake
-- Symlinking: /home/ubuntu/autocert_ws/install/autocert_interfaces/share/autocert_interfaces/cmake/autocert_interfacesConfig.cmake
-- Symlinking: /home/ubuntu/autocert_ws/install/autocert_interfaces/share/autocert_interfaces/cmake/autocert_interfacesConfig-version.cmake
-- Symlinking: /home/ubuntu/autocert_ws/install/autocert_interfaces/share/autocert_interfaces/package.xml
-- Installing: /home/ubuntu/autocert_ws/install/autocert_interfaces/lib/libautocert_interfaces__rosidl_generator_c.so
-- Set non-toolchain portion of runtime path of "/home/ubuntu/autocert_ws/install/autocert_interfaces/lib/libautocert_interfaces__rosidl_generator_c.so" to ""
-- Installing: /home/ubuntu/autocert_ws/install/autocert_interfaces/lib/libautocert_interfaces__rosidl_typesupport_fastrtps_c.so
-- Set non-toolchain portion of runtime path of "/home/ubuntu/autocert_ws/install/autocert_interfaces/lib/libautocert_interfaces__rosidl_typesupport_fastrtps_c.so" to ""
-- Installing: /home/ubuntu/autocert_ws/install/autocert_interfaces/lib/libautocert_interfaces__rosidl_typesupport_introspection_c.so
-- Set non-toolchain portion of runtime path of "/home/ubuntu/autocert_ws/install/autocert_interfaces/lib/libautocert_interfaces__rosidl_typesupport_introspection_c.so" to ""
-- Installing: /home/ubuntu/autocert_ws/install/autocert_interfaces/lib/libautocert_interfaces__rosidl_typesupport_c.so
-- Set non-toolchain portion of runtime path of "/home/ubuntu/autocert_ws/install/autocert_interfaces/lib/libautocert_interfaces__rosidl_typesupport_c.so" to ""
-- Installing: /home/ubuntu/autocert_ws/install/autocert_interfaces/lib/libautocert_interfaces__rosidl_typesupport_fastrtps_cpp.so
-- Set non-toolchain portion of runtime path of "/home/ubuntu/autocert_ws/install/autocert_interfaces/lib/libautocert_interfaces__rosidl_typesupport_fastrtps_cpp.so" to ""
-- Installing: /home/ubuntu/autocert_ws/install/autocert_interfaces/lib/libautocert_interfaces__rosidl_typesupport_introspection_cpp.so
-- Set non-toolchain portion of runtime path of "/home/ubuntu/autocert_ws/install/autocert_interfaces/lib/libautocert_interfaces__rosidl_typesupport_introspection_cpp.so" to ""
-- Installing: /home/ubuntu/autocert_ws/install/autocert_interfaces/lib/libautocert_interfaces__rosidl_typesupport_cpp.so
-- Set non-toolchain portion of runtime path of "/home/ubuntu/autocert_ws/install/autocert_interfaces/lib/libautocert_interfaces__rosidl_typesupport_cpp.so" to ""
Listing '/home/ubuntu/autocert_ws/install/autocert_interfaces/lib/python3.12/site-packages/autocert_interfaces'...
Compiling '/home/ubuntu/autocert_ws/install/autocert_interfaces/lib/python3.12/site-packages/autocert_interfaces/__init__.py'...
Listing '/home/ubuntu/autocert_ws/install/autocert_interfaces/lib/python3.12/site-packages/autocert_interfaces/msg'...
Compiling '/home/ubuntu/autocert_ws/install/autocert_interfaces/lib/python3.12/site-packages/autocert_interfaces/msg/__init__.py'...
Compiling '/home/ubuntu/autocert_ws/install/autocert_interfaces/lib/python3.12/site-packages/autocert_interfaces/msg/_pose_measurement.py'...
Listing '/home/ubuntu/autocert_ws/install/autocert_interfaces/lib/python3.12/site-packages/autocert_interfaces/srv'...
Compiling '/home/ubuntu/autocert_ws/install/autocert_interfaces/lib/python3.12/site-packages/autocert_interfaces/srv/__init__.py'...
Compiling '/home/ubuntu/autocert_ws/install/autocert_interfaces/lib/python3.12/site-packages/autocert_interfaces/srv/_batch_fk.py'...
Compiling '/home/ubuntu/autocert_ws/install/autocert_interfaces/lib/python3.12/site-packages/autocert_interfaces/srv/_check_collision.py'...
Compiling '/home/ubuntu/autocert_ws/install/autocert_interfaces/lib/python3.12/site-packages/autocert_interfaces/srv/_get_joint_limits.py'...
Compiling '/home/ubuntu/autocert_ws/install/autocert_interfaces/lib/python3.12/site-packages/autocert_interfaces/srv/_get_robot_info.py'...
Compiling '/home/ubuntu/autocert_ws/install/autocert_interfaces/lib/python3.12/site-packages/autocert_interfaces/srv/_sample_workspace.py'...
-- Installing: /home/ubuntu/autocert_ws/install/autocert_interfaces/lib/libautocert_interfaces__rosidl_generator_py.so
-- Set non-toolchain portion of runtime path of "/home/ubuntu/autocert_ws/install/autocert_interfaces/lib/libautocert_interfaces__rosidl_generator_py.so" to ""
-- Installing: /home/ubuntu/autocert_ws/install/autocert_interfaces/share/autocert_interfaces/cmake/export_autocert_interfaces__rosidl_generator_cExport.cmake
-- Installing: /home/ubuntu/autocert_ws/install/autocert_interfaces/share/autocert_interfaces/cmake/export_autocert_interfaces__rosidl_generator_cExport-noconfig.cmake
-- Installing: /home/ubuntu/autocert_ws/install/autocert_interfaces/share/autocert_interfaces/cmake/export_autocert_interfaces__rosidl_typesupport_fastrtps_cExport.cmake
-- Installing: /home/ubuntu/autocert_ws/install/autocert_interfaces/share/autocert_interfaces/cmake/export_autocert_interfaces__rosidl_typesupport_fastrtps_cExport-noconfig.cmake
-- Installing: /home/ubuntu/autocert_ws/install/autocert_interfaces/share/autocert_interfaces/cmake/autocert_interfaces__rosidl_typesupport_introspection_cExport.cmake
-- Installing: /home/ubuntu/autocert_ws/install/autocert_interfaces/share/autocert_interfaces/cmake/autocert_interfaces__rosidl_typesupport_introspection_cExport-noconfig.cmake
-- Installing: /home/ubuntu/autocert_ws/install/autocert_interfaces/share/autocert_interfaces/cmake/autocert_interfaces__rosidl_typesupport_cExport.cmake
-- Installing: /home/ubuntu/autocert_ws/install/autocert_interfaces/share/autocert_interfaces/cmake/autocert_interfaces__rosidl_typesupport_cExport-noconfig.cmake
-- Installing: /home/ubuntu/autocert_ws/install/autocert_interfaces/share/autocert_interfaces/cmake/export_autocert_interfaces__rosidl_generator_cppExport.cmake
-- Installing: /home/ubuntu/autocert_ws/install/autocert_interfaces/share/autocert_interfaces/cmake/export_autocert_interfaces__rosidl_typesupport_fastrtps_cppExport.cmake
-- Installing: /home/ubuntu/autocert_ws/install/autocert_interfaces/share/autocert_interfaces/cmake/export_autocert_interfaces__rosidl_typesupport_fastrtps_cppExport-noconfig.cmake
-- Installing: /home/ubuntu/autocert_ws/install/autocert_interfaces/share/autocert_interfaces/cmake/autocert_interfaces__rosidl_typesupport_introspection_cppExport.cmake
-- Installing: /home/ubuntu/autocert_ws/install/autocert_interfaces/share/autocert_interfaces/cmake/autocert_interfaces__rosidl_typesupport_introspection_cppExport-noconfig.cmake
-- Installing: /home/ubuntu/autocert_ws/install/autocert_interfaces/share/autocert_interfaces/cmake/autocert_interfaces__rosidl_typesupport_cppExport.cmake
-- Installing: /home/ubuntu/autocert_ws/install/autocert_interfaces/share/autocert_interfaces/cmake/autocert_interfaces__rosidl_typesupport_cppExport-noconfig.cmake
-- Installing: /home/ubuntu/autocert_ws/install/autocert_interfaces/share/autocert_interfaces/cmake/export_autocert_interfaces__rosidl_generator_pyExport.cmake
-- Installing: /home/ubuntu/autocert_ws/install/autocert_interfaces/share/autocert_interfaces/cmake/export_autocert_interfaces__rosidl_generator_pyExport-noconfig.cmake
