[0.052s] Invoking command in '/home/ubuntu/autocert_ws/build/autocert_interfaces': CMAKE_PREFIX_PATH=${CMAKE_PREFIX_PATH}:/home/ubuntu/autocert_ws/install/autocert_experiment:/home/ubuntu/autocert_ws/install/autocert_python:/home/ubuntu/autocert_ws/install/autocert_pipeline:/home/ubuntu/autocert_ws/install/autocert_evaluation:/home/ubuntu/autocert_ws/install/autocert_certification:/opt/ros/jazzy /usr/bin/cmake /home/ubuntu/autocert_ws/src/autocert_interfaces -DAMENT_CMAKE_SYMLINK_INSTALL=1 -DCMAKE_INSTALL_PREFIX=/home/ubuntu/autocert_ws/install/autocert_interfaces
[0.733s] -- The C compiler identification is GNU 13.3.0
[1.195s] -- The CXX compiler identification is GNU 13.3.0
[1.282s] -- Detecting C compiler ABI info
[1.795s] -- Detecting C compiler ABI info - done
[1.821s] -- Check for working C compiler: /usr/bin/cc - skipped
[1.821s] -- Detecting C compile features
[1.822s] -- Detecting C compile features - done
[1.865s] -- Detecting CXX compiler ABI info
[2.363s] -- Detecting CXX compiler ABI info - done
[2.390s] -- Check for working CXX compiler: /usr/bin/c++ - skipped
[2.391s] -- Detecting CXX compile features
[2.393s] -- Detecting CXX compile features - done
[2.697s] -- Found ament_cmake: 2.5.5 (/opt/ros/jazzy/share/ament_cmake/cmake)
[3.569s] -- Found Python3: /usr/bin/python3 (found version "3.12.3") found components: Interpreter 
[3.905s] -- Override CMake install command with custom implementation using symlinks instead of copying resources
[4.733s] -- Found rosidl_default_generators: 1.6.0 (/opt/ros/jazzy/share/rosidl_default_generators/cmake)
[4.883s] -- Using all available rosidl_typesupport_c: rosidl_typesupport_fastrtps_c;rosidl_typesupport_introspection_c
[5.715s] -- Using all available rosidl_typesupport_cpp: rosidl_typesupport_fastrtps_cpp;rosidl_typesupport_introspection_cpp
[6.384s] -- Found rosidl_adapter: 4.6.7 (/opt/ros/jazzy/share/rosidl_adapter/cmake)
[6.442s] -- Found geometry_msgs: 5.3.6 (/opt/ros/jazzy/share/geometry_msgs/cmake)
[10.557s] -- Found ament_cmake_ros: 0.12.0 (/opt/ros/jazzy/share/ament_cmake_ros/cmake)
[13.386s] -- Using all available rosidl_typesupport_c: rosidl_typesupport_fastrtps_c;rosidl_typesupport_introspection_c
[16.935s] -- Using all available rosidl_typesupport_cpp: rosidl_typesupport_fastrtps_cpp;rosidl_typesupport_introspection_cpp
[16.993s] -- Found python_cmake_module: 0.11.1 (/opt/ros/jazzy/share/python_cmake_module/cmake)
[17.784s] -- Found PythonExtra: /usr/bin/python3  
[19.980s] -- Found Python3: /usr/bin/python3 (found version "3.12.3") found components: Interpreter Development NumPy Development.Module Development.Embed 
[20.373s] -- Configuring done (20.2s)
[20.835s] -- Generating done (0.4s)
[20.916s] -- Build files have been written to: /home/ubuntu/autocert_ws/build/autocert_interfaces
[20.962s] Invoked command in '/home/ubuntu/autocert_ws/build/autocert_interfaces' returned '0': CMAKE_PREFIX_PATH=${CMAKE_PREFIX_PATH}:/home/ubuntu/autocert_ws/install/autocert_experiment:/home/ubuntu/autocert_ws/install/autocert_python:/home/ubuntu/autocert_ws/install/autocert_pipeline:/home/ubuntu/autocert_ws/install/autocert_evaluation:/home/ubuntu/autocert_ws/install/autocert_certification:/opt/ros/jazzy /usr/bin/cmake /home/ubuntu/autocert_ws/src/autocert_interfaces -DAMENT_CMAKE_SYMLINK_INSTALL=1 -DCMAKE_INSTALL_PREFIX=/home/ubuntu/autocert_ws/install/autocert_interfaces
[20.968s] Invoking command in '/home/ubuntu/autocert_ws/build/autocert_interfaces': CMAKE_PREFIX_PATH=${CMAKE_PREFIX_PATH}:/home/ubuntu/autocert_ws/install/autocert_experiment:/home/ubuntu/autocert_ws/install/autocert_python:/home/ubuntu/autocert_ws/install/autocert_pipeline:/home/ubuntu/autocert_ws/install/autocert_evaluation:/home/ubuntu/autocert_ws/install/autocert_certification:/opt/ros/jazzy /usr/bin/cmake --build /home/ubuntu/autocert_ws/build/autocert_interfaces -- -j12 -l12
[21.300s] [  1%] [34m[1mGenerating type hashes for ROS interfaces[0m
[21.361s] [  1%] Built target ament_cmake_python_symlink_autocert_interfaces
[22.624s] running egg_info
[22.627s] creating autocert_interfaces.egg-info
[22.770s] writing autocert_interfaces.egg-info/PKG-INFO
[22.771s] writing dependency_links to autocert_interfaces.egg-info/dependency_links.txt
[22.773s] writing top-level names to autocert_interfaces.egg-info/top_level.txt
[22.775s] writing manifest file 'autocert_interfaces.egg-info/SOURCES.txt'
[23.132s] [  1%] Built target autocert_interfaces__rosidl_generator_type_description
[23.200s] [  2%] [34m[1mGenerating C code for ROS interfaces[0m
[23.237s] reading manifest file 'autocert_interfaces.egg-info/SOURCES.txt'
[23.239s] writing manifest file 'autocert_interfaces.egg-info/SOURCES.txt'
[23.279s] [  3%] [34m[1mGenerating C++ code for ROS interfaces[0m
[23.404s] [  3%] Built target ament_cmake_python_build_autocert_interfaces_egg
[26.322s] [  3%] Built target autocert_interfaces__cpp
[26.740s] [  4%] [32mBuilding C object CMakeFiles/autocert_interfaces__rosidl_generator_c.dir/rosidl_generator_c/autocert_interfaces/msg/detail/pose_measurement__description.c.o[0m
[26.749s] [  5%] [32mBuilding C object CMakeFiles/autocert_interfaces__rosidl_generator_c.dir/rosidl_generator_c/autocert_interfaces/srv/detail/get_joint_limits__functions.c.o[0m
[26.754s] [  7%] [32mBuilding C object CMakeFiles/autocert_interfaces__rosidl_generator_c.dir/rosidl_generator_c/autocert_interfaces/msg/detail/pose_measurement__type_support.c.o[0m
[26.761s] [ 10%] [32mBuilding C object CMakeFiles/autocert_interfaces__rosidl_generator_c.dir/rosidl_generator_c/autocert_interfaces/srv/detail/get_joint_limits__type_support.c.o[0m
[26.762s] [ 10%] [32mBuilding C object CMakeFiles/autocert_interfaces__rosidl_generator_c.dir/rosidl_generator_c/autocert_interfaces/srv/detail/batch_fk__functions.c.o[0m
[26.766s] [ 11%] [32mBuilding C object CMakeFiles/autocert_interfaces__rosidl_generator_c.dir/rosidl_generator_c/autocert_interfaces/srv/detail/batch_fk__description.c.o[0m
[26.769s] [ 11%] [32mBuilding C object CMakeFiles/autocert_interfaces__rosidl_generator_c.dir/rosidl_generator_c/autocert_interfaces/msg/detail/pose_measurement__functions.c.o[0m
[26.777s] [ 13%] [32mBuilding C object CMakeFiles/autocert_interfaces__rosidl_generator_c.dir/rosidl_generator_c/autocert_interfaces/srv/detail/batch_fk__type_support.c.o[0m
[26.786s] [ 14%] [32mBuilding C object CMakeFiles/autocert_interfaces__rosidl_generator_c.dir/rosidl_generator_c/autocert_interfaces/srv/detail/get_robot_info__functions.c.o[0m
[26.791s] [ 15%] [32mBuilding C object CMakeFiles/autocert_interfaces__rosidl_generator_c.dir/rosidl_generator_c/autocert_interfaces/srv/detail/get_joint_limits__description.c.o[0m
[26.806s] [ 16%] [32mBuilding C object CMakeFiles/autocert_interfaces__rosidl_generator_c.dir/rosidl_generator_c/autocert_interfaces/srv/detail/get_robot_info__type_support.c.o[0m
[26.815s] [ 17%] [32mBuilding C object CMakeFiles/autocert_interfaces__rosidl_generator_c.dir/rosidl_generator_c/autocert_interfaces/srv/detail/get_robot_info__description.c.o[0m
[27.136s] [ 19%] [32mBuilding C object CMakeFiles/autocert_interfaces__rosidl_generator_c.dir/rosidl_generator_c/autocert_interfaces/srv/detail/check_collision__description.c.o[0m
[27.154s] [ 20%] [32mBuilding C object CMakeFiles/autocert_interfaces__rosidl_generator_c.dir/rosidl_generator_c/autocert_interfaces/srv/detail/check_collision__type_support.c.o[0m
[27.167s] [ 21%] [32mBuilding C object CMakeFiles/autocert_interfaces__rosidl_generator_c.dir/rosidl_generator_c/autocert_interfaces/srv/detail/check_collision__functions.c.o[0m
[27.188s] [ 22%] [32mBuilding C object CMakeFiles/autocert_interfaces__rosidl_generator_c.dir/rosidl_generator_c/autocert_interfaces/srv/detail/sample_workspace__description.c.o[0m
[27.204s] [ 23%] [32mBuilding C object CMakeFiles/autocert_interfaces__rosidl_generator_c.dir/rosidl_generator_c/autocert_interfaces/srv/detail/sample_workspace__functions.c.o[0m
[27.244s] [ 25%] [32mBuilding C object CMakeFiles/autocert_interfaces__rosidl_generator_c.dir/rosidl_generator_c/autocert_interfaces/srv/detail/sample_workspace__type_support.c.o[0m
[27.537s] [ 26%] [32m[1mLinking C shared library libautocert_interfaces__rosidl_generator_c.so[0m
[27.749s] [ 26%] Built target autocert_interfaces__rosidl_generator_c
[27.813s] [ 27%] [34m[1mGenerating C type support for eProsima Fast-RTPS[0m
[27.813s] [ 28%] [34m[1mGenerating C++ type support for eProsima Fast-RTPS[0m
[27.813s] [ 29%] [34m[1mGenerating C introspection for ROS interfaces[0m
[27.817s] [ 30%] [34m[1mGenerating C type support dispatch for ROS interfaces[0m
[27.822s] [ 32%] [34m[1mGenerating C++ introspection for ROS interfaces[0m
[27.831s] [ 33%] [34m[1mGenerating C++ type support dispatch for ROS interfaces[0m
[30.128s] [ 34%] [32mBuilding CXX object CMakeFiles/autocert_interfaces__rosidl_typesupport_c.dir/rosidl_typesupport_c/autocert_interfaces/msg/pose_measurement__type_support.cpp.o[0m
[30.129s] [ 35%] [32mBuilding CXX object CMakeFiles/autocert_interfaces__rosidl_typesupport_c.dir/rosidl_typesupport_c/autocert_interfaces/srv/get_robot_info__type_support.cpp.o[0m
[30.135s] [ 36%] [32mBuilding CXX object CMakeFiles/autocert_interfaces__rosidl_typesupport_c.dir/rosidl_typesupport_c/autocert_interfaces/srv/batch_fk__type_support.cpp.o[0m
[30.154s] [ 38%] [32mBuilding CXX object CMakeFiles/autocert_interfaces__rosidl_typesupport_c.dir/rosidl_typesupport_c/autocert_interfaces/srv/sample_workspace__type_support.cpp.o[0m
[30.159s] [ 39%] [32mBuilding CXX object CMakeFiles/autocert_interfaces__rosidl_typesupport_c.dir/rosidl_typesupport_c/autocert_interfaces/srv/check_collision__type_support.cpp.o[0m
[30.162s] [ 40%] [32mBuilding CXX object CMakeFiles/autocert_interfaces__rosidl_typesupport_c.dir/rosidl_typesupport_c/autocert_interfaces/srv/get_joint_limits__type_support.cpp.o[0m
[30.170s] [ 41%] [32mBuilding CXX object CMakeFiles/autocert_interfaces__rosidl_typesupport_cpp.dir/rosidl_typesupport_cpp/autocert_interfaces/msg/pose_measurement__type_support.cpp.o[0m
[30.181s] [ 42%] [32mBuilding CXX object CMakeFiles/autocert_interfaces__rosidl_typesupport_cpp.dir/rosidl_typesupport_cpp/autocert_interfaces/srv/batch_fk__type_support.cpp.o[0m
[30.491s] [ 44%] [32mBuilding CXX object CMakeFiles/autocert_interfaces__rosidl_typesupport_cpp.dir/rosidl_typesupport_cpp/autocert_interfaces/srv/get_joint_limits__type_support.cpp.o[0m
[30.539s] [ 45%] [32mBuilding CXX object CMakeFiles/autocert_interfaces__rosidl_typesupport_cpp.dir/rosidl_typesupport_cpp/autocert_interfaces/srv/get_robot_info__type_support.cpp.o[0m
[30.558s] [ 46%] [32m[1mLinking CXX shared library libautocert_interfaces__rosidl_typesupport_c.so[0m
[30.602s] [ 47%] [32mBuilding CXX object CMakeFiles/autocert_interfaces__rosidl_typesupport_cpp.dir/rosidl_typesupport_cpp/autocert_interfaces/srv/check_collision__type_support.cpp.o[0m
[30.651s] [ 48%] [32mBuilding CXX object CMakeFiles/autocert_interfaces__rosidl_typesupport_cpp.dir/rosidl_typesupport_cpp/autocert_interfaces/srv/sample_workspace__type_support.cpp.o[0m
[30.936s] [ 48%] Built target autocert_interfaces__rosidl_typesupport_c
[30.959s] [ 50%] [32mBuilding CXX object CMakeFiles/autocert_interfaces__rosidl_typesupport_introspection_cpp.dir/rosidl_typesupport_introspection_cpp/autocert_interfaces/msg/detail/pose_measurement__type_support.cpp.o[0m
[30.965s] [ 51%] [32mBuilding CXX object CMakeFiles/autocert_interfaces__rosidl_typesupport_introspection_cpp.dir/rosidl_typesupport_introspection_cpp/autocert_interfaces/srv/detail/batch_fk__type_support.cpp.o[0m
[31.005s] [ 52%] [32mBuilding CXX object CMakeFiles/autocert_interfaces__rosidl_typesupport_introspection_cpp.dir/rosidl_typesupport_introspection_cpp/autocert_interfaces/srv/detail/get_joint_limits__type_support.cpp.o[0m
[31.085s] [ 53%] [32mBuilding C object CMakeFiles/autocert_interfaces__rosidl_typesupport_introspection_c.dir/rosidl_typesupport_introspection_c/autocert_interfaces/msg/detail/pose_measurement__type_support.c.o[0m
[31.640s] [ 54%] [32mBuilding C object CMakeFiles/autocert_interfaces__rosidl_typesupport_introspection_c.dir/rosidl_typesupport_introspection_c/autocert_interfaces/srv/detail/batch_fk__type_support.c.o[0m
[32.470s] [ 55%] [32mBuilding C object CMakeFiles/autocert_interfaces__rosidl_typesupport_introspection_c.dir/rosidl_typesupport_introspection_c/autocert_interfaces/srv/detail/get_joint_limits__type_support.c.o[0m
[32.715s] [ 57%] [32mBuilding CXX object CMakeFiles/autocert_interfaces__rosidl_typesupport_fastrtps_cpp.dir/rosidl_typesupport_fastrtps_cpp/autocert_interfaces/msg/detail/dds_fastrtps/pose_measurement__type_support.cpp.o[0m
[32.989s] [ 58%] [32mBuilding CXX object CMakeFiles/autocert_interfaces__rosidl_typesupport_fastrtps_cpp.dir/rosidl_typesupport_fastrtps_cpp/autocert_interfaces/srv/detail/dds_fastrtps/batch_fk__type_support.cpp.o[0m
[33.040s] [ 59%] [32mBuilding C object CMakeFiles/autocert_interfaces__rosidl_typesupport_introspection_c.dir/rosidl_typesupport_introspection_c/autocert_interfaces/srv/detail/get_robot_info__type_support.c.o[0m
[33.813s] [ 61%] [32mBuilding CXX object CMakeFiles/autocert_interfaces__rosidl_typesupport_fastrtps_c.dir/rosidl_typesupport_fastrtps_c/autocert_interfaces/msg/detail/pose_measurement__type_support_c.cpp.o[0m
[33.820s] [ 61%] [32mBuilding C object CMakeFiles/autocert_interfaces__rosidl_typesupport_introspection_c.dir/rosidl_typesupport_introspection_c/autocert_interfaces/srv/detail/check_collision__type_support.c.o[0m
[33.971s] [ 63%] [32mBuilding CXX object CMakeFiles/autocert_interfaces__rosidl_typesupport_fastrtps_c.dir/rosidl_typesupport_fastrtps_c/autocert_interfaces/srv/detail/batch_fk__type_support_c.cpp.o[0m
[34.305s] [ 64%] [32mBuilding CXX object CMakeFiles/autocert_interfaces__rosidl_typesupport_introspection_cpp.dir/rosidl_typesupport_introspection_cpp/autocert_interfaces/srv/detail/get_robot_info__type_support.cpp.o[0m
[34.324s] [ 65%] [32mBuilding C object CMakeFiles/autocert_interfaces__rosidl_typesupport_introspection_c.dir/rosidl_typesupport_introspection_c/autocert_interfaces/srv/detail/sample_workspace__type_support.c.o[0m
[34.400s] [ 66%] [32mBuilding CXX object CMakeFiles/autocert_interfaces__rosidl_typesupport_fastrtps_cpp.dir/rosidl_typesupport_fastrtps_cpp/autocert_interfaces/srv/detail/dds_fastrtps/get_joint_limits__type_support.cpp.o[0m
[34.420s] [ 67%] [32mBuilding CXX object CMakeFiles/autocert_interfaces__rosidl_typesupport_introspection_cpp.dir/rosidl_typesupport_introspection_cpp/autocert_interfaces/srv/detail/check_collision__type_support.cpp.o[0m
[34.432s] [ 69%] [32mBuilding CXX object CMakeFiles/autocert_interfaces__rosidl_typesupport_fastrtps_c.dir/rosidl_typesupport_fastrtps_c/autocert_interfaces/srv/detail/get_joint_limits__type_support_c.cpp.o[0m
[34.604s] [ 70%] [32m[1mLinking CXX shared library libautocert_interfaces__rosidl_typesupport_cpp.so[0m
[34.723s] [ 71%] [32m[1mLinking C shared library libautocert_interfaces__rosidl_typesupport_introspection_c.so[0m
[35.213s] [ 71%] Built target autocert_interfaces__rosidl_typesupport_introspection_c
[35.232s] [ 72%] [32mBuilding CXX object CMakeFiles/autocert_interfaces__rosidl_typesupport_fastrtps_cpp.dir/rosidl_typesupport_fastrtps_cpp/autocert_interfaces/srv/detail/dds_fastrtps/get_robot_info__type_support.cpp.o[0m
[35.354s] [ 73%] [32mBuilding CXX object CMakeFiles/autocert_interfaces__rosidl_typesupport_fastrtps_c.dir/rosidl_typesupport_fastrtps_c/autocert_interfaces/srv/detail/get_robot_info__type_support_c.cpp.o[0m
[35.412s] [ 73%] Built target autocert_interfaces__rosidl_typesupport_cpp
[35.498s] [ 75%] [32mBuilding CXX object CMakeFiles/autocert_interfaces__rosidl_typesupport_fastrtps_c.dir/rosidl_typesupport_fastrtps_c/autocert_interfaces/srv/detail/check_collision__type_support_c.cpp.o[0m
[35.893s] [ 76%] [32mBuilding CXX object CMakeFiles/autocert_interfaces__rosidl_typesupport_introspection_cpp.dir/rosidl_typesupport_introspection_cpp/autocert_interfaces/srv/detail/sample_workspace__type_support.cpp.o[0m
[35.955s] [ 77%] [32mBuilding CXX object CMakeFiles/autocert_interfaces__rosidl_typesupport_fastrtps_cpp.dir/rosidl_typesupport_fastrtps_cpp/autocert_interfaces/srv/detail/dds_fastrtps/check_collision__type_support.cpp.o[0m
[37.654s] [ 78%] [32mBuilding CXX object CMakeFiles/autocert_interfaces__rosidl_typesupport_fastrtps_c.dir/rosidl_typesupport_fastrtps_c/autocert_interfaces/srv/detail/sample_workspace__type_support_c.cpp.o[0m
[37.972s] [ 79%] [32mBuilding CXX object CMakeFiles/autocert_interfaces__rosidl_typesupport_fastrtps_cpp.dir/rosidl_typesupport_fastrtps_cpp/autocert_interfaces/srv/detail/dds_fastrtps/sample_workspace__type_support.cpp.o[0m
[39.818s] [ 80%] [32m[1mLinking CXX shared library libautocert_interfaces__rosidl_typesupport_introspection_cpp.so[0m
[40.013s] [ 82%] [32m[1mLinking CXX shared library libautocert_interfaces__rosidl_typesupport_fastrtps_c.so[0m
[40.333s] [ 82%] Built target autocert_interfaces__rosidl_typesupport_introspection_cpp
[40.462s] [ 82%] Built target autocert_interfaces__rosidl_typesupport_fastrtps_c
[41.481s] [ 83%] [32m[1mLinking CXX shared library libautocert_interfaces__rosidl_typesupport_fastrtps_cpp.so[0m
[42.051s] [ 83%] Built target autocert_interfaces__rosidl_typesupport_fastrtps_cpp
[42.177s] [ 83%] Built target autocert_interfaces
[42.301s] [ 84%] [34m[1mGenerating Python code for ROS interfaces[0m
[47.557s] [ 84%] Built target autocert_interfaces__py
[47.679s] [ 85%] [32mBuilding C object CMakeFiles/autocert_interfaces__rosidl_generator_py.dir/rosidl_generator_py/autocert_interfaces/srv/_get_joint_limits_s.c.o[0m
[47.680s] [ 88%] [32mBuilding C object CMakeFiles/autocert_interfaces__rosidl_generator_py.dir/rosidl_generator_py/autocert_interfaces/srv/_batch_fk_s.c.o[0m
[47.681s] [ 88%] [32mBuilding C object CMakeFiles/autocert_interfaces__rosidl_generator_py.dir/rosidl_generator_py/autocert_interfaces/srv/_sample_workspace_s.c.o[0m
[47.693s] [ 89%] [32mBuilding C object CMakeFiles/autocert_interfaces__rosidl_generator_py.dir/rosidl_generator_py/autocert_interfaces/msg/_pose_measurement_s.c.o[0m
[47.694s] [ 90%] [32mBuilding C object CMakeFiles/autocert_interfaces__rosidl_generator_py.dir/rosidl_generator_py/autocert_interfaces/srv/_check_collision_s.c.o[0m
[47.697s] [ 91%] [32mBuilding C object CMakeFiles/autocert_interfaces__rosidl_generator_py.dir/rosidl_generator_py/autocert_interfaces/srv/_get_robot_info_s.c.o[0m
[48.706s] [ 92%] [32m[1mLinking C shared library libautocert_interfaces__rosidl_generator_py.so[0m
[48.990s] [ 92%] Built target autocert_interfaces__rosidl_generator_py
[49.106s] [ 94%] [32mBuilding C object CMakeFiles/autocert_interfaces_s__rosidl_typesupport_fastrtps_c.dir/rosidl_generator_py/autocert_interfaces/_autocert_interfaces_s.ep.rosidl_typesupport_fastrtps_c.c.o[0m
[49.108s] [ 95%] [32mBuilding C object CMakeFiles/autocert_interfaces_s__rosidl_typesupport_c.dir/rosidl_generator_py/autocert_interfaces/_autocert_interfaces_s.ep.rosidl_typesupport_c.c.o[0m
[49.116s] [ 96%] [32mBuilding C object CMakeFiles/autocert_interfaces_s__rosidl_typesupport_introspection_c.dir/rosidl_generator_py/autocert_interfaces/_autocert_interfaces_s.ep.rosidl_typesupport_introspection_c.c.o[0m
[49.734s] [ 97%] [32m[1mLinking C shared module rosidl_generator_py/autocert_interfaces/autocert_interfaces_s__rosidl_typesupport_c.so[0m
[49.749s] [ 98%] [32m[1mLinking C shared module rosidl_generator_py/autocert_interfaces/autocert_interfaces_s__rosidl_typesupport_introspection_c.so[0m
[49.777s] [100%] [32m[1mLinking C shared module rosidl_generator_py/autocert_interfaces/autocert_interfaces_s__rosidl_typesupport_fastrtps_c.so[0m
[49.919s] [100%] Built target autocert_interfaces_s__rosidl_typesupport_c
[49.943s] [100%] Built target autocert_interfaces_s__rosidl_typesupport_introspection_c
[49.982s] [100%] Built target autocert_interfaces_s__rosidl_typesupport_fastrtps_c
[50.060s] Invoked command in '/home/ubuntu/autocert_ws/build/autocert_interfaces' returned '0': CMAKE_PREFIX_PATH=${CMAKE_PREFIX_PATH}:/home/ubuntu/autocert_ws/install/autocert_experiment:/home/ubuntu/autocert_ws/install/autocert_python:/home/ubuntu/autocert_ws/install/autocert_pipeline:/home/ubuntu/autocert_ws/install/autocert_evaluation:/home/ubuntu/autocert_ws/install/autocert_certification:/opt/ros/jazzy /usr/bin/cmake --build /home/ubuntu/autocert_ws/build/autocert_interfaces -- -j12 -l12
[50.122s] Invoking command in '/home/ubuntu/autocert_ws/build/autocert_interfaces': CMAKE_PREFIX_PATH=${CMAKE_PREFIX_PATH}:/home/ubuntu/autocert_ws/install/autocert_experiment:/home/ubuntu/autocert_ws/install/autocert_python:/home/ubuntu/autocert_ws/install/autocert_pipeline:/home/ubuntu/autocert_ws/install/autocert_evaluation:/home/ubuntu/autocert_ws/install/autocert_certification:/opt/ros/jazzy /usr/bin/cmake --install /home/ubuntu/autocert_ws/build/autocert_interfaces
[50.194s] -- Install configuration: ""
[50.198s] -- Execute custom install script
[50.213s] -- Symlinking: /home/ubuntu/autocert_ws/install/autocert_interfaces/share/ament_index/resource_index/rosidl_interfaces/autocert_interfaces
[50.278s] -- Symlinking: /home/ubuntu/autocert_ws/install/autocert_interfaces/share/autocert_interfaces/msg/PoseMeasurement.json
[50.341s] -- Symlinking: /home/ubuntu/autocert_ws/install/autocert_interfaces/share/autocert_interfaces/srv/BatchFK.json
[50.402s] -- Symlinking: /home/ubuntu/autocert_ws/install/autocert_interfaces/share/autocert_interfaces/srv/GetJointLimits.json
[50.464s] -- Symlinking: /home/ubuntu/autocert_ws/install/autocert_interfaces/share/autocert_interfaces/srv/GetRobotInfo.json
[50.526s] -- Symlinking: /home/ubuntu/autocert_ws/install/autocert_interfaces/share/autocert_interfaces/srv/CheckCollision.json
[50.580s] -- Symlinking: /home/ubuntu/autocert_ws/install/autocert_interfaces/share/autocert_interfaces/srv/SampleWorkspace.json
[50.648s] -- Symlinking: /home/ubuntu/autocert_ws/install/autocert_interfaces/include/autocert_interfaces/autocert_interfaces/msg/detail/pose_measurement__functions.h
[50.708s] -- Symlinking: /home/ubuntu/autocert_ws/install/autocert_interfaces/include/autocert_interfaces/autocert_interfaces/msg/detail/pose_measurement__struct.h
[50.789s] -- Symlinking: /home/ubuntu/autocert_ws/install/autocert_interfaces/include/autocert_interfaces/autocert_interfaces/msg/detail/pose_measurement__type_support.h
[50.873s] -- Symlinking: /home/ubuntu/autocert_ws/install/autocert_interfaces/include/autocert_interfaces/autocert_interfaces/msg/pose_measurement.h
[50.940s] -- Symlinking: /home/ubuntu/autocert_ws/install/autocert_interfaces/include/autocert_interfaces/autocert_interfaces/msg/rosidl_generator_c__visibility_control.h
[51.022s] -- Symlinking: /home/ubuntu/autocert_ws/install/autocert_interfaces/include/autocert_interfaces/autocert_interfaces/srv/batch_fk.h
[51.079s] -- Symlinking: /home/ubuntu/autocert_ws/install/autocert_interfaces/include/autocert_interfaces/autocert_interfaces/srv/check_collision.h
[51.153s] -- Symlinking: /home/ubuntu/autocert_ws/install/autocert_interfaces/include/autocert_interfaces/autocert_interfaces/srv/detail/batch_fk__functions.h
[51.225s] -- Symlinking: /home/ubuntu/autocert_ws/install/autocert_interfaces/include/autocert_interfaces/autocert_interfaces/srv/detail/batch_fk__struct.h
[51.288s] -- Symlinking: /home/ubuntu/autocert_ws/install/autocert_interfaces/include/autocert_interfaces/autocert_interfaces/srv/detail/batch_fk__type_support.h
[51.348s] -- Symlinking: /home/ubuntu/autocert_ws/install/autocert_interfaces/include/autocert_interfaces/autocert_interfaces/srv/detail/check_collision__functions.h
[51.402s] -- Symlinking: /home/ubuntu/autocert_ws/install/autocert_interfaces/include/autocert_interfaces/autocert_interfaces/srv/detail/check_collision__struct.h
[51.453s] -- Symlinking: /home/ubuntu/autocert_ws/install/autocert_interfaces/include/autocert_interfaces/autocert_interfaces/srv/detail/check_collision__type_support.h
[51.506s] -- Symlinking: /home/ubuntu/autocert_ws/install/autocert_interfaces/include/autocert_interfaces/autocert_interfaces/srv/detail/get_joint_limits__functions.h
[51.560s] -- Symlinking: /home/ubuntu/autocert_ws/install/autocert_interfaces/include/autocert_interfaces/autocert_interfaces/srv/detail/get_joint_limits__struct.h
[51.613s] -- Symlinking: /home/ubuntu/autocert_ws/install/autocert_interfaces/include/autocert_interfaces/autocert_interfaces/srv/detail/get_joint_limits__type_support.h
[51.674s] -- Symlinking: /home/ubuntu/autocert_ws/install/autocert_interfaces/include/autocert_interfaces/autocert_interfaces/srv/detail/get_robot_info__functions.h
[51.729s] -- Symlinking: /home/ubuntu/autocert_ws/install/autocert_interfaces/include/autocert_interfaces/autocert_interfaces/srv/detail/get_robot_info__struct.h
[51.792s] -- Symlinking: /home/ubuntu/autocert_ws/install/autocert_interfaces/include/autocert_interfaces/autocert_interfaces/srv/detail/get_robot_info__type_support.h
[51.841s] -- Symlinking: /home/ubuntu/autocert_ws/install/autocert_interfaces/include/autocert_interfaces/autocert_interfaces/srv/detail/sample_workspace__functions.h
[51.901s] -- Symlinking: /home/ubuntu/autocert_ws/install/autocert_interfaces/include/autocert_interfaces/autocert_interfaces/srv/detail/sample_workspace__struct.h
[51.967s] -- Symlinking: /home/ubuntu/autocert_ws/install/autocert_interfaces/include/autocert_interfaces/autocert_interfaces/srv/detail/sample_workspace__type_support.h
[52.022s] -- Symlinking: /home/ubuntu/autocert_ws/install/autocert_interfaces/include/autocert_interfaces/autocert_interfaces/srv/get_joint_limits.h
[52.070s] -- Symlinking: /home/ubuntu/autocert_ws/install/autocert_interfaces/include/autocert_interfaces/autocert_interfaces/srv/get_robot_info.h
[52.117s] -- Symlinking: /home/ubuntu/autocert_ws/install/autocert_interfaces/include/autocert_interfaces/autocert_interfaces/srv/sample_workspace.h
[52.165s] -- Symlinking: /home/ubuntu/autocert_ws/install/autocert_interfaces/share/autocert_interfaces/environment/library_path.sh
[52.212s] -- Symlinking: /home/ubuntu/autocert_ws/install/autocert_interfaces/share/autocert_interfaces/environment/library_path.dsv
[52.262s] -- Symlinking: /home/ubuntu/autocert_ws/install/autocert_interfaces/include/autocert_interfaces/autocert_interfaces/msg/detail/pose_measurement__rosidl_typesupport_fastrtps_c.h
[52.310s] -- Symlinking: /home/ubuntu/autocert_ws/install/autocert_interfaces/include/autocert_interfaces/autocert_interfaces/msg/rosidl_typesupport_fastrtps_c__visibility_control.h
[52.357s] -- Symlinking: /home/ubuntu/autocert_ws/install/autocert_interfaces/include/autocert_interfaces/autocert_interfaces/srv/detail/batch_fk__rosidl_typesupport_fastrtps_c.h
[52.406s] -- Symlinking: /home/ubuntu/autocert_ws/install/autocert_interfaces/include/autocert_interfaces/autocert_interfaces/srv/detail/check_collision__rosidl_typesupport_fastrtps_c.h
[52.455s] -- Symlinking: /home/ubuntu/autocert_ws/install/autocert_interfaces/include/autocert_interfaces/autocert_interfaces/srv/detail/get_joint_limits__rosidl_typesupport_fastrtps_c.h
[52.504s] -- Symlinking: /home/ubuntu/autocert_ws/install/autocert_interfaces/include/autocert_interfaces/autocert_interfaces/srv/detail/get_robot_info__rosidl_typesupport_fastrtps_c.h
[52.550s] -- Symlinking: /home/ubuntu/autocert_ws/install/autocert_interfaces/include/autocert_interfaces/autocert_interfaces/srv/detail/sample_workspace__rosidl_typesupport_fastrtps_c.h
[52.605s] -- Symlinking: /home/ubuntu/autocert_ws/install/autocert_interfaces/include/autocert_interfaces/autocert_interfaces/msg/detail/pose_measurement__rosidl_typesupport_introspection_c.h
[52.660s] -- Symlinking: /home/ubuntu/autocert_ws/install/autocert_interfaces/include/autocert_interfaces/autocert_interfaces/msg/rosidl_typesupport_introspection_c__visibility_control.h
[52.721s] -- Symlinking: /home/ubuntu/autocert_ws/install/autocert_interfaces/include/autocert_interfaces/autocert_interfaces/srv/detail/batch_fk__rosidl_typesupport_introspection_c.h
[52.794s] -- Symlinking: /home/ubuntu/autocert_ws/install/autocert_interfaces/include/autocert_interfaces/autocert_interfaces/srv/detail/check_collision__rosidl_typesupport_introspection_c.h
[52.853s] -- Symlinking: /home/ubuntu/autocert_ws/install/autocert_interfaces/include/autocert_interfaces/autocert_interfaces/srv/detail/get_joint_limits__rosidl_typesupport_introspection_c.h
[52.910s] -- Symlinking: /home/ubuntu/autocert_ws/install/autocert_interfaces/include/autocert_interfaces/autocert_interfaces/srv/detail/get_robot_info__rosidl_typesupport_introspection_c.h
[52.962s] -- Symlinking: /home/ubuntu/autocert_ws/install/autocert_interfaces/include/autocert_interfaces/autocert_interfaces/srv/detail/sample_workspace__rosidl_typesupport_introspection_c.h
[53.023s] -- Symlinking: /home/ubuntu/autocert_ws/install/autocert_interfaces/include/autocert_interfaces/autocert_interfaces/msg/detail/pose_measurement__builder.hpp
[53.074s] -- Symlinking: /home/ubuntu/autocert_ws/install/autocert_interfaces/include/autocert_interfaces/autocert_interfaces/msg/detail/pose_measurement__struct.hpp
[53.129s] -- Symlinking: /home/ubuntu/autocert_ws/install/autocert_interfaces/include/autocert_interfaces/autocert_interfaces/msg/detail/pose_measurement__traits.hpp
[53.184s] -- Symlinking: /home/ubuntu/autocert_ws/install/autocert_interfaces/include/autocert_interfaces/autocert_interfaces/msg/detail/pose_measurement__type_support.hpp
[53.238s] -- Symlinking: /home/ubuntu/autocert_ws/install/autocert_interfaces/include/autocert_interfaces/autocert_interfaces/msg/pose_measurement.hpp
[53.304s] -- Symlinking: /home/ubuntu/autocert_ws/install/autocert_interfaces/include/autocert_interfaces/autocert_interfaces/msg/rosidl_generator_cpp__visibility_control.hpp
[53.349s] -- Symlinking: /home/ubuntu/autocert_ws/install/autocert_interfaces/include/autocert_interfaces/autocert_interfaces/srv/batch_fk.hpp
[53.395s] -- Symlinking: /home/ubuntu/autocert_ws/install/autocert_interfaces/include/autocert_interfaces/autocert_interfaces/srv/check_collision.hpp
[53.451s] -- Symlinking: /home/ubuntu/autocert_ws/install/autocert_interfaces/include/autocert_interfaces/autocert_interfaces/srv/detail/batch_fk__builder.hpp
[53.504s] -- Symlinking: /home/ubuntu/autocert_ws/install/autocert_interfaces/include/autocert_interfaces/autocert_interfaces/srv/detail/batch_fk__struct.hpp
[53.569s] -- Symlinking: /home/ubuntu/autocert_ws/install/autocert_interfaces/include/autocert_interfaces/autocert_interfaces/srv/detail/batch_fk__traits.hpp
[53.631s] -- Symlinking: /home/ubuntu/autocert_ws/install/autocert_interfaces/include/autocert_interfaces/autocert_interfaces/srv/detail/batch_fk__type_support.hpp
[53.685s] -- Symlinking: /home/ubuntu/autocert_ws/install/autocert_interfaces/include/autocert_interfaces/autocert_interfaces/srv/detail/check_collision__builder.hpp
[53.731s] -- Symlinking: /home/ubuntu/autocert_ws/install/autocert_interfaces/include/autocert_interfaces/autocert_interfaces/srv/detail/check_collision__struct.hpp
[53.789s] -- Symlinking: /home/ubuntu/autocert_ws/install/autocert_interfaces/include/autocert_interfaces/autocert_interfaces/srv/detail/check_collision__traits.hpp
[53.848s] -- Symlinking: /home/ubuntu/autocert_ws/install/autocert_interfaces/include/autocert_interfaces/autocert_interfaces/srv/detail/check_collision__type_support.hpp
[53.917s] -- Symlinking: /home/ubuntu/autocert_ws/install/autocert_interfaces/include/autocert_interfaces/autocert_interfaces/srv/detail/get_joint_limits__builder.hpp
[53.978s] -- Symlinking: /home/ubuntu/autocert_ws/install/autocert_interfaces/include/autocert_interfaces/autocert_interfaces/srv/detail/get_joint_limits__struct.hpp
[54.036s] -- Symlinking: /home/ubuntu/autocert_ws/install/autocert_interfaces/include/autocert_interfaces/autocert_interfaces/srv/detail/get_joint_limits__traits.hpp
[54.093s] -- Symlinking: /home/ubuntu/autocert_ws/install/autocert_interfaces/include/autocert_interfaces/autocert_interfaces/srv/detail/get_joint_limits__type_support.hpp
[54.141s] -- Symlinking: /home/ubuntu/autocert_ws/install/autocert_interfaces/include/autocert_interfaces/autocert_interfaces/srv/detail/get_robot_info__builder.hpp
[54.193s] -- Symlinking: /home/ubuntu/autocert_ws/install/autocert_interfaces/include/autocert_interfaces/autocert_interfaces/srv/detail/get_robot_info__struct.hpp
[54.247s] -- Symlinking: /home/ubuntu/autocert_ws/install/autocert_interfaces/include/autocert_interfaces/autocert_interfaces/srv/detail/get_robot_info__traits.hpp
[54.295s] -- Symlinking: /home/ubuntu/autocert_ws/install/autocert_interfaces/include/autocert_interfaces/autocert_interfaces/srv/detail/get_robot_info__type_support.hpp
[54.346s] -- Symlinking: /home/ubuntu/autocert_ws/install/autocert_interfaces/include/autocert_interfaces/autocert_interfaces/srv/detail/sample_workspace__builder.hpp
[54.408s] -- Symlinking: /home/ubuntu/autocert_ws/install/autocert_interfaces/include/autocert_interfaces/autocert_interfaces/srv/detail/sample_workspace__struct.hpp
[54.477s] -- Symlinking: /home/ubuntu/autocert_ws/install/autocert_interfaces/include/autocert_interfaces/autocert_interfaces/srv/detail/sample_workspace__traits.hpp
[54.539s] -- Symlinking: /home/ubuntu/autocert_ws/install/autocert_interfaces/include/autocert_interfaces/autocert_interfaces/srv/detail/sample_workspace__type_support.hpp
[54.603s] -- Symlinking: /home/ubuntu/autocert_ws/install/autocert_interfaces/include/autocert_interfaces/autocert_interfaces/srv/get_joint_limits.hpp
[54.660s] -- Symlinking: /home/ubuntu/autocert_ws/install/autocert_interfaces/include/autocert_interfaces/autocert_interfaces/srv/get_robot_info.hpp
[54.716s] -- Symlinking: /home/ubuntu/autocert_ws/install/autocert_interfaces/include/autocert_interfaces/autocert_interfaces/srv/sample_workspace.hpp
[54.774s] -- Symlinking: /home/ubuntu/autocert_ws/install/autocert_interfaces/include/autocert_interfaces/autocert_interfaces/msg/detail/pose_measurement__rosidl_typesupport_fastrtps_cpp.hpp
[54.838s] -- Symlinking: /home/ubuntu/autocert_ws/install/autocert_interfaces/include/autocert_interfaces/autocert_interfaces/msg/rosidl_typesupport_fastrtps_cpp__visibility_control.h
[54.890s] -- Symlinking: /home/ubuntu/autocert_ws/install/autocert_interfaces/include/autocert_interfaces/autocert_interfaces/srv/detail/batch_fk__rosidl_typesupport_fastrtps_cpp.hpp
[54.942s] -- Symlinking: /home/ubuntu/autocert_ws/install/autocert_interfaces/include/autocert_interfaces/autocert_interfaces/srv/detail/check_collision__rosidl_typesupport_fastrtps_cpp.hpp
[55.000s] -- Symlinking: /home/ubuntu/autocert_ws/install/autocert_interfaces/include/autocert_interfaces/autocert_interfaces/srv/detail/get_joint_limits__rosidl_typesupport_fastrtps_cpp.hpp
[55.056s] -- Symlinking: /home/ubuntu/autocert_ws/install/autocert_interfaces/include/autocert_interfaces/autocert_interfaces/srv/detail/get_robot_info__rosidl_typesupport_fastrtps_cpp.hpp
[55.121s] -- Symlinking: /home/ubuntu/autocert_ws/install/autocert_interfaces/include/autocert_interfaces/autocert_interfaces/srv/detail/sample_workspace__rosidl_typesupport_fastrtps_cpp.hpp
[55.178s] -- Symlinking: /home/ubuntu/autocert_ws/install/autocert_interfaces/include/autocert_interfaces/autocert_interfaces/msg/detail/pose_measurement__rosidl_typesupport_introspection_cpp.hpp
[55.238s] -- Symlinking: /home/ubuntu/autocert_ws/install/autocert_interfaces/include/autocert_interfaces/autocert_interfaces/srv/detail/batch_fk__rosidl_typesupport_introspection_cpp.hpp
[55.295s] -- Symlinking: /home/ubuntu/autocert_ws/install/autocert_interfaces/include/autocert_interfaces/autocert_interfaces/srv/detail/check_collision__rosidl_typesupport_introspection_cpp.hpp
[55.353s] -- Symlinking: /home/ubuntu/autocert_ws/install/autocert_interfaces/include/autocert_interfaces/autocert_interfaces/srv/detail/get_joint_limits__rosidl_typesupport_introspection_cpp.hpp
[55.411s] -- Symlinking: /home/ubuntu/autocert_ws/install/autocert_interfaces/include/autocert_interfaces/autocert_interfaces/srv/detail/get_robot_info__rosidl_typesupport_introspection_cpp.hpp
[55.469s] -- Symlinking: /home/ubuntu/autocert_ws/install/autocert_interfaces/include/autocert_interfaces/autocert_interfaces/srv/detail/sample_workspace__rosidl_typesupport_introspection_cpp.hpp
[55.526s] -- Symlinking: /home/ubuntu/autocert_ws/install/autocert_interfaces/share/autocert_interfaces/environment/pythonpath.sh
[55.580s] -- Symlinking: /home/ubuntu/autocert_ws/install/autocert_interfaces/share/autocert_interfaces/environment/pythonpath.dsv
[55.649s] -- Symlinking: /home/ubuntu/autocert_ws/install/autocert_interfaces/lib/python3.12/site-packages/autocert_interfaces-0.0.0-py3.12.egg-info/PKG-INFO
[55.716s] -- Symlinking: /home/ubuntu/autocert_ws/install/autocert_interfaces/lib/python3.12/site-packages/autocert_interfaces-0.0.0-py3.12.egg-info/SOURCES.txt
[55.782s] -- Symlinking: /home/ubuntu/autocert_ws/install/autocert_interfaces/lib/python3.12/site-packages/autocert_interfaces-0.0.0-py3.12.egg-info/dependency_links.txt
[55.853s] -- Symlinking: /home/ubuntu/autocert_ws/install/autocert_interfaces/lib/python3.12/site-packages/autocert_interfaces-0.0.0-py3.12.egg-info/top_level.txt
[55.923s] -- Symlinking: /home/ubuntu/autocert_ws/install/autocert_interfaces/lib/python3.12/site-packages/autocert_interfaces/__init__.py
[55.991s] -- Symlinking: /home/ubuntu/autocert_ws/install/autocert_interfaces/lib/python3.12/site-packages/autocert_interfaces/_autocert_interfaces_s.ep.rosidl_typesupport_c.c
[56.056s] -- Symlinking: /home/ubuntu/autocert_ws/install/autocert_interfaces/lib/python3.12/site-packages/autocert_interfaces/_autocert_interfaces_s.ep.rosidl_typesupport_fastrtps_c.c
[56.115s] -- Symlinking: /home/ubuntu/autocert_ws/install/autocert_interfaces/lib/python3.12/site-packages/autocert_interfaces/_autocert_interfaces_s.ep.rosidl_typesupport_introspection_c.c
[56.188s] -- Symlinking: /home/ubuntu/autocert_ws/install/autocert_interfaces/lib/python3.12/site-packages/autocert_interfaces/autocert_interfaces_s__rosidl_typesupport_c.so
[56.244s] -- Symlinking: /home/ubuntu/autocert_ws/install/autocert_interfaces/lib/python3.12/site-packages/autocert_interfaces/autocert_interfaces_s__rosidl_typesupport_fastrtps_c.so
[56.307s] -- Symlinking: /home/ubuntu/autocert_ws/install/autocert_interfaces/lib/python3.12/site-packages/autocert_interfaces/autocert_interfaces_s__rosidl_typesupport_introspection_c.so
[56.376s] -- Symlinking: /home/ubuntu/autocert_ws/install/autocert_interfaces/lib/python3.12/site-packages/autocert_interfaces/msg/__init__.py
[56.435s] -- Symlinking: /home/ubuntu/autocert_ws/install/autocert_interfaces/lib/python3.12/site-packages/autocert_interfaces/msg/_pose_measurement.py
[56.494s] -- Symlinking: /home/ubuntu/autocert_ws/install/autocert_interfaces/lib/python3.12/site-packages/autocert_interfaces/msg/_pose_measurement_s.c
[56.550s] -- Symlinking: /home/ubuntu/autocert_ws/install/autocert_interfaces/lib/python3.12/site-packages/autocert_interfaces/srv/__init__.py
[56.608s] -- Symlinking: /home/ubuntu/autocert_ws/install/autocert_interfaces/lib/python3.12/site-packages/autocert_interfaces/srv/_batch_fk.py
[56.664s] -- Symlinking: /home/ubuntu/autocert_ws/install/autocert_interfaces/lib/python3.12/site-packages/autocert_interfaces/srv/_batch_fk_s.c
[56.734s] -- Symlinking: /home/ubuntu/autocert_ws/install/autocert_interfaces/lib/python3.12/site-packages/autocert_interfaces/srv/_check_collision.py
[56.790s] -- Symlinking: /home/ubuntu/autocert_ws/install/autocert_interfaces/lib/python3.12/site-packages/autocert_interfaces/srv/_check_collision_s.c
[56.859s] -- Symlinking: /home/ubuntu/autocert_ws/install/autocert_interfaces/lib/python3.12/site-packages/autocert_interfaces/srv/_get_joint_limits.py
[56.911s] -- Symlinking: /home/ubuntu/autocert_ws/install/autocert_interfaces/lib/python3.12/site-packages/autocert_interfaces/srv/_get_joint_limits_s.c
[56.974s] -- Symlinking: /home/ubuntu/autocert_ws/install/autocert_interfaces/lib/python3.12/site-packages/autocert_interfaces/srv/_get_robot_info.py
[57.032s] -- Symlinking: /home/ubuntu/autocert_ws/install/autocert_interfaces/lib/python3.12/site-packages/autocert_interfaces/srv/_get_robot_info_s.c
[57.096s] -- Symlinking: /home/ubuntu/autocert_ws/install/autocert_interfaces/lib/python3.12/site-packages/autocert_interfaces/srv/_sample_workspace.py
[57.152s] -- Symlinking: /home/ubuntu/autocert_ws/install/autocert_interfaces/lib/python3.12/site-packages/autocert_interfaces/srv/_sample_workspace_s.c
[57.206s] -- Up-to-date symlink: /home/ubuntu/autocert_ws/install/autocert_interfaces/lib/python3.12/site-packages/autocert_interfaces/autocert_interfaces_s__rosidl_typesupport_fastrtps_c.so
[57.208s] -- Up-to-date symlink: /home/ubuntu/autocert_ws/install/autocert_interfaces/lib/python3.12/site-packages/autocert_interfaces/autocert_interfaces_s__rosidl_typesupport_introspection_c.so
[57.213s] -- Up-to-date symlink: /home/ubuntu/autocert_ws/install/autocert_interfaces/lib/python3.12/site-packages/autocert_interfaces/autocert_interfaces_s__rosidl_typesupport_c.so
[57.213s] -- Symlinking: /home/ubuntu/autocert_ws/install/autocert_interfaces/share/autocert_interfaces/msg/PoseMeasurement.idl
[57.274s] -- Symlinking: /home/ubuntu/autocert_ws/install/autocert_interfaces/share/autocert_interfaces/srv/BatchFK.idl
[57.329s] -- Symlinking: /home/ubuntu/autocert_ws/install/autocert_interfaces/share/autocert_interfaces/srv/GetJointLimits.idl
[57.395s] -- Symlinking: /home/ubuntu/autocert_ws/install/autocert_interfaces/share/autocert_interfaces/srv/GetRobotInfo.idl
[57.451s] -- Symlinking: /home/ubuntu/autocert_ws/install/autocert_interfaces/share/autocert_interfaces/srv/CheckCollision.idl
[57.508s] -- Symlinking: /home/ubuntu/autocert_ws/install/autocert_interfaces/share/autocert_interfaces/srv/SampleWorkspace.idl
[57.564s] -- Symlinking: /home/ubuntu/autocert_ws/install/autocert_interfaces/share/autocert_interfaces/msg/PoseMeasurement.msg
[57.615s] -- Symlinking: /home/ubuntu/autocert_ws/install/autocert_interfaces/share/autocert_interfaces/srv/BatchFK.srv
[57.674s] -- Symlinking: /home/ubuntu/autocert_ws/install/autocert_interfaces/share/autocert_interfaces/srv/GetJointLimits.srv
[57.730s] -- Symlinking: /home/ubuntu/autocert_ws/install/autocert_interfaces/share/autocert_interfaces/srv/GetRobotInfo.srv
[57.784s] -- Symlinking: /home/ubuntu/autocert_ws/install/autocert_interfaces/share/autocert_interfaces/srv/CheckCollision.srv
[57.841s] -- Symlinking: /home/ubuntu/autocert_ws/install/autocert_interfaces/share/autocert_interfaces/srv/SampleWorkspace.srv
[57.900s] -- Symlinking: /home/ubuntu/autocert_ws/install/autocert_interfaces/share/ament_index/resource_index/package_run_dependencies/autocert_interfaces
[57.964s] -- Symlinking: /home/ubuntu/autocert_ws/install/autocert_interfaces/share/ament_index/resource_index/parent_prefix_path/autocert_interfaces
[58.026s] -- Symlinking: /home/ubuntu/autocert_ws/install/autocert_interfaces/share/autocert_interfaces/environment/ament_prefix_path.sh
[58.089s] -- Symlinking: /home/ubuntu/autocert_ws/install/autocert_interfaces/share/autocert_interfaces/environment/ament_prefix_path.dsv
[58.145s] -- Symlinking: /home/ubuntu/autocert_ws/install/autocert_interfaces/share/autocert_interfaces/environment/path.sh
[58.200s] -- Symlinking: /home/ubuntu/autocert_ws/install/autocert_interfaces/share/autocert_interfaces/environment/path.dsv
[58.256s] -- Symlinking: /home/ubuntu/autocert_ws/install/autocert_interfaces/share/autocert_interfaces/local_setup.bash
[58.314s] -- Symlinking: /home/ubuntu/autocert_ws/install/autocert_interfaces/share/autocert_interfaces/local_setup.sh
[58.375s] -- Symlinking: /home/ubuntu/autocert_ws/install/autocert_interfaces/share/autocert_interfaces/local_setup.zsh
[58.443s] -- Symlinking: /home/ubuntu/autocert_ws/install/autocert_interfaces/share/autocert_interfaces/local_setup.dsv
[58.499s] -- Symlinking: /home/ubuntu/autocert_ws/install/autocert_interfaces/share/autocert_interfaces/package.dsv
[58.572s] -- Symlinking: /home/ubuntu/autocert_ws/install/autocert_interfaces/share/ament_index/resource_index/packages/autocert_interfaces
[58.632s] -- Symlinking: /home/ubuntu/autocert_ws/install/autocert_interfaces/share/autocert_interfaces/cmake/rosidl_cmake-extras.cmake
[58.691s] -- Symlinking: /home/ubuntu/autocert_ws/install/autocert_interfaces/share/autocert_interfaces/cmake/ament_cmake_export_dependencies-extras.cmake
[58.751s] -- Symlinking: /home/ubuntu/autocert_ws/install/autocert_interfaces/share/autocert_interfaces/cmake/ament_cmake_export_include_directories-extras.cmake
[58.804s] -- Symlinking: /home/ubuntu/autocert_ws/install/autocert_interfaces/share/autocert_interfaces/cmake/ament_cmake_export_libraries-extras.cmake
[58.862s] -- Symlinking: /home/ubuntu/autocert_ws/install/autocert_interfaces/share/autocert_interfaces/cmake/ament_cmake_export_targets-extras.cmake
[58.921s] -- Symlinking: /home/ubuntu/autocert_ws/install/autocert_interfaces/share/autocert_interfaces/cmake/rosidl_cmake_export_typesupport_targets-extras.cmake
[58.977s] -- Symlinking: /home/ubuntu/autocert_ws/install/autocert_interfaces/share/autocert_interfaces/cmake/rosidl_cmake_export_typesupport_libraries-extras.cmake
[59.043s] -- Symlinking: /home/ubuntu/autocert_ws/install/autocert_interfaces/share/autocert_interfaces/cmake/autocert_interfacesConfig.cmake
[59.099s] -- Symlinking: /home/ubuntu/autocert_ws/install/autocert_interfaces/share/autocert_interfaces/cmake/autocert_interfacesConfig-version.cmake
[59.159s] -- Symlinking: /home/ubuntu/autocert_ws/install/autocert_interfaces/share/autocert_interfaces/package.xml
[59.250s] -- Installing: /home/ubuntu/autocert_ws/install/autocert_interfaces/lib/libautocert_interfaces__rosidl_generator_c.so
[59.253s] -- Set non-toolchain portion of runtime path of "/home/ubuntu/autocert_ws/install/autocert_interfaces/lib/libautocert_interfaces__rosidl_generator_c.so" to ""
[59.256s] -- Installing: /home/ubuntu/autocert_ws/install/autocert_interfaces/lib/libautocert_interfaces__rosidl_typesupport_fastrtps_c.so
[59.267s] -- Set non-toolchain portion of runtime path of "/home/ubuntu/autocert_ws/install/autocert_interfaces/lib/libautocert_interfaces__rosidl_typesupport_fastrtps_c.so" to ""
[59.268s] -- Installing: /home/ubuntu/autocert_ws/install/autocert_interfaces/lib/libautocert_interfaces__rosidl_typesupport_introspection_c.so
[59.268s] -- Set non-toolchain portion of runtime path of "/home/ubuntu/autocert_ws/install/autocert_interfaces/lib/libautocert_interfaces__rosidl_typesupport_introspection_c.so" to ""
[59.269s] -- Installing: /home/ubuntu/autocert_ws/install/autocert_interfaces/lib/libautocert_interfaces__rosidl_typesupport_c.so
[59.271s] -- Set non-toolchain portion of runtime path of "/home/ubuntu/autocert_ws/install/autocert_interfaces/lib/libautocert_interfaces__rosidl_typesupport_c.so" to ""
[59.273s] -- Installing: /home/ubuntu/autocert_ws/install/autocert_interfaces/lib/libautocert_interfaces__rosidl_typesupport_fastrtps_cpp.so
[59.284s] -- Set non-toolchain portion of runtime path of "/home/ubuntu/autocert_ws/install/autocert_interfaces/lib/libautocert_interfaces__rosidl_typesupport_fastrtps_cpp.so" to ""
[59.285s] -- Installing: /home/ubuntu/autocert_ws/install/autocert_interfaces/lib/libautocert_interfaces__rosidl_typesupport_introspection_cpp.so
[59.300s] -- Set non-toolchain portion of runtime path of "/home/ubuntu/autocert_ws/install/autocert_interfaces/lib/libautocert_interfaces__rosidl_typesupport_introspection_cpp.so" to ""
[59.300s] -- Installing: /home/ubuntu/autocert_ws/install/autocert_interfaces/lib/libautocert_interfaces__rosidl_typesupport_cpp.so
[59.312s] -- Set non-toolchain portion of runtime path of "/home/ubuntu/autocert_ws/install/autocert_interfaces/lib/libautocert_interfaces__rosidl_typesupport_cpp.so" to ""
[59.583s] Listing '/home/ubuntu/autocert_ws/install/autocert_interfaces/lib/python3.12/site-packages/autocert_interfaces'...
[59.583s] Compiling '/home/ubuntu/autocert_ws/install/autocert_interfaces/lib/python3.12/site-packages/autocert_interfaces/__init__.py'...
[59.584s] Listing '/home/ubuntu/autocert_ws/install/autocert_interfaces/lib/python3.12/site-packages/autocert_interfaces/msg'...
[59.584s] Compiling '/home/ubuntu/autocert_ws/install/autocert_interfaces/lib/python3.12/site-packages/autocert_interfaces/msg/__init__.py'...
[59.584s] Compiling '/home/ubuntu/autocert_ws/install/autocert_interfaces/lib/python3.12/site-packages/autocert_interfaces/msg/_pose_measurement.py'...
[59.585s] Listing '/home/ubuntu/autocert_ws/install/autocert_interfaces/lib/python3.12/site-packages/autocert_interfaces/srv'...
[59.585s] Compiling '/home/ubuntu/autocert_ws/install/autocert_interfaces/lib/python3.12/site-packages/autocert_interfaces/srv/__init__.py'...
[59.585s] Compiling '/home/ubuntu/autocert_ws/install/autocert_interfaces/lib/python3.12/site-packages/autocert_interfaces/srv/_batch_fk.py'...
[59.585s] Compiling '/home/ubuntu/autocert_ws/install/autocert_interfaces/lib/python3.12/site-packages/autocert_interfaces/srv/_check_collision.py'...
[59.586s] Compiling '/home/ubuntu/autocert_ws/install/autocert_interfaces/lib/python3.12/site-packages/autocert_interfaces/srv/_get_joint_limits.py'...
[59.586s] Compiling '/home/ubuntu/autocert_ws/install/autocert_interfaces/lib/python3.12/site-packages/autocert_interfaces/srv/_get_robot_info.py'...
[59.586s] Compiling '/home/ubuntu/autocert_ws/install/autocert_interfaces/lib/python3.12/site-packages/autocert_interfaces/srv/_sample_workspace.py'...
[59.613s] -- Installing: /home/ubuntu/autocert_ws/install/autocert_interfaces/lib/libautocert_interfaces__rosidl_generator_py.so
[59.617s] -- Set non-toolchain portion of runtime path of "/home/ubuntu/autocert_ws/install/autocert_interfaces/lib/libautocert_interfaces__rosidl_generator_py.so" to ""
[59.618s] -- Installing: /home/ubuntu/autocert_ws/install/autocert_interfaces/share/autocert_interfaces/cmake/export_autocert_interfaces__rosidl_generator_cExport.cmake
[59.620s] -- Installing: /home/ubuntu/autocert_ws/install/autocert_interfaces/share/autocert_interfaces/cmake/export_autocert_interfaces__rosidl_generator_cExport-noconfig.cmake
[59.621s] -- Installing: /home/ubuntu/autocert_ws/install/autocert_interfaces/share/autocert_interfaces/cmake/export_autocert_interfaces__rosidl_typesupport_fastrtps_cExport.cmake
[59.624s] -- Installing: /home/ubuntu/autocert_ws/install/autocert_interfaces/share/autocert_interfaces/cmake/export_autocert_interfaces__rosidl_typesupport_fastrtps_cExport-noconfig.cmake
[59.625s] -- Installing: /home/ubuntu/autocert_ws/install/autocert_interfaces/share/autocert_interfaces/cmake/autocert_interfaces__rosidl_typesupport_introspection_cExport.cmake
[59.627s] -- Installing: /home/ubuntu/autocert_ws/install/autocert_interfaces/share/autocert_interfaces/cmake/autocert_interfaces__rosidl_typesupport_introspection_cExport-noconfig.cmake
[59.631s] -- Installing: /home/ubuntu/autocert_ws/install/autocert_interfaces/share/autocert_interfaces/cmake/autocert_interfaces__rosidl_typesupport_cExport.cmake
[59.649s] -- Installing: /home/ubuntu/autocert_ws/install/autocert_interfaces/share/autocert_interfaces/cmake/autocert_interfaces__rosidl_typesupport_cExport-noconfig.cmake
[59.650s] -- Installing: /home/ubuntu/autocert_ws/install/autocert_interfaces/share/autocert_interfaces/cmake/export_autocert_interfaces__rosidl_generator_cppExport.cmake
[59.651s] -- Installing: /home/ubuntu/autocert_ws/install/autocert_interfaces/share/autocert_interfaces/cmake/export_autocert_interfaces__rosidl_typesupport_fastrtps_cppExport.cmake
[59.652s] -- Installing: /home/ubuntu/autocert_ws/install/autocert_interfaces/share/autocert_interfaces/cmake/export_autocert_interfaces__rosidl_typesupport_fastrtps_cppExport-noconfig.cmake
[59.654s] -- Installing: /home/ubuntu/autocert_ws/install/autocert_interfaces/share/autocert_interfaces/cmake/autocert_interfaces__rosidl_typesupport_introspection_cppExport.cmake
[59.656s] -- Installing: /home/ubuntu/autocert_ws/install/autocert_interfaces/share/autocert_interfaces/cmake/autocert_interfaces__rosidl_typesupport_introspection_cppExport-noconfig.cmake
[59.658s] -- Installing: /home/ubuntu/autocert_ws/install/autocert_interfaces/share/autocert_interfaces/cmake/autocert_interfaces__rosidl_typesupport_cppExport.cmake
[59.659s] -- Installing: /home/ubuntu/autocert_ws/install/autocert_interfaces/share/autocert_interfaces/cmake/autocert_interfaces__rosidl_typesupport_cppExport-noconfig.cmake
[59.661s] -- Installing: /home/ubuntu/autocert_ws/install/autocert_interfaces/share/autocert_interfaces/cmake/export_autocert_interfaces__rosidl_generator_pyExport.cmake
[59.662s] -- Installing: /home/ubuntu/autocert_ws/install/autocert_interfaces/share/autocert_interfaces/cmake/export_autocert_interfaces__rosidl_generator_pyExport-noconfig.cmake
[59.681s] Invoked command in '/home/ubuntu/autocert_ws/build/autocert_interfaces' returned '0': CMAKE_PREFIX_PATH=${CMAKE_PREFIX_PATH}:/home/ubuntu/autocert_ws/install/autocert_experiment:/home/ubuntu/autocert_ws/install/autocert_python:/home/ubuntu/autocert_ws/install/autocert_pipeline:/home/ubuntu/autocert_ws/install/autocert_evaluation:/home/ubuntu/autocert_ws/install/autocert_certification:/opt/ros/jazzy /usr/bin/cmake --install /home/ubuntu/autocert_ws/build/autocert_interfaces
