In file included from [01m[K/home/ubuntu/autocert_ws/src/autocert_core/include/autocert_core/collision_checker.hpp:4[m[K,
                 from [01m[K/home/ubuntu/autocert_ws/src/autocert_core/src/collision_checker.cpp:1[m[K:
[01m[K/opt/ros/jazzy/include/moveit_core/moveit/planning_scene/planning_scene.h:50:77:[m[K [01;36m[Knote: [m[K‘[01m[K#pragma message: .h header is obsolete. Please use the .hpp header instead.[m[K’
   50 | #pragma message(".h header is obsolete. Please use the .hpp header instead."[01;36m[K)[m[K
      |                                                                             [01;36m[K^[m[K
In file included from [01m[K/home/ubuntu/autocert_ws/src/autocert_core/src/collision_checker.cpp:2[m[K:
[01m[K/opt/ros/jazzy/include/moveit_core/moveit/robot_state/robot_state.h:51:77:[m[K [01;36m[Knote: [m[K‘[01m[K#pragma message: .h header is obsolete. Please use the .hpp header instead.[m[K’
   51 | #pragma message(".h header is obsolete. Please use the .hpp header instead."[01;36m[K)[m[K
      |                                                                             [01;36m[K^[m[K
In file included from [01m[K/home/ubuntu/autocert_ws/src/autocert_core/src/workspace_sampler.cpp:2[m[K:
[01m[K/opt/ros/jazzy/include/moveit_core/moveit/robot_state/conversions.h:50:77:[m[K [01;36m[Knote: [m[K‘[01m[K#pragma message: .h header is obsolete. Please use the .hpp header instead.[m[K’
   50 |  use the .hpp header instead."[01;36m[K)[m[K
      |                               [01;36m[K^[m[K

In file included from [01m[K/opt/ros/jazzy/include/rclcpp/rclcpp/logging.hpp:24[m[K,
                 from [01m[K/opt/ros/jazzy/include/rclcpp/rclcpp/copy_all_parameter_values.hpp:27[m[K,
                 from [01m[K/opt/ros/jazzy/include/rclcpp/rclcpp/rclcpp.hpp:171[m[K,
                 from [01m[K/home/ubuntu/autocert_ws/src/autocert_core/include/autocert_core/workspace_sampler.hpp:4[m[K,
                 from [01m[K/home/ubuntu/autocert_ws/src/autocert_core/src/workspace_sampler.cpp:1[m[K:
[01m[K/home/ubuntu/autocert_ws/src/autocert_core/src/workspace_sampler.cpp:[m[K In member function ‘[01m[Kvoid autocert_core::WorkspaceSampler::[01;32m[KsetPlanningGroup[m[K(const std::string&)[m[K’:
[01m[K/home/ubuntu/autocert_ws/src/autocert_core/src/workspace_sampler.cpp:120:5:[m[K [01;35m[Kwarning: [m[Kformat ‘[01m[K%llu[m[K’ expects argument of type ‘[01m[Klong long unsigned int[m[K’, but argument 6 has type ‘[01m[Kstd::__atomic_base<long unsigned int>::__int_type[m[K’ {aka ‘[01m[Klong unsigned int[m[K’} [[01;35m[K]8;;https://gcc.gnu.org/onlinedocs/gcc/Warning-Options.html#index-Wformat=-Wformat=]8;;[m[K]
  120 |     [01;35m[K"Switched to planning group: %s (version: %llu)"[m[K,
      |     [01;35m[K^~~~~~~~~~~~~~~~~~~~~~~~~~~~~~~~~~~~~~~~~~~~~~~~[m[K
  121 |     group_name.c_str(), [32m[Kstate_version_.load()[m[K);
      |                         [32m[K~~~~~~~~~~~~~~~~~~~~~[m[K
      |                                            [32m[K|[m[K
      |                                            [32m[Kstd::__atomic_base<long unsigned int>::__int_type {aka long unsigned int}[m[K
[01m[K/home/ubuntu/autocert_ws/src/autocert_core/src/workspace_sampler.cpp:120:50:[m[K [01;36m[Knote: [m[Kformat string is defined here
  120 | ing group: %s (version: [01;36m[K%llu[m[K)",
      |                         [01;36m[K~~~^[m[K
      |                            [01;36m[K|[m[K
      |                            [01;36m[Klong long unsigned int[m[K
      |                         [32m[K%lu[m[K
