[0.064s] Invoking command in '/home/ubuntu/autocert_ws/build/autocert_core': CMAKE_PREFIX_PATH=/home/ubuntu/autocert_ws/install/autocert_interfaces:/home/ubuntu/autocert_ws/install/autocert_examples:/home/ubuntu/autocert_ws/install/autocert_launch:/home/ubuntu/autocert_ws/install/autocert_core:/opt/ros/jazzy/opt/gz_sim_vendor:/opt/ros/jazzy/opt/gz_sensors_vendor:/opt/ros/jazzy/opt/gz_physics_vendor:/opt/ros/jazzy/opt/sdformat_vendor:/opt/ros/jazzy/opt/gz_gui_vendor:/opt/ros/jazzy/opt/gz_transport_vendor:/opt/ros/jazzy/opt/gz_rendering_vendor:/opt/ros/jazzy/opt/gz_plugin_vendor:/opt/ros/jazzy/opt/gz_fuel_tools_vendor:/opt/ros/jazzy/opt/gz_msgs_vendor:/opt/ros/jazzy/opt/gz_common_vendor:/opt/ros/jazzy/opt/gz_math_vendor:/opt/ros/jazzy/opt/gz_utils_vendor:/opt/ros/jazzy/opt/gz_tools_vendor:/opt/ros/jazzy/opt/gz_ogre_next_vendor:/opt/ros/jazzy/opt/gz_dartsim_vendor:/opt/ros/jazzy/opt/gz_cmake_vendor:/home/ubuntu/autocert_ws/install/autocert_experiment:/home/ubuntu/autocert_ws/install/autocert_python:/home/ubuntu/autocert_ws/install/autocert_pipeline:/home/ubuntu/autocert_ws/install/autocert_evaluation:/home/ubuntu/autocert_ws/install/autocert_certification:/opt/ros/jazzy LD_LIBRARY_PATH=/home/ubuntu/autocert_ws/install/autocert_interfaces/lib:/home/ubuntu/autocert_ws/install/autocert_core/lib:/opt/ros/jazzy/opt/gz_sim_vendor/lib:/opt/ros/jazzy/opt/gz_sensors_vendor/lib:/opt/ros/jazzy/opt/gz_physics_vendor/lib:/opt/ros/jazzy/opt/sdformat_vendor/lib:/opt/ros/jazzy/opt/rviz_ogre_vendor/lib:/opt/ros/jazzy/lib/x86_64-linux-gnu:/opt/ros/jazzy/opt/gz_gui_vendor/lib:/opt/ros/jazzy/opt/gz_transport_vendor/lib:/opt/ros/jazzy/opt/gz_rendering_vendor/lib:/opt/ros/jazzy/opt/gz_plugin_vendor/lib:/opt/ros/jazzy/opt/gz_fuel_tools_vendor/lib:/opt/ros/jazzy/opt/gz_msgs_vendor/lib:/opt/ros/jazzy/opt/gz_common_vendor/lib:/opt/ros/jazzy/opt/gz_math_vendor/lib:/opt/ros/jazzy/opt/gz_utils_vendor/lib:/opt/ros/jazzy/opt/gz_tools_vendor/lib:/opt/ros/jazzy/opt/gz_ogre_next_vendor/lib:/opt/ros/jazzy/opt/gz_dartsim_vendor/lib:/opt/ros/jazzy/opt/gz_cmake_vendor/lib:/opt/ros/jazzy/lib PYTHONPATH=/home/ubuntu/autocert_ws/install/autocert_interfaces/lib/python3.12/site-packages:/home/ubuntu/autocert_ws/build/autocert_experiment:/home/ubuntu/autocert_ws/install/autocert_experiment/lib/python3.12/site-packages:/home/ubuntu/autocert_ws/build/autocert_python:/home/ubuntu/autocert_ws/install/autocert_python/lib/python3.12/site-packages:/home/ubuntu/autocert_ws/build/autocert_pipeline:/home/ubuntu/autocert_ws/install/autocert_pipeline/lib/python3.12/site-packages:/home/ubuntu/autocert_ws/build/autocert_evaluation:/home/ubuntu/autocert_ws/install/autocert_evaluation/lib/python3.12/site-packages:/home/ubuntu/autocert_ws/build/autocert_certification:/home/ubuntu/autocert_ws/install/autocert_certification/lib/python3.12/site-packages:/opt/ros/jazzy/lib/python3.12/site-packages /usr/bin/cmake /home/ubuntu/autocert_ws/src/autocert_core -DAMENT_CMAKE_SYMLINK_INSTALL=1 -DCMAKE_INSTALL_PREFIX=/home/ubuntu/autocert_ws/install/autocert_core
[0.323s] -- The C compiler identification is GNU 13.3.0
[0.590s] -- The CXX compiler identification is GNU 13.3.0
[0.684s] -- Detecting C compiler ABI info
[1.227s] -- Detecting C compiler ABI info - done
[1.257s] -- Check for working C compiler: /usr/bin/cc - skipped
[1.258s] -- Detecting C compile features
[1.260s] -- Detecting C compile features - done
[1.312s] -- Detecting CXX compiler ABI info
[1.845s] -- Detecting CXX compiler ABI info - done
[1.876s] -- Check for working CXX compiler: /usr/bin/c++ - skipped
[1.877s] -- Detecting CXX compile features
[1.878s] -- Detecting CXX compile features - done
[1.937s] -- Found ament_cmake: 2.5.5 (/opt/ros/jazzy/share/ament_cmake/cmake)
[2.863s] -- Found Python3: /usr/bin/python3 (found version "3.12.3") found components: Interpreter 
[3.162s] -- Override CMake install command with custom implementation using symlinks instead of copying resources
[3.874s] -- Found rclcpp: 28.1.16 (/opt/ros/jazzy/share/rclcpp/cmake)
[4.743s] -- Found rosidl_generator_c: 4.6.7 (/opt/ros/jazzy/share/rosidl_generator_c/cmake)
[4.996s] -- Found rosidl_generator_cpp: 4.6.7 (/opt/ros/jazzy/share/rosidl_generator_cpp/cmake)
[5.208s] -- Using all available rosidl_typesupport_c: rosidl_typesupport_fastrtps_c;rosidl_typesupport_introspection_c
[5.457s] -- Using all available rosidl_typesupport_cpp: rosidl_typesupport_fastrtps_cpp;rosidl_typesupport_introspection_cpp
[6.617s] -- Found rmw_implementation_cmake: 7.3.3 (/opt/ros/jazzy/share/rmw_implementation_cmake/cmake)
[6.693s] -- Found rmw_fastrtps_cpp: 8.4.3 (/opt/ros/jazzy/share/rmw_fastrtps_cpp/cmake)
[7.760s] -- Found OpenSSL: /usr/lib/x86_64-linux-gnu/libcrypto.so (found version "3.0.13")  
[7.983s] -- Found FastRTPS: /opt/ros/jazzy/include (Required is at least version "2.13") 
[8.163s] -- Using RMW implementation 'rmw_fastrtps_cpp' as default
[9.160s] -- Found moveit_ros_planning: 2.12.4 (/opt/ros/jazzy/share/moveit_ros_planning/cmake)
[10.757s] -- Found Boost: /usr/lib/x86_64-linux-gnu/cmake/Boost-1.83.0/BoostConfig.cmake (found version "1.83.0") found components: system filesystem date_time program_options thread chrono 
[11.135s] -- Found parameter_traits: 0.6.0 (/opt/ros/jazzy/share/parameter_traits/cmake)
[11.425s] -- Found rclcpp_lifecycle: 28.1.16 (/opt/ros/jazzy/share/rclcpp_lifecycle/cmake)
[12.189s] -- Found Boost: /usr/lib/x86_64-linux-gnu/cmake/Boost-1.83.0/BoostConfig.cmake (found version "1.83.0") found components: chrono date_time filesystem iostreams program_options regex serialization system thread 
[12.969s] -- Found Boost: /usr/lib/x86_64-linux-gnu/cmake/Boost-1.83.0/BoostConfig.cmake (found version "1.83.0") found components: filesystem 
[14.226s] -- Found Eigen3: TRUE (found version "3.4.0") 
[14.226s] -- Ensuring Eigen3 include directory is part of orocos-kdl CMake target
[17.270s] -- Found autocert_interfaces: 0.0.0 (/home/ubuntu/autocert_ws/install/autocert_interfaces/share/autocert_interfaces/cmake)
[17.539s] -- Found ament_lint_auto: 0.17.4 (/opt/ros/jazzy/share/ament_lint_auto/cmake)
[18.526s] -- Added test 'copyright' to check source files copyright and LICENSE
[18.542s] -- Added test 'cppcheck' to perform static code analysis on C / C++ code
[18.543s] -- Configured cppcheck include dirs: $<BUILD_INTERFACE:/home/ubuntu/autocert_ws/src/autocert_core/include>
[18.544s] -- Configured cppcheck exclude dirs and/or files: 
[18.557s] -- Added test 'cpplint' to check C / C++ code against the Google style
[18.557s] -- Configured cpplint exclude dirs and/or files: 
[18.567s] -- Added test 'lint_cmake' to check CMake code style
[18.583s] -- Added test 'uncrustify' to check C / C++ code style
[18.583s] -- Configured uncrustify additional arguments: 
[18.591s] -- Added test 'xmllint' to check XML markup files
[18.631s] -- Configuring done (18.5s)
[18.976s] -- Generating done (0.2s)
[19.020s] -- Build files have been written to: /home/ubuntu/autocert_ws/build/autocert_core
[19.099s] Invoked command in '/home/ubuntu/autocert_ws/build/autocert_core' returned '0': CMAKE_PREFIX_PATH=/home/ubuntu/autocert_ws/install/autocert_interfaces:/home/ubuntu/autocert_ws/install/autocert_examples:/home/ubuntu/autocert_ws/install/autocert_launch:/home/ubuntu/autocert_ws/install/autocert_core:/opt/ros/jazzy/opt/gz_sim_vendor:/opt/ros/jazzy/opt/gz_sensors_vendor:/opt/ros/jazzy/opt/gz_physics_vendor:/opt/ros/jazzy/opt/sdformat_vendor:/opt/ros/jazzy/opt/gz_gui_vendor:/opt/ros/jazzy/opt/gz_transport_vendor:/opt/ros/jazzy/opt/gz_rendering_vendor:/opt/ros/jazzy/opt/gz_plugin_vendor:/opt/ros/jazzy/opt/gz_fuel_tools_vendor:/opt/ros/jazzy/opt/gz_msgs_vendor:/opt/ros/jazzy/opt/gz_common_vendor:/opt/ros/jazzy/opt/gz_math_vendor:/opt/ros/jazzy/opt/gz_utils_vendor:/opt/ros/jazzy/opt/gz_tools_vendor:/opt/ros/jazzy/opt/gz_ogre_next_vendor:/opt/ros/jazzy/opt/gz_dartsim_vendor:/opt/ros/jazzy/opt/gz_cmake_vendor:/home/ubuntu/autocert_ws/install/autocert_experiment:/home/ubuntu/autocert_ws/install/autocert_python:/home/ubuntu/autocert_ws/install/autocert_pipeline:/home/ubuntu/autocert_ws/install/autocert_evaluation:/home/ubuntu/autocert_ws/install/autocert_certification:/opt/ros/jazzy LD_LIBRARY_PATH=/home/ubuntu/autocert_ws/install/autocert_interfaces/lib:/home/ubuntu/autocert_ws/install/autocert_core/lib:/opt/ros/jazzy/opt/gz_sim_vendor/lib:/opt/ros/jazzy/opt/gz_sensors_vendor/lib:/opt/ros/jazzy/opt/gz_physics_vendor/lib:/opt/ros/jazzy/opt/sdformat_vendor/lib:/opt/ros/jazzy/opt/rviz_ogre_vendor/lib:/opt/ros/jazzy/lib/x86_64-linux-gnu:/opt/ros/jazzy/opt/gz_gui_vendor/lib:/opt/ros/jazzy/opt/gz_transport_vendor/lib:/opt/ros/jazzy/opt/gz_rendering_vendor/lib:/opt/ros/jazzy/opt/gz_plugin_vendor/lib:/opt/ros/jazzy/opt/gz_fuel_tools_vendor/lib:/opt/ros/jazzy/opt/gz_msgs_vendor/lib:/opt/ros/jazzy/opt/gz_common_vendor/lib:/opt/ros/jazzy/opt/gz_math_vendor/lib:/opt/ros/jazzy/opt/gz_utils_vendor/lib:/opt/ros/jazzy/opt/gz_tools_vendor/lib:/opt/ros/jazzy/opt/gz_ogre_next_vendor/lib:/opt/ros/jazzy/opt/gz_dartsim_vendor/lib:/opt/ros/jazzy/opt/gz_cmake_vendor/lib:/opt/ros/jazzy/lib PYTHONPATH=/home/ubuntu/autocert_ws/install/autocert_interfaces/lib/python3.12/site-packages:/home/ubuntu/autocert_ws/build/autocert_experiment:/home/ubuntu/autocert_ws/install/autocert_experiment/lib/python3.12/site-packages:/home/ubuntu/autocert_ws/build/autocert_python:/home/ubuntu/autocert_ws/install/autocert_python/lib/python3.12/site-packages:/home/ubuntu/autocert_ws/build/autocert_pipeline:/home/ubuntu/autocert_ws/install/autocert_pipeline/lib/python3.12/site-packages:/home/ubuntu/autocert_ws/build/autocert_evaluation:/home/ubuntu/autocert_ws/install/autocert_evaluation/lib/python3.12/site-packages:/home/ubuntu/autocert_ws/build/autocert_certification:/home/ubuntu/autocert_ws/install/autocert_certification/lib/python3.12/site-packages:/opt/ros/jazzy/lib/python3.12/site-packages /usr/bin/cmake /home/ubuntu/autocert_ws/src/autocert_core -DAMENT_CMAKE_SYMLINK_INSTALL=1 -DCMAKE_INSTALL_PREFIX=/home/ubuntu/autocert_ws/install/autocert_core
[19.110s] Invoking command in '/home/ubuntu/autocert_ws/build/autocert_core': CMAKE_PREFIX_PATH=/home/ubuntu/autocert_ws/install/autocert_interfaces:/home/ubuntu/autocert_ws/install/autocert_examples:/home/ubuntu/autocert_ws/install/autocert_launch:/home/ubuntu/autocert_ws/install/autocert_core:/opt/ros/jazzy/opt/gz_sim_vendor:/opt/ros/jazzy/opt/gz_sensors_vendor:/opt/ros/jazzy/opt/gz_physics_vendor:/opt/ros/jazzy/opt/sdformat_vendor:/opt/ros/jazzy/opt/gz_gui_vendor:/opt/ros/jazzy/opt/gz_transport_vendor:/opt/ros/jazzy/opt/gz_rendering_vendor:/opt/ros/jazzy/opt/gz_plugin_vendor:/opt/ros/jazzy/opt/gz_fuel_tools_vendor:/opt/ros/jazzy/opt/gz_msgs_vendor:/opt/ros/jazzy/opt/gz_common_vendor:/opt/ros/jazzy/opt/gz_math_vendor:/opt/ros/jazzy/opt/gz_utils_vendor:/opt/ros/jazzy/opt/gz_tools_vendor:/opt/ros/jazzy/opt/gz_ogre_next_vendor:/opt/ros/jazzy/opt/gz_dartsim_vendor:/opt/ros/jazzy/opt/gz_cmake_vendor:/home/ubuntu/autocert_ws/install/autocert_experiment:/home/ubuntu/autocert_ws/install/autocert_python:/home/ubuntu/autocert_ws/install/autocert_pipeline:/home/ubuntu/autocert_ws/install/autocert_evaluation:/home/ubuntu/autocert_ws/install/autocert_certification:/opt/ros/jazzy LD_LIBRARY_PATH=/home/ubuntu/autocert_ws/install/autocert_interfaces/lib:/home/ubuntu/autocert_ws/install/autocert_core/lib:/opt/ros/jazzy/opt/gz_sim_vendor/lib:/opt/ros/jazzy/opt/gz_sensors_vendor/lib:/opt/ros/jazzy/opt/gz_physics_vendor/lib:/opt/ros/jazzy/opt/sdformat_vendor/lib:/opt/ros/jazzy/opt/rviz_ogre_vendor/lib:/opt/ros/jazzy/lib/x86_64-linux-gnu:/opt/ros/jazzy/opt/gz_gui_vendor/lib:/opt/ros/jazzy/opt/gz_transport_vendor/lib:/opt/ros/jazzy/opt/gz_rendering_vendor/lib:/opt/ros/jazzy/opt/gz_plugin_vendor/lib:/opt/ros/jazzy/opt/gz_fuel_tools_vendor/lib:/opt/ros/jazzy/opt/gz_msgs_vendor/lib:/opt/ros/jazzy/opt/gz_common_vendor/lib:/opt/ros/jazzy/opt/gz_math_vendor/lib:/opt/ros/jazzy/opt/gz_utils_vendor/lib:/opt/ros/jazzy/opt/gz_tools_vendor/lib:/opt/ros/jazzy/opt/gz_ogre_next_vendor/lib:/opt/ros/jazzy/opt/gz_dartsim_vendor/lib:/opt/ros/jazzy/opt/gz_cmake_vendor/lib:/opt/ros/jazzy/lib PYTHONPATH=/home/ubuntu/autocert_ws/install/autocert_interfaces/lib/python3.12/site-packages:/home/ubuntu/autocert_ws/build/autocert_experiment:/home/ubuntu/autocert_ws/install/autocert_experiment/lib/python3.12/site-packages:/home/ubuntu/autocert_ws/build/autocert_python:/home/ubuntu/autocert_ws/install/autocert_python/lib/python3.12/site-packages:/home/ubuntu/autocert_ws/build/autocert_pipeline:/home/ubuntu/autocert_ws/install/autocert_pipeline/lib/python3.12/site-packages:/home/ubuntu/autocert_ws/build/autocert_evaluation:/home/ubuntu/autocert_ws/install/autocert_evaluation/lib/python3.12/site-packages:/home/ubuntu/autocert_ws/build/autocert_certification:/home/ubuntu/autocert_ws/install/autocert_certification/lib/python3.12/site-packages:/opt/ros/jazzy/lib/python3.12/site-packages /usr/bin/cmake --build /home/ubuntu/autocert_ws/build/autocert_core -- -j12 -l12
[19.432s] [ 20%] [32mBuilding CXX object CMakeFiles/autocert_core.dir/src/workspace_sampler.cpp.o[0m
[19.446s] [ 40%] [32mBuilding CXX object CMakeFiles/autocert_core.dir/src/collision_checker.cpp.o[0m
[24.374s] In file included from [01m[K/home/ubuntu/autocert_ws/src/autocert_core/include/autocert_core/collision_checker.hpp:4[m[K,
[24.375s]                  from [01m[K/home/ubuntu/autocert_ws/src/autocert_core/src/collision_checker.cpp:1[m[K:
[24.375s] [01m[K/opt/ros/jazzy/include/moveit_core/moveit/planning_scene/planning_scene.h:50:77:[m[K [01;36m[Knote: [m[K‘[01m[K#pragma message: .h header is obsolete. Please use the .hpp header instead.[m[K’
[24.376s]    50 | #pragma message(".h header is obsolete. Please use the .hpp header instead."[01;36m[K)[m[K
[24.376s]       |                                                                             [01;36m[K^[m[K
[43.478s] In file included from [01m[K/home/ubuntu/autocert_ws/src/autocert_core/src/collision_checker.cpp:2[m[K:
[43.479s] [01m[K/opt/ros/jazzy/include/moveit_core/moveit/robot_state/robot_state.h:51:77:[m[K [01;36m[Knote: [m[K‘[01m[K#pragma message: .h header is obsolete. Please use the .hpp header instead.[m[K’
[43.479s]    51 | #pragma message(".h header is obsolete. Please use the .hpp header instead."[01;36m[K)[m[K
[43.479s]       |                                                                             [01;36m[K^[m[K
[44.617s] In file included from [01m[K/home/ubuntu/autocert_ws/src/autocert_core/src/workspace_sampler.cpp:2[m[K:
[44.617s] [01m[K/opt/ros/jazzy/include/moveit_core/moveit/robot_state/conversions.h:50:77:[m[K [01;36m[Knote: [m[K‘[01m[K#pragma message: .h header is obsolete. Please use the .hpp header instead.[m[K’
[44.618s]    50 |  use the .hpp header instead."[01;36m[K)[m[K
[44.618s]       |                               [01;36m[K^[m[K
[44.618s] 
[44.727s] In file included from [01m[K/opt/ros/jazzy/include/rclcpp/rclcpp/logging.hpp:24[m[K,
[44.728s]                  from [01m[K/opt/ros/jazzy/include/rclcpp/rclcpp/copy_all_parameter_values.hpp:27[m[K,
[44.728s]                  from [01m[K/opt/ros/jazzy/include/rclcpp/rclcpp/rclcpp.hpp:171[m[K,
[44.728s]                  from [01m[K/home/ubuntu/autocert_ws/src/autocert_core/include/autocert_core/workspace_sampler.hpp:4[m[K,
[44.732s]                  from [01m[K/home/ubuntu/autocert_ws/src/autocert_core/src/workspace_sampler.cpp:1[m[K:
[44.733s] [01m[K/home/ubuntu/autocert_ws/src/autocert_core/src/workspace_sampler.cpp:[m[K In member function ‘[01m[Kvoid autocert_core::WorkspaceSampler::[01;32m[KsetPlanningGroup[m[K(const std::string&)[m[K’:
[44.733s] [01m[K/home/ubuntu/autocert_ws/src/autocert_core/src/workspace_sampler.cpp:120:5:[m[K [01;35m[Kwarning: [m[Kformat ‘[01m[K%llu[m[K’ expects argument of type ‘[01m[Klong long unsigned int[m[K’, but argument 6 has type ‘[01m[Kstd::__atomic_base<long unsigned int>::__int_type[m[K’ {aka ‘[01m[Klong unsigned int[m[K’} [[01;35m[K]8;;https://gcc.gnu.org/onlinedocs/gcc/Warning-Options.html#index-Wformat=-Wformat=]8;;[m[K]
[44.733s]   120 |     [01;35m[K"Switched to planning group: %s (version: %llu)"[m[K,
[44.734s]       |     [01;35m[K^~~~~~~~~~~~~~~~~~~~~~~~~~~~~~~~~~~~~~~~~~~~~~~~[m[K
[44.734s]   121 |     group_name.c_str(), [32m[Kstate_version_.load()[m[K);
[44.739s]       |                         [32m[K~~~~~~~~~~~~~~~~~~~~~[m[K
[44.739s]       |                                            [32m[K|[m[K
[44.741s]       |                                            [32m[Kstd::__atomic_base<long unsigned int>::__int_type {aka long unsigned int}[m[K
[44.742s] [01m[K/home/ubuntu/autocert_ws/src/autocert_core/src/workspace_sampler.cpp:120:50:[m[K [01;36m[Knote: [m[Kformat string is defined here
[44.747s]   120 | ing group: %s (version: [01;36m[K%llu[m[K)",
[44.748s]       |                         [01;36m[K~~~^[m[K
[44.749s]       |                            [01;36m[K|[m[K
[44.749s]       |                            [01;36m[Klong long unsigned int[m[K
[44.750s]       |                         [32m[K%lu[m[K
[60.778s] [ 60%] [32m[1mLinking CXX shared library libautocert_core.so[0m
[62.135s] [ 60%] Built target autocert_core
[62.264s] [ 80%] [32mBuilding CXX object CMakeFiles/batch_fk_server.dir/src/batch_fk_server.cpp.o[0m
[116.935s] [100%] [32m[1mLinking CXX executable batch_fk_server[0m
[119.964s] [100%] Built target batch_fk_server
[120.073s] Invoked command in '/home/ubuntu/autocert_ws/build/autocert_core' returned '0': CMAKE_PREFIX_PATH=/home/ubuntu/autocert_ws/install/autocert_interfaces:/home/ubuntu/autocert_ws/install/autocert_examples:/home/ubuntu/autocert_ws/install/autocert_launch:/home/ubuntu/autocert_ws/install/autocert_core:/opt/ros/jazzy/opt/gz_sim_vendor:/opt/ros/jazzy/opt/gz_sensors_vendor:/opt/ros/jazzy/opt/gz_physics_vendor:/opt/ros/jazzy/opt/sdformat_vendor:/opt/ros/jazzy/opt/gz_gui_vendor:/opt/ros/jazzy/opt/gz_transport_vendor:/opt/ros/jazzy/opt/gz_rendering_vendor:/opt/ros/jazzy/opt/gz_plugin_vendor:/opt/ros/jazzy/opt/gz_fuel_tools_vendor:/opt/ros/jazzy/opt/gz_msgs_vendor:/opt/ros/jazzy/opt/gz_common_vendor:/opt/ros/jazzy/opt/gz_math_vendor:/opt/ros/jazzy/opt/gz_utils_vendor:/opt/ros/jazzy/opt/gz_tools_vendor:/opt/ros/jazzy/opt/gz_ogre_next_vendor:/opt/ros/jazzy/opt/gz_dartsim_vendor:/opt/ros/jazzy/opt/gz_cmake_vendor:/home/ubuntu/autocert_ws/install/autocert_experiment:/home/ubuntu/autocert_ws/install/autocert_python:/home/ubuntu/autocert_ws/install/autocert_pipeline:/home/ubuntu/autocert_ws/install/autocert_evaluation:/home/ubuntu/autocert_ws/install/autocert_certification:/opt/ros/jazzy LD_LIBRARY_PATH=/home/ubuntu/autocert_ws/install/autocert_interfaces/lib:/home/ubuntu/autocert_ws/install/autocert_core/lib:/opt/ros/jazzy/opt/gz_sim_vendor/lib:/opt/ros/jazzy/opt/gz_sensors_vendor/lib:/opt/ros/jazzy/opt/gz_physics_vendor/lib:/opt/ros/jazzy/opt/sdformat_vendor/lib:/opt/ros/jazzy/opt/rviz_ogre_vendor/lib:/opt/ros/jazzy/lib/x86_64-linux-gnu:/opt/ros/jazzy/opt/gz_gui_vendor/lib:/opt/ros/jazzy/opt/gz_transport_vendor/lib:/opt/ros/jazzy/opt/gz_rendering_vendor/lib:/opt/ros/jazzy/opt/gz_plugin_vendor/lib:/opt/ros/jazzy/opt/gz_fuel_tools_vendor/lib:/opt/ros/jazzy/opt/gz_msgs_vendor/lib:/opt/ros/jazzy/opt/gz_common_vendor/lib:/opt/ros/jazzy/opt/gz_math_vendor/lib:/opt/ros/jazzy/opt/gz_utils_vendor/lib:/opt/ros/jazzy/opt/gz_tools_vendor/lib:/opt/ros/jazzy/opt/gz_ogre_next_vendor/lib:/opt/ros/jazzy/opt/gz_dartsim_vendor/lib:/opt/ros/jazzy/opt/gz_cmake_vendor/lib:/opt/ros/jazzy/lib PYTHONPATH=/home/ubuntu/autocert_ws/install/autocert_interfaces/lib/python3.12/site-packages:/home/ubuntu/autocert_ws/build/autocert_experiment:/home/ubuntu/autocert_ws/install/autocert_experiment/lib/python3.12/site-packages:/home/ubuntu/autocert_ws/build/autocert_python:/home/ubuntu/autocert_ws/install/autocert_python/lib/python3.12/site-packages:/home/ubuntu/autocert_ws/build/autocert_pipeline:/home/ubuntu/autocert_ws/install/autocert_pipeline/lib/python3.12/site-packages:/home/ubuntu/autocert_ws/build/autocert_evaluation:/home/ubuntu/autocert_ws/install/autocert_evaluation/lib/python3.12/site-packages:/home/ubuntu/autocert_ws/build/autocert_certification:/home/ubuntu/autocert_ws/install/autocert_certification/lib/python3.12/site-packages:/opt/ros/jazzy/lib/python3.12/site-packages /usr/bin/cmake --build /home/ubuntu/autocert_ws/build/autocert_core -- -j12 -l12
[120.081s] Invoking command in '/home/ubuntu/autocert_ws/build/autocert_core': CMAKE_PREFIX_PATH=/home/ubuntu/autocert_ws/install/autocert_interfaces:/home/ubuntu/autocert_ws/install/autocert_examples:/home/ubuntu/autocert_ws/install/autocert_launch:/home/ubuntu/autocert_ws/install/autocert_core:/opt/ros/jazzy/opt/gz_sim_vendor:/opt/ros/jazzy/opt/gz_sensors_vendor:/opt/ros/jazzy/opt/gz_physics_vendor:/opt/ros/jazzy/opt/sdformat_vendor:/opt/ros/jazzy/opt/gz_gui_vendor:/opt/ros/jazzy/opt/gz_transport_vendor:/opt/ros/jazzy/opt/gz_rendering_vendor:/opt/ros/jazzy/opt/gz_plugin_vendor:/opt/ros/jazzy/opt/gz_fuel_tools_vendor:/opt/ros/jazzy/opt/gz_msgs_vendor:/opt/ros/jazzy/opt/gz_common_vendor:/opt/ros/jazzy/opt/gz_math_vendor:/opt/ros/jazzy/opt/gz_utils_vendor:/opt/ros/jazzy/opt/gz_tools_vendor:/opt/ros/jazzy/opt/gz_ogre_next_vendor:/opt/ros/jazzy/opt/gz_dartsim_vendor:/opt/ros/jazzy/opt/gz_cmake_vendor:/home/ubuntu/autocert_ws/install/autocert_experiment:/home/ubuntu/autocert_ws/install/autocert_python:/home/ubuntu/autocert_ws/install/autocert_pipeline:/home/ubuntu/autocert_ws/install/autocert_evaluation:/home/ubuntu/autocert_ws/install/autocert_certification:/opt/ros/jazzy LD_LIBRARY_PATH=/home/ubuntu/autocert_ws/install/autocert_interfaces/lib:/home/ubuntu/autocert_ws/install/autocert_core/lib:/opt/ros/jazzy/opt/gz_sim_vendor/lib:/opt/ros/jazzy/opt/gz_sensors_vendor/lib:/opt/ros/jazzy/opt/gz_physics_vendor/lib:/opt/ros/jazzy/opt/sdformat_vendor/lib:/opt/ros/jazzy/opt/rviz_ogre_vendor/lib:/opt/ros/jazzy/lib/x86_64-linux-gnu:/opt/ros/jazzy/opt/gz_gui_vendor/lib:/opt/ros/jazzy/opt/gz_transport_vendor/lib:/opt/ros/jazzy/opt/gz_rendering_vendor/lib:/opt/ros/jazzy/opt/gz_plugin_vendor/lib:/opt/ros/jazzy/opt/gz_fuel_tools_vendor/lib:/opt/ros/jazzy/opt/gz_msgs_vendor/lib:/opt/ros/jazzy/opt/gz_common_vendor/lib:/opt/ros/jazzy/opt/gz_math_vendor/lib:/opt/ros/jazzy/opt/gz_utils_vendor/lib:/opt/ros/jazzy/opt/gz_tools_vendor/lib:/opt/ros/jazzy/opt/gz_ogre_next_vendor/lib:/opt/ros/jazzy/opt/gz_dartsim_vendor/lib:/opt/ros/jazzy/opt/gz_cmake_vendor/lib:/opt/ros/jazzy/lib PYTHONPATH=/home/ubuntu/autocert_ws/install/autocert_interfaces/lib/python3.12/site-packages:/home/ubuntu/autocert_ws/build/autocert_experiment:/home/ubuntu/autocert_ws/install/autocert_experiment/lib/python3.12/site-packages:/home/ubuntu/autocert_ws/build/autocert_python:/home/ubuntu/autocert_ws/install/autocert_python/lib/python3.12/site-packages:/home/ubuntu/autocert_ws/build/autocert_pipeline:/home/ubuntu/autocert_ws/install/autocert_pipeline/lib/python3.12/site-packages:/home/ubuntu/autocert_ws/build/autocert_evaluation:/home/ubuntu/autocert_ws/install/autocert_evaluation/lib/python3.12/site-packages:/home/ubuntu/autocert_ws/build/autocert_certification:/home/ubuntu/autocert_ws/install/autocert_certification/lib/python3.12/site-packages:/opt/ros/jazzy/lib/python3.12/site-packages /usr/bin/cmake --install /home/ubuntu/autocert_ws/build/autocert_core
[120.150s] -- Install configuration: ""
[120.151s] -- Execute custom install script
[120.171s] -- Symlinking: /home/ubuntu/autocert_ws/install/autocert_core/include/autocert_core/autocert_core/collision_checker.hpp
[120.244s] -- Symlinking: /home/ubuntu/autocert_ws/install/autocert_core/include/autocert_core/autocert_core/workspace_sampler.hpp
[120.315s] -- Symlinking: /home/ubuntu/autocert_ws/install/autocert_core/share/autocert_core/README.md
[120.367s] -- Symlinking: /home/ubuntu/autocert_ws/install/autocert_core/share/autocert_core/environment/library_path.sh
[120.419s] -- Symlinking: /home/ubuntu/autocert_ws/install/autocert_core/share/autocert_core/environment/library_path.dsv
[120.492s] -- Symlinking: /home/ubuntu/autocert_ws/install/autocert_core/share/ament_index/resource_index/package_run_dependencies/autocert_core
[120.553s] -- Symlinking: /home/ubuntu/autocert_ws/install/autocert_core/share/ament_index/resource_index/parent_prefix_path/autocert_core
[120.612s] -- Symlinking: /home/ubuntu/autocert_ws/install/autocert_core/share/autocert_core/environment/ament_prefix_path.sh
[120.677s] -- Symlinking: /home/ubuntu/autocert_ws/install/autocert_core/share/autocert_core/environment/ament_prefix_path.dsv
[120.738s] -- Symlinking: /home/ubuntu/autocert_ws/install/autocert_core/share/autocert_core/environment/path.sh
[120.788s] -- Symlinking: /home/ubuntu/autocert_ws/install/autocert_core/share/autocert_core/environment/path.dsv
[120.844s] -- Symlinking: /home/ubuntu/autocert_ws/install/autocert_core/share/autocert_core/local_setup.bash
[120.906s] -- Symlinking: /home/ubuntu/autocert_ws/install/autocert_core/share/autocert_core/local_setup.sh
[120.961s] -- Symlinking: /home/ubuntu/autocert_ws/install/autocert_core/share/autocert_core/local_setup.zsh
[121.025s] -- Symlinking: /home/ubuntu/autocert_ws/install/autocert_core/share/autocert_core/local_setup.dsv
[121.097s] -- Symlinking: /home/ubuntu/autocert_ws/install/autocert_core/share/autocert_core/package.dsv
[121.187s] -- Symlinking: /home/ubuntu/autocert_ws/install/autocert_core/share/ament_index/resource_index/packages/autocert_core
[121.297s] -- Symlinking: /home/ubuntu/autocert_ws/install/autocert_core/share/autocert_core/cmake/ament_cmake_export_include_directories-extras.cmake
[121.373s] -- Symlinking: /home/ubuntu/autocert_ws/install/autocert_core/share/autocert_core/cmake/ament_cmake_export_libraries-extras.cmake
[121.468s] -- Symlinking: /home/ubuntu/autocert_ws/install/autocert_core/share/autocert_core/cmake/ament_cmake_export_targets-extras.cmake
[121.554s] -- Symlinking: /home/ubuntu/autocert_ws/install/autocert_core/share/autocert_core/cmake/autocert_coreConfig.cmake
[121.639s] -- Symlinking: /home/ubuntu/autocert_ws/install/autocert_core/share/autocert_core/cmake/autocert_coreConfig-version.cmake
[121.731s] -- Symlinking: /home/ubuntu/autocert_ws/install/autocert_core/share/autocert_core/package.xml
[121.829s] -- Installing: /home/ubuntu/autocert_ws/install/autocert_core/lib/libautocert_core.so
[121.837s] -- Set non-toolchain portion of runtime path of "/home/ubuntu/autocert_ws/install/autocert_core/lib/libautocert_core.so" to ""
[121.841s] -- Installing: /home/ubuntu/autocert_ws/install/autocert_core/lib/autocert_core/batch_fk_server
[121.882s] -- Set non-toolchain portion of runtime path of "/home/ubuntu/autocert_ws/install/autocert_core/lib/autocert_core/batch_fk_server" to ""
[121.882s] -- Installing: /home/ubuntu/autocert_ws/install/autocert_core/share/autocert_core/cmake/export_autocert_coreExport.cmake
[121.884s] -- Installing: /home/ubuntu/autocert_ws/install/autocert_core/share/autocert_core/cmake/export_autocert_coreExport-noconfig.cmake
[121.897s] Invoked command in '/home/ubuntu/autocert_ws/build/autocert_core' returned '0': CMAKE_PREFIX_PATH=/home/ubuntu/autocert_ws/install/autocert_interfaces:/home/ubuntu/autocert_ws/install/autocert_examples:/home/ubuntu/autocert_ws/install/autocert_launch:/home/ubuntu/autocert_ws/install/autocert_core:/opt/ros/jazzy/opt/gz_sim_vendor:/opt/ros/jazzy/opt/gz_sensors_vendor:/opt/ros/jazzy/opt/gz_physics_vendor:/opt/ros/jazzy/opt/sdformat_vendor:/opt/ros/jazzy/opt/gz_gui_vendor:/opt/ros/jazzy/opt/gz_transport_vendor:/opt/ros/jazzy/opt/gz_rendering_vendor:/opt/ros/jazzy/opt/gz_plugin_vendor:/opt/ros/jazzy/opt/gz_fuel_tools_vendor:/opt/ros/jazzy/opt/gz_msgs_vendor:/opt/ros/jazzy/opt/gz_common_vendor:/opt/ros/jazzy/opt/gz_math_vendor:/opt/ros/jazzy/opt/gz_utils_vendor:/opt/ros/jazzy/opt/gz_tools_vendor:/opt/ros/jazzy/opt/gz_ogre_next_vendor:/opt/ros/jazzy/opt/gz_dartsim_vendor:/opt/ros/jazzy/opt/gz_cmake_vendor:/home/ubuntu/autocert_ws/install/autocert_experiment:/home/ubuntu/autocert_ws/install/autocert_python:/home/ubuntu/autocert_ws/install/autocert_pipeline:/home/ubuntu/autocert_ws/install/autocert_evaluation:/home/ubuntu/autocert_ws/install/autocert_certification:/opt/ros/jazzy LD_LIBRARY_PATH=/home/ubuntu/autocert_ws/install/autocert_interfaces/lib:/home/ubuntu/autocert_ws/install/autocert_core/lib:/opt/ros/jazzy/opt/gz_sim_vendor/lib:/opt/ros/jazzy/opt/gz_sensors_vendor/lib:/opt/ros/jazzy/opt/gz_physics_vendor/lib:/opt/ros/jazzy/opt/sdformat_vendor/lib:/opt/ros/jazzy/opt/rviz_ogre_vendor/lib:/opt/ros/jazzy/lib/x86_64-linux-gnu:/opt/ros/jazzy/opt/gz_gui_vendor/lib:/opt/ros/jazzy/opt/gz_transport_vendor/lib:/opt/ros/jazzy/opt/gz_rendering_vendor/lib:/opt/ros/jazzy/opt/gz_plugin_vendor/lib:/opt/ros/jazzy/opt/gz_fuel_tools_vendor/lib:/opt/ros/jazzy/opt/gz_msgs_vendor/lib:/opt/ros/jazzy/opt/gz_common_vendor/lib:/opt/ros/jazzy/opt/gz_math_vendor/lib:/opt/ros/jazzy/opt/gz_utils_vendor/lib:/opt/ros/jazzy/opt/gz_tools_vendor/lib:/opt/ros/jazzy/opt/gz_ogre_next_vendor/lib:/opt/ros/jazzy/opt/gz_dartsim_vendor/lib:/opt/ros/jazzy/opt/gz_cmake_vendor/lib:/opt/ros/jazzy/lib PYTHONPATH=/home/ubuntu/autocert_ws/install/autocert_interfaces/lib/python3.12/site-packages:/home/ubuntu/autocert_ws/build/autocert_experiment:/home/ubuntu/autocert_ws/install/autocert_experiment/lib/python3.12/site-packages:/home/ubuntu/autocert_ws/build/autocert_python:/home/ubuntu/autocert_ws/install/autocert_python/lib/python3.12/site-packages:/home/ubuntu/autocert_ws/build/autocert_pipeline:/home/ubuntu/autocert_ws/install/autocert_pipeline/lib/python3.12/site-packages:/home/ubuntu/autocert_ws/build/autocert_evaluation:/home/ubuntu/autocert_ws/install/autocert_evaluation/lib/python3.12/site-packages:/home/ubuntu/autocert_ws/build/autocert_certification:/home/ubuntu/autocert_ws/install/autocert_certification/lib/python3.12/site-packages:/opt/ros/jazzy/lib/python3.12/site-packages /usr/bin/cmake --install /home/ubuntu/autocert_ws/build/autocert_core
