-- Install configuration: ""
-- Execute custom install script
-- Up-to-date symlink: /home/ubuntu/autocert_ws/install/autocert_examples/share/autocert_examples/config/README.md
-- Up-to-date symlink: /home/ubuntu/autocert_ws/install/autocert_examples/share/autocert_examples/launch/example_sampling.launch.py
-- Up-to-date symlink: /home/ubuntu/autocert_ws/install/autocert_examples/share/autocert_examples/scripts/run_experiment.py
-- Up-to-date symlink: /home/ubuntu/autocert_ws/install/autocert_examples/lib/autocert_examples/run_experiment.py
-- Up-to-date symlink: /home/ubuntu/autocert_ws/install/autocert_examples/share/ament_index/resource_index/package_run_dependencies/autocert_examples
-- Up-to-date symlink: /home/ubuntu/autocert_ws/install/autocert_examples/share/ament_index/resource_index/parent_prefix_path/autocert_examples
-- Up-to-date symlink: /home/ubuntu/autocert_ws/install/autocert_examples/share/autocert_examples/environment/ament_prefix_path.sh
-- Up-to-date symlink: /home/ubuntu/autocert_ws/install/autocert_examples/share/autocert_examples/environment/ament_prefix_path.dsv
-- Up-to-date symlink: /home/ubuntu/autocert_ws/install/autocert_examples/share/autocert_examples/environment/path.sh
-- Up-to-date symlink: /home/ubuntu/autocert_ws/install/autocert_examples/share/autocert_examples/environment/path.dsv
-- Up-to-date symlink: /home/ubuntu/autocert_ws/install/autocert_examples/share/autocert_examples/local_setup.bash
-- Up-to-date symlink: /home/ubuntu/autocert_ws/install/autocert_examples/share/autocert_examples/local_setup.sh
-- Up-to-date symlink: /home/ubuntu/autocert_ws/install/autocert_examples/share/autocert_examples/local_setup.zsh
-- Up-to-date symlink: /home/ubuntu/autocert_ws/install/autocert_examples/share/autocert_examples/local_setup.dsv
-- Symlinking: /home/ubuntu/autocert_ws/install/autocert_examples/share/autocert_examples/package.dsv
-- Up-to-date symlink: /home/ubuntu/autocert_ws/install/autocert_examples/share/ament_index/resource_index/packages/autocert_examples
-- Up-to-date symlink: /home/ubuntu/autocert_ws/install/autocert_examples/share/autocert_examples/cmake/autocert_examplesConfig.cmake
-- Up-to-date symlink: /home/ubuntu/autocert_ws/install/autocert_examples/share/autocert_examples/cmake/autocert_examplesConfig-version.cmake
-- Up-to-date symlink: /home/ubuntu/autocert_ws/install/autocert_examples/share/autocert_examples/package.xml
