running develop
running egg_info
creating autocert_pipeline.egg-info
writing autocert_pipeline.egg-info/PKG-INFO
writing dependency_links to autocert_pipeline.egg-info/dependency_links.txt
writing entry points to autocert_pipeline.egg-info/entry_points.txt
writing requirements to autocert_pipeline.egg-info/requires.txt
writing top-level names to autocert_pipeline.egg-info/top_level.txt
writing manifest file 'autocert_pipeline.egg-info/SOURCES.txt'
reading manifest file 'autocert_pipeline.egg-info/SOURCES.txt'
writing manifest file 'autocert_pipeline.egg-info/SOURCES.txt'
running build_ext
Creating /home/ubuntu/autocert_ws/install/autocert_pipeline/lib/python3.12/site-packages/autocert-pipeline.egg-link (link to .)
Installing pipeline_node script to /home/ubuntu/autocert_ws/install/autocert_pipeline/lib/autocert_pipeline

Installed /home/ubuntu/autocert_ws/build/autocert_pipeline
running symlink_data
creating /home/ubuntu/autocert_ws/install/autocert_pipeline/share/ament_index
creating /home/ubuntu/autocert_ws/install/autocert_pipeline/share/ament_index/resource_index
creating /home/ubuntu/autocert_ws/install/autocert_pipeline/share/ament_index/resource_index/packages
symbolically linking /home/ubuntu/autocert_ws/build/autocert_pipeline/resource/autocert_pipeline -> /home/ubuntu/autocert_ws/install/autocert_pipeline/share/ament_index/resource_index/packages
symbolically linking /home/ubuntu/autocert_ws/build/autocert_pipeline/package.xml -> /home/ubuntu/autocert_ws/install/autocert_pipeline/share/autocert_pipeline
creating /home/ubuntu/autocert_ws/install/autocert_pipeline/share/autocert_pipeline/launch
symbolically linking /home/ubuntu/autocert_ws/build/autocert_pipeline/launch/pipeline.launch.py -> /home/ubuntu/autocert_ws/install/autocert_pipeline/share/autocert_pipeline/launch
creating /home/ubuntu/autocert_ws/install/autocert_pipeline/share/autocert_pipeline/config
symbolically linking /home/ubuntu/autocert_ws/build/autocert_pipeline/config/master_config.yaml -> /home/ubuntu/autocert_ws/install/autocert_pipeline/share/autocert_pipeline/config
